
          -------------------------------------------------------
          Amber 22 PMEMD                              2022
          -------------------------------------------------------

| PMEMD implementation of SANDER, Release 22

|  Compiled date/time: Thu Apr 14 20:06:37 2022
| Run on 07/08/2026 at 14:52:59

|   Executable path: pmemd.MPI
| Working directory: /scratch-small-local/393347.hpc1.hpc
|          Hostname: comp050.hpc

  [-O]verwriting output

File Assignments:
|   MDIN: min10a.in                                                             
|  MDOUT: 10a_min.out                                                           
| INPCRD: complex_solvated.inpcrd                                               
|   PARM: complex_solvated.prmtop                                               
| RESTRT: 10a_min.rst7                                                          
|   REFC: complex_solvated.inpcrd                                               
|  MDVEL: mdvel                                                                 
|   MDEN: mden                                                                  
|  MDCRD: mdcrd                                                                 
| MDINFO: 10a_min.mdinfo                                                        
|LOGFILE: logfile                                                               
|  MDFRC: mdfrc                                                                 


 Here is the input file:

Restrained minimisation: solute heavy atoms at 200 kcal/mol/A^2; solvent + H re
 &cntrl                                                                        
  imin=1, ntmin=1, maxcyc=10000, ncyc=5000,                                    
  ntb=1, cut=9.0,                                                              
  ntr=1, restraint_wt=200.0, restraintmask='!(:WAT,Na+) & !@H=',               
  ntpr=100, ntwx=0, ntxo=1, ioutfm=1,                                          
 /                                                                             


Note: ig = -1. Setting random seed to   724313 based on wallclock time in
      microseconds and disabling the synchronization of random numbers 
      between tasks to improve performance.
| irandom = 1, using AMBER's internal random number generator (default).
 
 
| Conditional Compilation Defines Used:
| MPI
| PUBFFT
| BINTRAJ
| EMIL

| Largest sphere to fit in unit cell has radius =    38.332

| New format PARM file being parsed.
| Version =    1.000 Date = 07/08/26 Time = 13:31:08

| Note: 1-4 EEL scale factors are being read from the topology file.

| Note: 1-4 VDW scale factors are being read from the topology file.
| Duplicated    0 dihedrals

| Duplicated    0 dihedrals

--------------------------------------------------------------------------------
   1.  RESOURCE   USE: 
--------------------------------------------------------------------------------

 getting new box info from bottom of inpcrd
 NATOM  =   55680 NTYPES =      17 NBONH =   52593 MBONA  =    3117
 NTHETH =    7254 MTHETA =    4218 NPHIH =   14307 MPHIA  =   13569
 NHPARM =       0 NPARM  =       0 NNB   =  100505 NRES   =   16865
 NBONA  =    3117 NTHETA =    4218 NPHIA =   13569 NUMBND =      81
 NUMANG =     181 NPTRA  =     203 NATYP =      46 NPHB   =       0
 IFBOX  =       1 NMXRS  =      24 IFCAP =       0 NEXTRA =       0
 NCOPY  =       0

| Coordinate Index Table dimensions:    16   13   17
| Direct force subcell size =     5.8072    5.8972    5.6143

     BOX TYPE: RECTILINEAR

--------------------------------------------------------------------------------
   2.  CONTROL  DATA  FOR  THE  RUN
--------------------------------------------------------------------------------

default_name                                                                    

General flags:
     imin    =       1, nmropt  =       0

Nature and format of input:
     ntx     =       1, irest   =       0, ntrx    =       1

Nature and format of output:
     ntxo    =       1, ntpr    =     100, ntrx    =       1, ntwr    =       1
     iwrap   =       0, ntwx    =       0, ntwv    =       0, ntwe    =       0
     ioutfm  =       1, ntwprt  =       0, idecomp =       0, rbornstat=      0

Potential function:
     ntf     =       1, ntb     =       1, igb     =       0, nsnb    =      25
     ipol    =       0, gbsa    =       0, iesp    =       0
     dielc   =   1.00000, cut     =   9.00000, intdiel =   1.00000

Frozen or restrained atoms:
     ibelly  =       0, ntr     =       1
     restraint_wt = 200.00000

Energy minimization:
     maxcyc  =   10000, ncyc    =    5000, ntmin   =       1
     dx0     =   0.01000, drms    =   0.00010

| Intermolecular bonds treatment:
|     no_intermolecular_bonds =       1

| Energy averages sample interval:
|     ene_avg_sampling =       1

Ewald parameters:
     verbose =       0, ew_type =       0, nbflag  =       1, use_pme =       1
     vdwmeth =       1, eedmeth =       1, netfrc  =       0
     Box X =   92.915   Box Y =   76.664   Box Z =   95.443
     Alpha =   90.000   Beta  =   90.000   Gamma =   90.000
     NFFT1 =   96       NFFT2 =   80       NFFT3 =   96
     Cutoff=    9.000   Tol   =0.100E-04
     Ewald Coefficient =  0.30768
     Interpolation order =    4

| PMEMD ewald parallel performance parameters:
|     block_fft =    0
|     fft_blk_y_divisor =    2
|     excl_recip =    0
|     excl_master =    0
|     atm_redist_freq =  320

    LOADING THE CONSTRAINED ATOMS AS GROUPS


   5.  REFERENCE ATOM COORDINATES

  default_name                                                                    
     Mask !(:WAT,Na+) & !@H=; matches  3078 atoms

--------------------------------------------------------------------------------
   3.  ATOMIC COORDINATES AND VELOCITIES
--------------------------------------------------------------------------------

default_name                                                                    
 begin time read from input coords =     0.000 ps

 
 Number of triangulated 3-point waters found:    16472

     Sum of charges from parm topology file =  -0.00000013
     Forcing neutrality...

| Dynamic Memory, Types Used:
| Reals             2251411
| Integers          2542392

| Nonbonded Pairs Initial Allocation:     1052613

| Running AMBER/MPI version on   16 MPI task

 
--------------------------------------------------------------------------------
   4.  RESULTS
--------------------------------------------------------------------------------

 ---------------------------------------------------
 APPROXIMATING switch and d/dx switch using CUBIC SPLINE INTERPOLATION
 using   5000.0 points per unit in tabled values
 TESTING RELATIVE ERROR over r ranging from 0.0 to cutoff
| CHECK switch(x): max rel err =   0.2738E-14   at   2.422500
| CHECK d/dx switch(x): max rel err =   0.8314E-11   at   2.736960
 ---------------------------------------------------
|---------------------------------------------------
| APPROXIMATING direct energy using CUBIC SPLINE INTERPOLATION
|  with   50.0 points per unit in tabled values
| Relative Error Limit not exceeded for r .gt.   2.39
| APPROXIMATING direct force using CUBIC SPLINE INTERPOLATION
|  with   50.0 points per unit in tabled values
| Relative Error Limit not exceeded for r .gt.   2.84
|---------------------------------------------------


   NSTEP       ENERGY          RMS            GMAX         NAME    NUMBER
      1      -1.5030E+05     1.3479E+01     1.3097E+03     SD       2074

 BOND    =      398.1446  ANGLE   =     1485.7070  DIHED      =     4661.5434
 VDWAALS =    14432.2097  EEL     =  -189545.5359  HBOND      =        0.0000
 1-4 VDW =     2020.3445  1-4 EEL =    16248.2413  RESTRAINT  =        0.0000


   NSTEP       ENERGY          RMS            GMAX         NAME    NUMBER
    100      -1.8435E+05     2.7745E+00     2.7202E+02     CG       3630

 BOND    =     9573.4095  ANGLE   =     1112.6877  DIHED      =     4677.0912
 VDWAALS =    15034.2147  EEL     =  -232915.7881  HBOND      =        0.0000
 1-4 VDW =     1776.3811  1-4 EEL =    15936.4428  RESTRAINT  =      451.5339
 EAMBER  =  -184805.5611


   NSTEP       ENERGY          RMS            GMAX         NAME    NUMBER
    200      -1.9039E+05     2.3240E+00     3.2802E+02     C        2059

 BOND    =    12115.2782  ANGLE   =     1104.1741  DIHED      =     4689.6457
 VDWAALS =    17870.5080  EEL     =  -244335.3016  HBOND      =        0.0000
 1-4 VDW =     1771.8573  1-4 EEL =    15932.1037  RESTRAINT  =      461.1384
 EAMBER  =  -190851.7345


   NSTEP       ENERGY          RMS            GMAX         NAME    NUMBER
    300      -1.9384E+05     2.1854E+00     5.2459E+02     C        2059

 BOND    =    11414.4941  ANGLE   =     1113.1860  DIHED      =     4688.6970
 VDWAALS =    20253.5491  EEL     =  -249474.4647  HBOND      =        0.0000
 1-4 VDW =     1771.1108  1-4 EEL =    15931.1682  RESTRAINT  =      464.0315
 EAMBER  =  -194302.2595


   NSTEP       ENERGY          RMS            GMAX         NAME    NUMBER
    400      -1.9626E+05     1.7903E+00     3.7092E+02     C        2059

 BOND    =    12835.8465  ANGLE   =     1106.1235  DIHED      =     4685.9595
 VDWAALS =    22205.9373  EEL     =  -255262.2164  HBOND      =        0.0000
 1-4 VDW =     1769.6505  1-4 EEL =    15933.6636  RESTRAINT  =      460.0449
 EAMBER  =  -196725.0355


   NSTEP       ENERGY          RMS            GMAX         NAME    NUMBER
    500      -1.9813E+05     1.4392E+00     2.3721E+02     C        2059

 BOND    =    12103.9366  ANGLE   =     1108.0502  DIHED      =     4682.9650
 VDWAALS =    23857.1927  EEL     =  -258041.1732  HBOND      =        0.0000
 1-4 VDW =     1769.5932  1-4 EEL =    15934.6387  RESTRAINT  =      455.9708
 EAMBER  =  -198584.7966


   NSTEP       ENERGY          RMS            GMAX         NAME    NUMBER
    600      -1.9960E+05     1.1907E+00     1.3234E+02     C        2059

 BOND    =    13467.7690  ANGLE   =     1104.4937  DIHED      =     4680.7317
 VDWAALS =    25232.7478  EEL     =  -262243.5583  HBOND      =        0.0000
 1-4 VDW =     1768.4685  1-4 EEL =    15934.4525  RESTRAINT  =      457.0632
 EAMBER  =  -200054.8951


   NSTEP       ENERGY          RMS            GMAX         NAME    NUMBER
    700      -2.0084E+05     1.0515E+00     2.0561E+02     C        2059

 BOND    =    12858.4627  ANGLE   =     1107.4061  DIHED      =     4679.3444
 VDWAALS =    26432.0207  EEL     =  -264072.9471  HBOND      =        0.0000
 1-4 VDW =     1768.5502  1-4 EEL =    15935.0665  RESTRAINT  =      456.5275
 EAMBER  =  -201292.0964


   NSTEP       ENERGY          RMS            GMAX         NAME    NUMBER
    800      -2.0190E+05     1.0135E+00     1.7909E+02     C        2059

 BOND    =    13802.9137  ANGLE   =     1105.5938  DIHED      =     4677.9032
 VDWAALS =    27465.5422  EEL     =  -267109.1849  HBOND      =        0.0000
 1-4 VDW =     1767.9696  1-4 EEL =    15936.7212  RESTRAINT  =      456.4054
 EAMBER  =  -202352.5411


   NSTEP       ENERGY          RMS            GMAX         NAME    NUMBER
    900      -2.0285E+05     7.7305E-01     6.7361E+01     C        2059

 BOND    =    13280.4009  ANGLE   =     1107.3570  DIHED      =     4675.5364
 VDWAALS =    28385.2146  EEL     =  -268462.0537  HBOND      =        0.0000
 1-4 VDW =     1768.0864  1-4 EEL =    15937.6832  RESTRAINT  =      455.0477
 EAMBER  =  -203307.7752


   NSTEP       ENERGY          RMS            GMAX         NAME    NUMBER
   1000      -2.0371E+05     4.8201E-01     5.9961E+01     C        2059

 BOND    =    13978.1659  ANGLE   =     1106.6945  DIHED      =     4673.6335
 VDWAALS =    29208.4454  EEL     =  -270839.7715  HBOND      =        0.0000
 1-4 VDW =     1767.7748  1-4 EEL =    15938.3322  RESTRAINT  =      455.5245
 EAMBER  =  -204166.7253


   NSTEP       ENERGY          RMS            GMAX         NAME    NUMBER
   1100      -2.0446E+05     3.9475E-01     5.2626E+01     C        2059

 BOND    =    13828.9392  ANGLE   =     1107.5413  DIHED      =     4672.2632
 VDWAALS =    29945.3120  EEL     =  -272172.3323  HBOND      =        0.0000
 1-4 VDW =     1767.8499  1-4 EEL =    15939.0073  RESTRAINT  =      454.9004
 EAMBER  =  -204911.4192


   NSTEP       ENERGY          RMS            GMAX         NAME    NUMBER
   1200      -2.0513E+05     2.4853E-01     4.8975E+00     H8       6252

 BOND    =    14152.5923  ANGLE   =     1107.2037  DIHED      =     4670.5992
 VDWAALS =    30623.0585  EEL     =  -273848.6190  HBOND      =        0.0000
 1-4 VDW =     1767.7459  1-4 EEL =    15939.4523  RESTRAINT  =      454.8491
 EAMBER  =  -205587.9672


   NSTEP       ENERGY          RMS            GMAX         NAME    NUMBER
   1300      -2.0574E+05     2.4345E-01     8.3105E+00     C        2059

 BOND    =    14177.5833  ANGLE   =     1107.4468  DIHED      =     4669.5861
 VDWAALS =    31221.0478  EEL     =  -275075.4482  HBOND      =        0.0000
 1-4 VDW =     1767.7067  1-4 EEL =    15939.5943  RESTRAINT  =      454.5883
 EAMBER  =  -206192.4832


   NSTEP       ENERGY          RMS            GMAX         NAME    NUMBER
   1400      -2.0628E+05     8.9944E-01     1.5214E+02     C        2059

 BOND    =    14002.1851  ANGLE   =     1108.5262  DIHED      =     4669.4792
 VDWAALS =    31760.1512  EEL     =  -275978.7231  HBOND      =        0.0000
 1-4 VDW =     1767.7492  1-4 EEL =    15939.8008  RESTRAINT  =      454.4705
 EAMBER  =  -206730.8314


   NSTEP       ENERGY          RMS            GMAX         NAME    NUMBER
   1500      -2.0679E+05     7.0799E-01     8.2007E+01     C        2059

 BOND    =    14786.0083  ANGLE   =     1107.1327  DIHED      =     4669.1641
 VDWAALS =    32250.2101  EEL     =  -277762.3930  HBOND      =        0.0000
 1-4 VDW =     1767.4968  1-4 EEL =    15939.8126  RESTRAINT  =      454.7529
 EAMBER  =  -207242.5684


   NSTEP       ENERGY          RMS            GMAX         NAME    NUMBER
   1600      -2.0723E+05     6.3980E-01     1.2500E+02     C        2059

 BOND    =    14334.8551  ANGLE   =     1108.4624  DIHED      =     4668.3945
 VDWAALS =    32688.2484  EEL     =  -278196.5819  HBOND      =        0.0000
 1-4 VDW =     1767.5584  1-4 EEL =    15939.4920  RESTRAINT  =      454.9843
 EAMBER  =  -207689.5710


   NSTEP       ENERGY          RMS            GMAX         NAME    NUMBER
   1700      -2.0765E+05     5.4048E-01     1.1066E+01     C        2059

 BOND    =    14914.1023  ANGLE   =     1107.4102  DIHED      =     4667.4592
 VDWAALS =    33091.5248  EEL     =  -279592.3458  HBOND      =        0.0000
 1-4 VDW =     1767.3652  1-4 EEL =    15940.1749  RESTRAINT  =      454.8947
 EAMBER  =  -208104.3093


   NSTEP       ENERGY          RMS            GMAX         NAME    NUMBER
   1800      -2.0803E+05     4.4598E-01     3.2211E+01     C        2059

 BOND    =    14517.6298  ANGLE   =     1108.2652  DIHED      =     4666.9157
 VDWAALS =    33463.4599  EEL     =  -279949.2495  HBOND      =        0.0000
 1-4 VDW =     1767.4973  1-4 EEL =    15940.5645  RESTRAINT  =      454.5835
 EAMBER  =  -208484.9171


   NSTEP       ENERGY          RMS            GMAX         NAME    NUMBER
   1900      -2.0839E+05     2.8891E-01     3.0385E+01     C        2059

 BOND    =    14908.4611  ANGLE   =     1107.8486  DIHED      =     4666.6662
 VDWAALS =    33813.7606  EEL     =  -281049.2094  HBOND      =        0.0000
 1-4 VDW =     1767.3897  1-4 EEL =    15940.9527  RESTRAINT  =      454.7857
 EAMBER  =  -208844.1305


   NSTEP       ENERGY          RMS            GMAX         NAME    NUMBER
   2000      -2.0872E+05     2.9755E-01     1.5166E+01     C        2059

 BOND    =    14743.2316  ANGLE   =     1108.1841  DIHED      =     4666.4851
 VDWAALS =    34144.4895  EEL     =  -281546.3400  HBOND      =        0.0000
 1-4 VDW =     1767.4700  1-4 EEL =    15941.2594  RESTRAINT  =      454.4215
 EAMBER  =  -209175.2203


   NSTEP       ENERGY          RMS            GMAX         NAME    NUMBER
   2100      -2.0903E+05     1.7229E-01     8.4940E+00     C        2059

 BOND    =    14968.7482  ANGLE   =     1107.9836  DIHED      =     4666.3399
 VDWAALS =    34446.6203  EEL     =  -282380.4231  HBOND      =        0.0000
 1-4 VDW =     1767.4168  1-4 EEL =    15941.3628  RESTRAINT  =      454.4682
 EAMBER  =  -209481.9514


   NSTEP       ENERGY          RMS            GMAX         NAME    NUMBER
   2200      -2.0931E+05     6.8192E-01     1.5678E+02     C        2059

 BOND    =    15194.1863  ANGLE   =     1108.4254  DIHED      =     4666.2151
 VDWAALS =    34726.9235  EEL     =  -283167.6345  HBOND      =        0.0000
 1-4 VDW =     1767.3148  1-4 EEL =    15941.1541  RESTRAINT  =      455.4252
 EAMBER  =  -209763.4153


   NSTEP       ENERGY          RMS            GMAX         NAME    NUMBER
   2300      -2.0960E+05     5.4598E-01     1.1218E+02     C        2059

 BOND    =    14900.8456  ANGLE   =     1108.7906  DIHED      =     4666.0402
 VDWAALS =    34995.2905  EEL     =  -283432.4451  HBOND      =        0.0000
 1-4 VDW =     1767.4610  1-4 EEL =    15941.2285  RESTRAINT  =      454.7306
 EAMBER  =  -210052.7887


   NSTEP       ENERGY          RMS            GMAX         NAME    NUMBER
   2400      -2.0987E+05     4.1856E-01     9.4449E+00     C        2059

 BOND    =    15303.7560  ANGLE   =     1107.8855  DIHED      =     4665.8821
 VDWAALS =    35241.3217  EEL     =  -284350.9879  HBOND      =        0.0000
 1-4 VDW =     1767.2709  1-4 EEL =    15941.4480  RESTRAINT  =      454.5155
 EAMBER  =  -210323.4238


   NSTEP       ENERGY          RMS            GMAX         NAME    NUMBER
   2500      -2.1013E+05     4.0786E-01     6.7168E+01     C        2059

 BOND    =    15034.3474  ANGLE   =     1108.7021  DIHED      =     4665.7574
 VDWAALS =    35484.0288  EEL     =  -284585.7698  HBOND      =        0.0000
 1-4 VDW =     1767.4389  1-4 EEL =    15941.2320  RESTRAINT  =      454.4031
 EAMBER  =  -210584.2632


   NSTEP       ENERGY          RMS            GMAX         NAME    NUMBER
   2600      -2.1037E+05     2.3514E-01     1.4216E+01     C        2059

 BOND    =    15305.6092  ANGLE   =     1108.2493  DIHED      =     4665.6657
 VDWAALS =    35708.6524  EEL     =  -285324.8859  HBOND      =        0.0000
 1-4 VDW =     1767.3039  1-4 EEL =    15941.2885  RESTRAINT  =      454.3614
 EAMBER  =  -210828.1169


   NSTEP       ENERGY          RMS            GMAX         NAME    NUMBER
   2700      -2.1060E+05     1.5960E-01     2.9118E+00     H2      23397

 BOND    =    15232.3762  ANGLE   =     1108.5763  DIHED      =     4665.6025
 VDWAALS =    35925.3099  EEL     =  -285699.3357  HBOND      =        0.0000
 1-4 VDW =     1767.3642  1-4 EEL =    15941.2008  RESTRAINT  =      454.2065
 EAMBER  =  -211058.9058


   NSTEP       ENERGY          RMS            GMAX         NAME    NUMBER
   2800      -2.1082E+05     5.7849E-01     4.7004E+01     C        2059

 BOND    =    15088.0661  ANGLE   =     1109.1697  DIHED      =     4665.5487
 VDWAALS =    36136.2765  EEL     =  -285982.4172  HBOND      =        0.0000
 1-4 VDW =     1767.4964  1-4 EEL =    15941.1111  RESTRAINT  =      454.0381
 EAMBER  =  -211274.7486


   NSTEP       ENERGY          RMS            GMAX         NAME    NUMBER
   2900      -2.1103E+05     5.3325E-01     1.0854E+02     C        2059

 BOND    =    15510.5681  ANGLE   =     1108.7579  DIHED      =     4665.5592
 VDWAALS =    36332.3893  EEL     =  -286812.8530  HBOND      =        0.0000
 1-4 VDW =     1767.1732  1-4 EEL =    15940.6706  RESTRAINT  =      455.0753
 EAMBER  =  -211487.7347


   NSTEP       ENERGY          RMS            GMAX         NAME    NUMBER
   3000      -2.1124E+05     4.5187E-01     9.8303E+01     C        2059

 BOND    =    15303.7994  ANGLE   =     1109.1589  DIHED      =     4665.4931
 VDWAALS =    36522.9341  EEL     =  -287001.9670  HBOND      =        0.0000
 1-4 VDW =     1767.3836  1-4 EEL =    15940.8838  RESTRAINT  =      454.4922
 EAMBER  =  -211692.3141


   NSTEP       ENERGY          RMS            GMAX         NAME    NUMBER
   3100      -2.1143E+05     3.7257E-01     6.8394E+00     C        2059

 BOND    =    15584.6136  ANGLE   =     1108.5522  DIHED      =     4665.4964
 VDWAALS =    36707.8486  EEL     =  -287663.1920  HBOND      =        0.0000
 1-4 VDW =     1767.1337  1-4 EEL =    15940.5895  RESTRAINT  =      454.9999
 EAMBER  =  -211888.9580


   NSTEP       ENERGY          RMS            GMAX         NAME    NUMBER
   3200      -2.1162E+05     1.9630E-01     2.1427E+01     C        2059

 BOND    =    15435.2507  ANGLE   =     1109.1309  DIHED      =     4665.4490
 VDWAALS =    36885.7560  EEL     =  -287878.0408  HBOND      =        0.0000
 1-4 VDW =     1767.3162  1-4 EEL =    15940.3857  RESTRAINT  =      454.5270
 EAMBER  =  -212074.7523


   NSTEP       ENERGY          RMS            GMAX         NAME    NUMBER
   3300      -2.1179E+05     1.8793E-01     2.1195E+01     C        2059

 BOND    =    15567.0226  ANGLE   =     1108.8576  DIHED      =     4665.3749
 VDWAALS =    37055.4886  EEL     =  -288351.8411  HBOND      =        0.0000
 1-4 VDW =     1767.2179  1-4 EEL =    15940.3481  RESTRAINT  =      454.4572
 EAMBER  =  -212247.5314


   NSTEP       ENERGY          RMS            GMAX         NAME    NUMBER
   3400      -2.1196E+05     1.1989E-01     2.2881E+00     H2      21027

 BOND    =    15547.1770  ANGLE   =     1109.0398  DIHED      =     4665.2993
 VDWAALS =    37216.6214  EEL     =  -288655.4822  HBOND      =        0.0000
 1-4 VDW =     1767.2734  1-4 EEL =    15940.1846  RESTRAINT  =      454.3210
 EAMBER  =  -212409.8868


   NSTEP       ENERGY          RMS            GMAX         NAME    NUMBER
   3500      -2.1211E+05     1.4640E-01     4.6476E+00     C        2059

 BOND    =    15622.0037  ANGLE   =     1108.9236  DIHED      =     4665.2293
 VDWAALS =    37371.8560  EEL     =  -289040.7299  HBOND      =        0.0000
 1-4 VDW =     1767.2206  1-4 EEL =    15940.0889  RESTRAINT  =      454.3096
 EAMBER  =  -212565.4078


   NSTEP       ENERGY          RMS            GMAX         NAME    NUMBER
   3600      -2.1226E+05     3.9510E-01     1.0014E+01     C        2059

 BOND    =    15730.1164  ANGLE   =     1108.6232  DIHED      =     4665.1618
 VDWAALS =    37519.5281  EEL     =  -289441.3125  HBOND      =        0.0000
 1-4 VDW =     1767.0929  1-4 EEL =    15940.0514  RESTRAINT  =      454.3636
 EAMBER  =  -212710.7385


   NSTEP       ENERGY          RMS            GMAX         NAME    NUMBER
   3700      -2.1240E+05     3.3941E-01     4.1086E+01     C        2059

 BOND    =    15592.2874  ANGLE   =     1109.2685  DIHED      =     4665.0778
 VDWAALS =    37660.0722  EEL     =  -289588.4519  HBOND      =        0.0000
 1-4 VDW =     1767.4178  1-4 EEL =    15940.0579  RESTRAINT  =      453.9072
 EAMBER  =  -212854.2704


   NSTEP       ENERGY          RMS            GMAX         NAME    NUMBER
   3800      -2.1254E+05     3.0762E-01     1.1165E+01     C        2059

 BOND    =    15750.7621  ANGLE   =     1108.6755  DIHED      =     4665.0318
 VDWAALS =    37791.3336  EEL     =  -290013.3013  HBOND      =        0.0000
 1-4 VDW =     1767.1327  1-4 EEL =    15939.9513  RESTRAINT  =      454.2326
 EAMBER  =  -212990.4143


   NSTEP       ENERGY          RMS            GMAX         NAME    NUMBER
   3900      -2.1267E+05     2.5205E-01     1.5499E+01     C        2059

 BOND    =    15670.2667  ANGLE   =     1109.2045  DIHED      =     4664.9788
 VDWAALS =    37919.7660  EEL     =  -290197.1122  HBOND      =        0.0000
 1-4 VDW =     1767.3815  1-4 EEL =    15939.8552  RESTRAINT  =      454.0131
 EAMBER  =  -213125.6596


   NSTEP       ENERGY          RMS            GMAX         NAME    NUMBER
   4000      -2.1280E+05     1.1257E-01     5.6906E+00     C        2059

 BOND    =    15758.4856  ANGLE   =     1108.9079  DIHED      =     4664.9514
 VDWAALS =    38037.6381  EEL     =  -290531.2690  HBOND      =        0.0000
 1-4 VDW =     1767.2564  1-4 EEL =    15939.8363  RESTRAINT  =      454.1923
 EAMBER  =  -213254.1932


   NSTEP       ENERGY          RMS            GMAX         NAME    NUMBER
   4100      -2.1292E+05     4.5123E-01     4.5343E+01     C        2059

 BOND    =    15865.4122  ANGLE   =     1108.5389  DIHED      =     4664.9393
 VDWAALS =    38150.6773  EEL     =  -290871.4712  HBOND      =        0.0000
 1-4 VDW =     1767.0906  1-4 EEL =    15939.8948  RESTRAINT  =      454.4508
 EAMBER  =  -213374.9182


   NSTEP       ENERGY          RMS            GMAX         NAME    NUMBER
   4200      -2.1304E+05     3.8843E-01     4.0265E+01     C        2059

 BOND    =    15738.8016  ANGLE   =     1109.3690  DIHED      =     4664.9447
 VDWAALS =    38259.4237  EEL     =  -290977.8901  HBOND      =        0.0000
 1-4 VDW =     1767.4559  1-4 EEL =    15939.6790  RESTRAINT  =      454.2611
 EAMBER  =  -213498.2161


   NSTEP       ENERGY          RMS            GMAX         NAME    NUMBER
   4300      -2.1317E+05     3.1684E-01     2.8359E+01     C        2059

 BOND    =    15887.7807  ANGLE   =     1108.6625  DIHED      =     4664.9736
 VDWAALS =    38364.4840  EEL     =  -291353.4292  HBOND      =        0.0000
 1-4 VDW =     1767.1608  1-4 EEL =    15939.7430  RESTRAINT  =      454.5617
 EAMBER  =  -213620.6247


   NSTEP       ENERGY          RMS            GMAX         NAME    NUMBER
   4400      -2.1328E+05     3.2960E-01     5.9497E+01     C        2059

 BOND    =    15812.1491  ANGLE   =     1109.3547  DIHED      =     4665.0178
 VDWAALS =    38465.5079  EEL     =  -291494.7850  HBOND      =        0.0000
 1-4 VDW =     1767.4112  1-4 EEL =    15939.4988  RESTRAINT  =      454.4407
 EAMBER  =  -213735.8454


   NSTEP       ENERGY          RMS            GMAX         NAME    NUMBER
   4500      -2.1339E+05     2.4095E-01     1.3014E+01     C        2059

 BOND    =    15913.0694  ANGLE   =     1108.8553  DIHED      =     4665.0742
 VDWAALS =    38561.2360  EEL     =  -291802.6133  HBOND      =        0.0000
 1-4 VDW =     1767.2026  1-4 EEL =    15939.5027  RESTRAINT  =      454.3892
 EAMBER  =  -213847.6732


   NSTEP       ENERGY          RMS            GMAX         NAME    NUMBER
   4600      -2.1350E+05     1.2290E-01     2.3445E+00     H1      23765

 BOND    =    15889.4458  ANGLE   =     1109.1828  DIHED      =     4665.1500
 VDWAALS =    38654.4227  EEL     =  -291982.9761  HBOND      =        0.0000
 1-4 VDW =     1767.3530  1-4 EEL =    15939.4515  RESTRAINT  =      454.1059
 EAMBER  =  -213957.9704


   NSTEP       ENERGY          RMS            GMAX         NAME    NUMBER
   4700      -2.1361E+05     1.0577E-01     2.3988E+00     C        2059

 BOND    =    15930.9271  ANGLE   =     1109.1440  DIHED      =     4665.2708
 VDWAALS =    38744.3364  EEL     =  -292221.0053  HBOND      =        0.0000
 1-4 VDW =     1767.2840  1-4 EEL =    15939.3350  RESTRAINT  =      454.1458
 EAMBER  =  -214064.7080


   NSTEP       ENERGY          RMS            GMAX         NAME    NUMBER
   4800      -2.1371E+05     1.1638E-01     2.6515E+00     C        2059

 BOND    =    15937.8140  ANGLE   =     1109.3410  DIHED      =     4665.4187
 VDWAALS =    38831.4119  EEL     =  -292418.3607  HBOND      =        0.0000
 1-4 VDW =     1767.3354  1-4 EEL =    15939.2354  RESTRAINT  =      454.0510
 EAMBER  =  -214167.8041


   NSTEP       ENERGY          RMS            GMAX         NAME    NUMBER
   4900      -2.1382E+05     9.8506E-02     2.2405E+00     H1      51989

 BOND    =    15973.2609  ANGLE   =     1109.3409  DIHED      =     4665.6064
 VDWAALS =    38916.7788  EEL     =  -292641.7736  HBOND      =        0.0000
 1-4 VDW =     1767.2691  1-4 EEL =    15939.1135  RESTRAINT  =      454.0851
 EAMBER  =  -214270.4041


   NSTEP       ENERGY          RMS            GMAX         NAME    NUMBER
   5000      -2.1391E+05     3.2101E-01     5.7174E+01     C        2059

 BOND    =    16019.2633  ANGLE   =     1109.2752  DIHED      =     4665.8138
 VDWAALS =    38999.0061  EEL     =  -292866.8940  HBOND      =        0.0000
 1-4 VDW =     1767.1667  1-4 EEL =    15939.1105  RESTRAINT  =      454.1518
 EAMBER  =  -214367.2585


   NSTEP       ENERGY          RMS            GMAX         NAME    NUMBER
   5100      -2.1476E+05     4.0730E-01     3.7278E+01     CA       4105

 BOND    =    16189.6086  ANGLE   =     1110.9788  DIHED      =     4667.2879
 VDWAALS =    39853.4381  EEL     =  -294741.5021  HBOND      =        0.0000
 1-4 VDW =     1766.7395  1-4 EEL =    15939.2067  RESTRAINT  =      455.8501
 EAMBER  =  -215214.2425


   NSTEP       ENERGY          RMS            GMAX         NAME    NUMBER
   5200      -2.1512E+05     1.8827E-01     1.1453E+01     C        2059

 BOND    =    16271.4987  ANGLE   =     1110.2791  DIHED      =     4667.4966
 VDWAALS =    40114.0952  EEL     =  -295440.8425  HBOND      =        0.0000
 1-4 VDW =     1767.1927  1-4 EEL =    15940.3150  RESTRAINT  =      454.3251
 EAMBER  =  -215569.9652


   NSTEP       ENERGY          RMS            GMAX         NAME    NUMBER
   5300      -2.1541E+05     1.6959E-01     1.5109E+01     C        2059

 BOND    =    16326.0163  ANGLE   =     1110.4098  DIHED      =     4667.6414
 VDWAALS =    40363.4669  EEL     =  -296040.7142  HBOND      =        0.0000
 1-4 VDW =     1767.2312  1-4 EEL =    15940.9677  RESTRAINT  =      454.0341
 EAMBER  =  -215864.9808


   NSTEP       ENERGY          RMS            GMAX         NAME    NUMBER
   5400      -2.1568E+05     1.5755E-01     9.6284E+00     C        2059

 BOND    =    16384.0648  ANGLE   =     1110.3086  DIHED      =     4667.5785
 VDWAALS =    40593.4147  EEL     =  -296601.0326  HBOND      =        0.0000
 1-4 VDW =     1767.2599  1-4 EEL =    15941.3817  RESTRAINT  =      453.8746
 EAMBER  =  -216137.0245


   NSTEP       ENERGY          RMS            GMAX         NAME    NUMBER
   5500      -2.1595E+05     1.5700E-01     1.2144E+01     OD1      3971

 BOND    =    16440.8031  ANGLE   =     1110.4258  DIHED      =     4667.1835
 VDWAALS =    40827.2317  EEL     =  -297153.9320  HBOND      =        0.0000
 1-4 VDW =     1767.3158  1-4 EEL =    15942.0781  RESTRAINT  =      453.6925
 EAMBER  =  -216398.8940


   NSTEP       ENERGY          RMS            GMAX         NAME    NUMBER
   5600      -2.1627E+05     1.6440E-01     1.2613E+01     CG       3970

 BOND    =    16522.6497  ANGLE   =     1110.5100  DIHED      =     4666.5954
 VDWAALS =    41147.1081  EEL     =  -297878.9617  HBOND      =        0.0000
 1-4 VDW =     1767.5600  1-4 EEL =    15941.5549  RESTRAINT  =      453.0280
 EAMBER  =  -216722.9835


   NSTEP       ENERGY          RMS            GMAX         NAME    NUMBER
   5700      -2.1645E+05     1.7725E-01     1.2194E+01     CG       3970

 BOND    =    16558.9331  ANGLE   =     1110.9106  DIHED      =     4666.2955
 VDWAALS =    41309.4528  EEL     =  -298261.9853  HBOND      =        0.0000
 1-4 VDW =     1767.4008  1-4 EEL =    15941.4521  RESTRAINT  =      453.3354
 EAMBER  =  -216907.5404


   NSTEP       ENERGY          RMS            GMAX         NAME    NUMBER
   5800      -2.1661E+05     1.4360E-01     9.4126E+00     CB       5153

 BOND    =    16586.8544  ANGLE   =     1110.6151  DIHED      =     4665.8999
 VDWAALS =    41442.0351  EEL     =  -298579.3166  HBOND      =        0.0000
 1-4 VDW =     1767.4580  1-4 EEL =    15941.5547  RESTRAINT  =      452.9019
 EAMBER  =  -217064.8993


   NSTEP       ENERGY          RMS            GMAX         NAME    NUMBER
   5900      -2.1687E+05     2.1076E-01     1.9144E+01     C        2059

 BOND    =    16643.4448  ANGLE   =     1111.0294  DIHED      =     4665.9436
 VDWAALS =    41667.9109  EEL     =  -299115.1436  HBOND      =        0.0000
 1-4 VDW =     1767.4851  1-4 EEL =    15941.2263  RESTRAINT  =      452.9149
 EAMBER  =  -217318.1034


   NSTEP       ENERGY          RMS            GMAX         NAME    NUMBER
   6000      -2.1710E+05     1.6999E-01     1.0083E+01     HZ1      3453

 BOND    =    16697.8964  ANGLE   =     1111.4011  DIHED      =     4665.3768
 VDWAALS =    41876.5748  EEL     =  -299612.2610  HBOND      =        0.0000
 1-4 VDW =     1767.6595  1-4 EEL =    15940.7783  RESTRAINT  =      453.0430
 EAMBER  =  -217552.5740


   NSTEP       ENERGY          RMS            GMAX         NAME    NUMBER
   6100      -2.1722E+05     1.4315E-01     1.0311E+01     C        2059

 BOND    =    16720.1207  ANGLE   =     1110.8189  DIHED      =     4665.1063
 VDWAALS =    41988.7637  EEL     =  -299867.0914  HBOND      =        0.0000
 1-4 VDW =     1767.5156  1-4 EEL =    15940.9096  RESTRAINT  =      452.7683
 EAMBER  =  -217673.8566


   NSTEP       ENERGY          RMS            GMAX         NAME    NUMBER
   6200      -2.1733E+05     1.8049E-01     1.1548E+01     H1       9983

 BOND    =    16745.7511  ANGLE   =     1111.4315  DIHED      =     4664.8990
 VDWAALS =    42092.3023  EEL     =  -300107.8394  HBOND      =        0.0000
 1-4 VDW =     1767.5570  1-4 EEL =    15940.8809  RESTRAINT  =      452.7529
 EAMBER  =  -217785.0177


   NSTEP       ENERGY          RMS            GMAX         NAME    NUMBER
   6300      -2.1745E+05     1.4163E-01     1.1478E+01     CD       2342

 BOND    =    16770.1645  ANGLE   =     1111.4231  DIHED      =     4664.8748
 VDWAALS =    42195.6934  EEL     =  -300353.3048  HBOND      =        0.0000
 1-4 VDW =     1767.4888  1-4 EEL =    15940.9115  RESTRAINT  =      452.5636
 EAMBER  =  -217902.7487


   NSTEP       ENERGY          RMS            GMAX         NAME    NUMBER
   6400      -2.1756E+05     1.5769E-01     1.4207E+01     N        3963

 BOND    =    16796.0065  ANGLE   =     1111.4227  DIHED      =     4664.9911
 VDWAALS =    42309.2389  EEL     =  -300600.4783  HBOND      =        0.0000
 1-4 VDW =     1767.5531  1-4 EEL =    15940.5862  RESTRAINT  =      452.5917
 EAMBER  =  -218010.6797


   NSTEP       ENERGY          RMS            GMAX         NAME    NUMBER
   6500      -2.1765E+05     1.4245E-01     1.0132E+01     N        3963

 BOND    =    16815.9883  ANGLE   =     1111.2759  DIHED      =     4664.8348
 VDWAALS =    42401.1944  EEL     =  -300805.7907  HBOND      =        0.0000
 1-4 VDW =     1767.5188  1-4 EEL =    15940.6190  RESTRAINT  =      452.5061
 EAMBER  =  -218104.3594


   NSTEP       ENERGY          RMS            GMAX         NAME    NUMBER
   6600      -2.1774E+05     1.5070E-01     9.0321E+00     OD1      3971

 BOND    =    16834.3962  ANGLE   =     1111.2133  DIHED      =     4664.5625
 VDWAALS =    42482.7085  EEL     =  -300993.5614  HBOND      =        0.0000
 1-4 VDW =     1767.4583  1-4 EEL =    15940.6258  RESTRAINT  =      452.6616
 EAMBER  =  -218192.5969


   NSTEP       ENERGY          RMS            GMAX         NAME    NUMBER
   6700      -2.1783E+05     1.7650E-01     2.4241E+01     C        2059

 BOND    =    16852.7824  ANGLE   =     1111.0098  DIHED      =     4664.2095
 VDWAALS =    42570.6572  EEL     =  -301189.1507  HBOND      =        0.0000
 1-4 VDW =     1767.5219  1-4 EEL =    15940.5628  RESTRAINT  =      452.7918
 EAMBER  =  -218282.4071


   NSTEP       ENERGY          RMS            GMAX         NAME    NUMBER
   6800      -2.1791E+05     1.9762E-01     1.2621E+01     O        4087

 BOND    =    16873.4729  ANGLE   =     1110.9766  DIHED      =     4664.0109
 VDWAALS =    42660.1850  EEL     =  -301383.3319  HBOND      =        0.0000
 1-4 VDW =     1767.5003  1-4 EEL =    15940.4871  RESTRAINT  =      452.7887
 EAMBER  =  -218366.6992


   NSTEP       ENERGY          RMS            GMAX         NAME    NUMBER
   6900      -2.1800E+05     1.5916E-01     1.1357E+01     O        4087

 BOND    =    16893.4739  ANGLE   =     1110.9106  DIHED      =     4663.9226
 VDWAALS =    42753.8759  EEL     =  -301578.7807  HBOND      =        0.0000
 1-4 VDW =     1767.5903  1-4 EEL =    15940.4061  RESTRAINT  =      452.5981
 EAMBER  =  -218448.6012


   NSTEP       ENERGY          RMS            GMAX         NAME    NUMBER
   7000      -2.1808E+05     1.8239E-01     1.3144E+01     O        4087

 BOND    =    16914.4710  ANGLE   =     1110.8974  DIHED      =     4663.7109
 VDWAALS =    42856.3500  EEL     =  -301781.7514  HBOND      =        0.0000
 1-4 VDW =     1767.6647  1-4 EEL =    15940.3576  RESTRAINT  =      453.0024
 EAMBER  =  -218528.2998


   NSTEP       ENERGY          RMS            GMAX         NAME    NUMBER
   7100      -2.1816E+05     1.9520E-01     1.4175E+01     CD        281

 BOND    =    16936.9992  ANGLE   =     1111.4013  DIHED      =     4663.9267
 VDWAALS =    42965.2863  EEL     =  -302002.7691  HBOND      =        0.0000
 1-4 VDW =     1767.7594  1-4 EEL =    15941.1087  RESTRAINT  =      451.5775
 EAMBER  =  -218616.2875


   NSTEP       ENERGY          RMS            GMAX         NAME    NUMBER
   7200      -2.1832E+05     2.5859E-01     1.8688E+01     C        3961

 BOND    =    16979.6221  ANGLE   =     1111.6550  DIHED      =     4663.7290
 VDWAALS =    43148.7276  EEL     =  -302378.6919  HBOND      =        0.0000
 1-4 VDW =     1767.6620  1-4 EEL =    15940.9848  RESTRAINT  =      451.2812
 EAMBER  =  -218766.3114


   NSTEP       ENERGY          RMS            GMAX         NAME    NUMBER
   7300      -2.1843E+05     1.7612E-01     1.2577E+01     HZ1      1392

 BOND    =    16998.9497  ANGLE   =     1111.7919  DIHED      =     4663.6313
 VDWAALS =    43225.4885  EEL     =  -302592.5784  HBOND      =        0.0000
 1-4 VDW =     1767.8685  1-4 EEL =    15940.4883  RESTRAINT  =      451.5157
 EAMBER  =  -218884.3603


   NSTEP       ENERGY          RMS            GMAX         NAME    NUMBER
   7400      -2.1851E+05     2.9387E-01     3.4355E+01     CD        281

 BOND    =    17016.7777  ANGLE   =     1111.5453  DIHED      =     4663.5793
 VDWAALS =    43303.4296  EEL     =  -302763.2543  HBOND      =        0.0000
 1-4 VDW =     1767.7466  1-4 EEL =    15940.5228  RESTRAINT  =      451.8552
 EAMBER  =  -218959.6530


   NSTEP       ENERGY          RMS            GMAX         NAME    NUMBER
   7500      -2.1859E+05     2.7509E-01     4.7991E+01     CD        281

 BOND    =    17033.4265  ANGLE   =     1111.9254  DIHED      =     4663.4157
 VDWAALS =    43371.1087  EEL     =  -302925.9550  HBOND      =        0.0000
 1-4 VDW =     1767.8890  1-4 EEL =    15940.4902  RESTRAINT  =      451.7648
 EAMBER  =  -219037.6994


   NSTEP       ENERGY          RMS            GMAX         NAME    NUMBER
   7600      -2.1866E+05     2.2333E-01     1.5886E+01     HZ1      1392

 BOND    =    17049.3713  ANGLE   =     1111.4874  DIHED      =     4663.3549
 VDWAALS =    43457.4301  EEL     =  -303105.3801  HBOND      =        0.0000
 1-4 VDW =     1767.8510  1-4 EEL =    15940.6684  RESTRAINT  =      451.5216
 EAMBER  =  -219115.2171


   NSTEP       ENERGY          RMS            GMAX         NAME    NUMBER
   7700      -2.1875E+05     2.8141E-01     1.9233E+01     HZ1      1392

 BOND    =    17082.9387  ANGLE   =     1113.2652  DIHED      =     4663.2587
 VDWAALS =    43553.8669  EEL     =  -303328.4290  HBOND      =        0.0000
 1-4 VDW =     1768.1566  1-4 EEL =    15940.6471  RESTRAINT  =      451.8568
 EAMBER  =  -219206.2959


   NSTEP       ENERGY          RMS            GMAX         NAME    NUMBER
   7800      -2.1886E+05     4.1916E-01     3.2860E+01     H1      47306

 BOND    =    17112.7156  ANGLE   =     1116.5012  DIHED      =     4663.1307
 VDWAALS =    43690.4880  EEL     =  -303603.8858  HBOND      =        0.0000
 1-4 VDW =     1768.6358  1-4 EEL =    15940.1584  RESTRAINT  =      452.1355
 EAMBER  =  -219312.2561


   NSTEP       ENERGY          RMS            GMAX         NAME    NUMBER
   7900      -2.1895E+05     2.3936E-01     1.3797E+01     NZ       1391

 BOND    =    17119.9517  ANGLE   =     1112.5629  DIHED      =     4662.7989
 VDWAALS =    43756.9295  EEL     =  -303763.1988  HBOND      =        0.0000
 1-4 VDW =     1767.6642  1-4 EEL =    15941.2009  RESTRAINT  =      452.9049
 EAMBER  =  -219402.0906


   NSTEP       ENERGY          RMS            GMAX         NAME    NUMBER
   8000      -2.1902E+05     2.1919E-01     1.6143E+01     CD        281

 BOND    =    17134.8047  ANGLE   =     1112.3042  DIHED      =     4662.5959
 VDWAALS =    43824.3340  EEL     =  -303916.6778  HBOND      =        0.0000
 1-4 VDW =     1767.7252  1-4 EEL =    15941.4197  RESTRAINT  =      452.0675
 EAMBER  =  -219473.4941


   NSTEP       ENERGY          RMS            GMAX         NAME    NUMBER
   8100      -2.1908E+05     2.1778E-01     1.6287E+01     CD        281

 BOND    =    17147.7899  ANGLE   =     1112.1155  DIHED      =     4662.3582
 VDWAALS =    43890.5542  EEL     =  -304055.0207  HBOND      =        0.0000
 1-4 VDW =     1767.7512  1-4 EEL =    15941.5843  RESTRAINT  =      451.7924
 EAMBER  =  -219532.8675


   NSTEP       ENERGY          RMS            GMAX         NAME    NUMBER
   8200      -2.1915E+05     2.0412E-01     1.4843E+01     CD        281

 BOND    =    17162.9038  ANGLE   =     1111.8413  DIHED      =     4662.5036
 VDWAALS =    43953.0984  EEL     =  -304198.3812  HBOND      =        0.0000
 1-4 VDW =     1767.7748  1-4 EEL =    15941.7172  RESTRAINT  =      451.6896
 EAMBER  =  -219598.5421


   NSTEP       ENERGY          RMS            GMAX         NAME    NUMBER
   8300      -2.1920E+05     1.4592E-01     1.2439E+01     CD        281

 BOND    =    17173.2667  ANGLE   =     1111.3923  DIHED      =     4662.8247
 VDWAALS =    44003.2562  EEL     =  -304313.8503  HBOND      =        0.0000
 1-4 VDW =     1767.8119  1-4 EEL =    15941.7564  RESTRAINT  =      451.5298
 EAMBER  =  -219653.5420


   NSTEP       ENERGY          RMS            GMAX         NAME    NUMBER
   8400      -2.1925E+05     1.6403E-01     1.2687E+01     HA       3966

 BOND    =    17190.1782  ANGLE   =     1112.2515  DIHED      =     4663.3374
 VDWAALS =    44057.7930  EEL     =  -304438.0545  HBOND      =        0.0000
 1-4 VDW =     1767.8472  1-4 EEL =    15941.7056  RESTRAINT  =      451.5719
 EAMBER  =  -219704.9416


   NSTEP       ENERGY          RMS            GMAX         NAME    NUMBER
   8500      -2.1931E+05     1.3713E-01     7.7351E+00     NZ       1391

 BOND    =    17194.8315  ANGLE   =     1111.1809  DIHED      =     4663.4424
 VDWAALS =    44106.8362  EEL     =  -304544.1153  HBOND      =        0.0000
 1-4 VDW =     1767.7556  1-4 EEL =    15941.4085  RESTRAINT  =      451.3020
 EAMBER  =  -219758.6602


   NSTEP       ENERGY          RMS            GMAX         NAME    NUMBER
   8600      -2.1936E+05     1.4242E-01     7.2849E+00     CB       5153

 BOND    =    17206.9974  ANGLE   =     1111.4237  DIHED      =     4663.4088
 VDWAALS =    44164.3294  EEL     =  -304667.2398  HBOND      =        0.0000
 1-4 VDW =     1767.7835  1-4 EEL =    15941.4939  RESTRAINT  =      451.3983
 EAMBER  =  -219811.8030


   NSTEP       ENERGY          RMS            GMAX         NAME    NUMBER
   8700      -2.1941E+05     1.5383E-01     1.0054E+01     HA       3966

 BOND    =    17218.7796  ANGLE   =     1111.4925  DIHED      =     4663.3605
 VDWAALS =    44211.9277  EEL     =  -304776.9651  HBOND      =        0.0000
 1-4 VDW =     1767.7451  1-4 EEL =    15941.5879  RESTRAINT  =      451.7162
 EAMBER  =  -219862.0719


   NSTEP       ENERGY          RMS            GMAX         NAME    NUMBER
   8800      -2.1947E+05     1.8545E-01     1.4836E+01     CG       3689

 BOND    =    17230.0437  ANGLE   =     1111.3192  DIHED      =     4662.9266
 VDWAALS =    44269.8814  EEL     =  -304900.1453  HBOND      =        0.0000
 1-4 VDW =     1767.7562  1-4 EEL =    15941.5360  RESTRAINT  =      451.5517
 EAMBER  =  -219916.6822


   NSTEP       ENERGY          RMS            GMAX         NAME    NUMBER
   8900      -2.1952E+05     1.8721E-01     1.0576E+01     HA       3966

 BOND    =    17242.3569  ANGLE   =     1111.9372  DIHED      =     4662.6026
 VDWAALS =    44316.4362  EEL     =  -305012.6813  HBOND      =        0.0000
 1-4 VDW =     1767.8415  1-4 EEL =    15941.4253  RESTRAINT  =      452.0855
 EAMBER  =  -219970.0816


   NSTEP       ENERGY          RMS            GMAX         NAME    NUMBER
   9000      -2.1956E+05     1.7411E-01     1.5864E+01     CZ       3940

 BOND    =    17252.1166  ANGLE   =     1111.5769  DIHED      =     4662.3717
 VDWAALS =    44367.2635  EEL     =  -305117.7236  HBOND      =        0.0000
 1-4 VDW =     1767.8183  1-4 EEL =    15941.3779  RESTRAINT  =      451.6399
 EAMBER  =  -220015.1987


   NSTEP       ENERGY          RMS            GMAX         NAME    NUMBER
   9100      -2.1961E+05     1.4978E-01     9.5814E+00     HA       3966

 BOND    =    17263.3825  ANGLE   =     1111.7476  DIHED      =     4662.1585
 VDWAALS =    44415.4406  EEL     =  -305220.5911  HBOND      =        0.0000
 1-4 VDW =     1767.9260  1-4 EEL =    15941.4241  RESTRAINT  =      451.5422
 EAMBER  =  -220058.5118


   NSTEP       ENERGY          RMS            GMAX         NAME    NUMBER
   9200      -2.1966E+05     1.0438E-01     1.3266E+01     OD2      3691

 BOND    =    17271.6957  ANGLE   =     1111.1827  DIHED      =     4662.0265
 VDWAALS =    44468.1618  EEL     =  -305330.0657  HBOND      =        0.0000
 1-4 VDW =     1767.8831  1-4 EEL =    15941.2562  RESTRAINT  =      451.2966
 EAMBER  =  -220107.8596


   NSTEP       ENERGY          RMS            GMAX         NAME    NUMBER
   9300      -2.1970E+05     8.9441E-02     1.1442E+01     OD2      3691

 BOND    =    17281.7987  ANGLE   =     1111.0677  DIHED      =     4661.9003
 VDWAALS =    44508.9563  EEL     =  -305422.0304  HBOND      =        0.0000
 1-4 VDW =     1767.9503  1-4 EEL =    15941.1159  RESTRAINT  =      451.0791
 EAMBER  =  -220149.2413


   NSTEP       ENERGY          RMS            GMAX         NAME    NUMBER
   9400      -2.1974E+05     1.0043E-01     6.9856E+00     CD       4098

 BOND    =    17293.1287  ANGLE   =     1111.1334  DIHED      =     4661.7732
 VDWAALS =    44553.7990  EEL     =  -305518.0116  HBOND      =        0.0000
 1-4 VDW =     1768.0036  1-4 EEL =    15940.9718  RESTRAINT  =      450.6377
 EAMBER  =  -220189.2019


   NSTEP       ENERGY          RMS            GMAX         NAME    NUMBER
   9500      -2.1977E+05     6.0298E-02     3.8250E+00     OD2      3691

 BOND    =    17300.7271  ANGLE   =     1111.2925  DIHED      =     4661.7071
 VDWAALS =    44591.7091  EEL     =  -305596.2289  HBOND      =        0.0000
 1-4 VDW =     1768.0072  1-4 EEL =    15940.8190  RESTRAINT  =      450.6325
 EAMBER  =  -220221.9669


   NSTEP       ENERGY          RMS            GMAX         NAME    NUMBER
   9600      -2.1981E+05     8.0364E-02     4.7214E+00     OD2      3691

 BOND    =    17309.6652  ANGLE   =     1111.4115  DIHED      =     4661.6103
 VDWAALS =    44628.5567  EEL     =  -305677.8191  HBOND      =        0.0000
 1-4 VDW =     1768.0195  1-4 EEL =    15940.7802  RESTRAINT  =      450.6752
 EAMBER  =  -220257.7758


   NSTEP       ENERGY          RMS            GMAX         NAME    NUMBER
   9700      -2.1984E+05     1.7779E-01     2.1391E+01     C        2059

 BOND    =    17319.2562  ANGLE   =     1111.5211  DIHED      =     4661.4626
 VDWAALS =    44674.6588  EEL     =  -305769.9058  HBOND      =        0.0000
 1-4 VDW =     1767.9873  1-4 EEL =    15940.7614  RESTRAINT  =      450.9839
 EAMBER  =  -220294.2584


   NSTEP       ENERGY          RMS            GMAX         NAME    NUMBER
   9800      -2.1989E+05     1.6859E-01     1.0333E+01     OD2      3691

 BOND    =    17332.0252  ANGLE   =     1111.8075  DIHED      =     4661.1963
 VDWAALS =    44729.0478  EEL     =  -305889.3057  HBOND      =        0.0000
 1-4 VDW =     1768.0245  1-4 EEL =    15940.8448  RESTRAINT  =      451.3722
 EAMBER  =  -220346.3595


   NSTEP       ENERGY          RMS            GMAX         NAME    NUMBER
   9900      -2.1994E+05     1.6670E-01     8.4837E+00     OD2      3691

 BOND    =    17340.7211  ANGLE   =     1111.7879  DIHED      =     4660.9934
 VDWAALS =    44768.4303  EEL     =  -305982.8525  HBOND      =        0.0000
 1-4 VDW =     1768.0674  1-4 EEL =    15940.8288  RESTRAINT  =      451.2423
 EAMBER  =  -220392.0236


   NSTEP       ENERGY          RMS            GMAX         NAME    NUMBER
  10000      -2.1998E+05     1.8877E-01     1.7875E+01     CD       4403

 BOND    =    17344.6117  ANGLE   =     1111.7359  DIHED      =     4660.8807
 VDWAALS =    44807.3381  EEL     =  -306065.1044  HBOND      =        0.0000
 1-4 VDW =     1767.9896  1-4 EEL =    15941.0075  RESTRAINT  =      451.7135
 EAMBER  =  -220431.5409


  Maximum number of minimization cycles reached.


                    FINAL RESULTS



   NSTEP       ENERGY          RMS            GMAX         NAME    NUMBER
  10000      -2.1998E+05     1.8877E-01     1.7875E+01     CD       4403

 BOND    =    17344.6117  ANGLE   =     1111.7359  DIHED      =     4660.8807
 VDWAALS =    44807.3381  EEL     =  -306065.1044  HBOND      =        0.0000
 1-4 VDW =     1767.9896  1-4 EEL =    15941.0075  RESTRAINT  =      451.7135
 EAMBER  =  -220431.5409
--------------------------------------------------------------------------------
   5.  TIMINGS
--------------------------------------------------------------------------------

|  NonSetup CPU Time in Major Routines, Average for All Tasks:
|
|     Routine           Sec        %
|     ------------------------------
|     DataDistrib      38.01   16.98
|     Nonbond         179.79   80.35
|     Bond              0.81    0.36
|     Angle             0.59    0.26
|     Dihedral          3.59    1.60
|     Shake             0.00    0.00
|     Other             0.99    0.44
|     ------------------------------
|     Total           223.77

|  PME Nonbond Pairlist CPU Time, Average for All Tasks:
|
|     Routine              Sec        %
|     ---------------------------------
|     Set Up Cit           0.63    0.28
|     Build List           6.13    2.74
|     ---------------------------------
|     Total                6.76    3.02

|  PME Direct Force CPU Time, Average for All Tasks:
|
|     Routine              Sec        %
|     ---------------------------------
|     NonBonded Calc     124.96   55.85
|     Exclude Masked       2.26    1.01
|     Other                3.16    1.41
|     ---------------------------------
|     Total              130.38   58.27

|  PME Reciprocal Force CPU Time, Average for All Tasks:
|
|     Routine              Sec        %
|     ---------------------------------
|     1D bspline           2.98    1.33
|     Grid Charges         3.76    1.68
|     Scalar Sum           3.93    1.76
|     Gradient Sum         5.85    2.61
|     FFT                 24.12   10.78
|     ---------------------------------
|     Total               40.63   18.16

|  PME Load Balancing CPU Time, Average for All Tasks:
|
|     Routine                 Sec        %
|     ------------------------------------
|     Atom Reassign           0.00    0.00
|     Image Reassign          0.00    0.00
|     FFT Reassign            0.00    0.00
|     ------------------------------------
|     Total                   0.00    0.00

|  Master Setup CPU time:            0.35 seconds
|  Master NonSetup CPU time:       223.72 seconds
|  Master Total CPU time:          224.07 seconds     0.06 hours

|  Master Setup wall time:           1    seconds
|  Master NonSetup wall time:      225    seconds
|  Master Total wall time:         226    seconds     0.06 hours
