host=comp050.hpc start=Tue Jul 14 23:00:18 SAST 2026
=== running polf_R_bare ===
=== running polf_TS_bare ===
=== running polf_R_pc ===
=== running polf_TS_pc ===
=== polarized barrier change vs frozen-density prediction (NET-FREE) ===
  polf_R_bare: E = -836.369654814158  converged=True
  polf_TS_bare: E = -836.349371650508  converged=True
  polf_R_pc: E = -836.007545039426  converged=True
  polf_TS_pc: E = -836.003361551042  converged=True

bare barrier        = +0.020283 Eh (+12.728 kcal/mol)
with-charge barrier = +0.004183 Eh (+2.625 kcal/mol)
ddE_polarized (true)      = -0.016100 Eh (-10.103 kcal/mol)
ddE_frozen (q.Dv predict) = -0.017976 Eh (-11.280 kcal/mol)
polarization correction   = +0.001876 Eh (+1.177 kcal/mol)  [-10.4% of frozen]

COMPARISON: net-neutral true was -8.350 kcal/mol; net-free frozen was -11.280.
  net-free true ddE = -10.103 kcal/mol
  -> net-free retains an advantage even after polarization; worth reporting as a real effect.
  net-free polarization correction -10.4% vs net-neutral's -10.0% (larger correction => leaned harder on the unreliable regime).
end=Tue Jul 14 23:02:44 SAST 2026
