geometric-optimize called with the following command line:
k2_spike_wall.py run

                                        [91m())))))))))))))))/[0m                     
                                    [91m())))))))))))))))))))))))),[0m                
                                [91m*)))))))))))))))))))))))))))))))))[0m             
                        [94m#,[0m    [91m()))))))))/[0m                [91m.)))))))))),[0m          
                      [94m#%%%%,[0m  [91m())))))[0m                        [91m.))))))))*[0m        
                      [94m*%%%%%%,[0m  [91m))[0m              [93m..[0m              [91m,))))))).[0m      
                        [94m*%%%%%%,[0m         [93m***************/.[0m        [91m.)))))))[0m     
                [94m#%%/[0m      [94m(%%%%%%,[0m    [93m/*********************.[0m       [91m)))))))[0m    
              [94m.%%%%%%#[0m      [94m*%%%%%%,[0m  [93m*******/,[0m     [93m**********,[0m      [91m.))))))[0m   
                [94m.%%%%%%/[0m      [94m*%%%%%%,[0m  [93m**[0m              [93m********[0m      [91m.))))))[0m  
          [94m##[0m      [94m.%%%%%%/[0m      [94m(%%%%%%,[0m                  [93m,******[0m      [91m/)))))[0m  
        [94m%%%%%%[0m      [94m.%%%%%%#[0m      [94m*%%%%%%,[0m    [92m,/////.[0m       [93m******[0m      [91m))))))[0m 
      [94m#%[0m      [94m%%[0m      [94m.%%%%%%/[0m      [94m*%%%%%%,[0m  [92m////////,[0m      [93m*****/[0m     [91m,)))))[0m 
    [94m#%%[0m  [94m%%%[0m  [94m%%%#[0m      [94m.%%%%%%/[0m      [94m(%%%%%%,[0m  [92m///////.[0m     [93m/*****[0m      [91m))))).[0m
  [94m#%%%%.[0m      [94m%%%%%#[0m      [94m/%%%%%%*[0m      [94m#%%%%%%[0m   [92m/////)[0m     [93m******[0m      [91m))))),[0m
    [94m#%%%%##%[0m  [94m%%%#[0m      [94m.%%%%%%/[0m      [94m(%%%%%%,[0m  [92m///////.[0m     [93m/*****[0m      [91m))))).[0m
      [94m##[0m     [94m%%%[0m      [94m.%%%%%%/[0m      [94m*%%%%%%,[0m  [92m////////.[0m      [93m*****/[0m     [91m,)))))[0m 
        [94m#%%%%#[0m      [94m/%%%%%%/[0m      [94m(%%%%%%[0m      [92m/)/)//[0m       [93m******[0m      [91m))))))[0m 
          [94m##[0m      [94m.%%%%%%/[0m      [94m(%%%%%%,[0m                  [93m*******[0m      [91m))))))[0m  
                [94m.%%%%%%/[0m      [94m*%%%%%%,[0m  [93m**.[0m             [93m/*******[0m      [91m.))))))[0m  
              [94m*%%%%%%/[0m      [94m(%%%%%%[0m   [93m********/*..,*/*********[0m       [91m*))))))[0m   
                [94m#%%/[0m      [94m(%%%%%%,[0m    [93m*********************/[0m        [91m)))))))[0m    
                        [94m*%%%%%%,[0m         [93m,**************/[0m         [91m,))))))/[0m     
                      [94m(%%%%%%[0m   [91m()[0m                              [91m))))))))[0m       
                      [94m#%%%%,[0m  [91m())))))[0m                        [91m,)))))))),[0m        
                        [94m#,[0m    [91m())))))))))[0m                [91m,)))))))))).[0m          
                                 [91m()))))))))))))))))))))))))))))))/[0m             
                                    [91m())))))))))))))))))))))))).[0m                
                                         [91m())))))))))))))),[0m                     

-=# [1;94m geomeTRIC started. Version: 1.1.1 [0m #=-
Current date and time: 2026-07-22 20:34:46
#========================================================#
#| [92m    Arguments passed to driver run_optimizer():     [0m |#
#========================================================#
bothre                    0.0 
convergence_cmax          0.01 
convergence_dmax          0.004 
convergence_drms          0.002 
convergence_energy        5e-06 
convergence_gmax          0.0003 
convergence_grms          0.0001 
coordsys                  hdlc 
customengine              <ash.interfaces.interface_geometric_new.ASHengineclass object at 0x14f497380190> 
input                     dummyinputname 
irc                       False 
logIni                    /home/18660916/envs/ash/lib/python3.11/site-packages/ash/log.ini 
maxiter                   80 
prefix                    geometric_OPTtraj 
rigid                     False 
subfrctor                 1 
transition                False 
verbose                   0 
----------------------------------------------------------
Custom engine selected.
Bonds will be generated from interatomic distances less than 1.20 times sum of covalent radii
Creating artificial bond to isolated atom: 25-24
Creating artificial bond to isolated atom: 26-8
78 internal coordinates being used (instead of 78 Cartesians)
Internal coordinate system (atoms numbered from 1):
Distance 1-2
Distance 1-3
Distance 1-4
Distance 4-5
Distance 4-8
Distance 5-6
Distance 5-7
Distance 8-9
Distance 8-26
Distance 9-10
Distance 9-11
Distance 9-18
Distance 11-12
Distance 11-13
Distance 13-14
Distance 13-22
Distance 14-15
Distance 14-16
Distance 16-17
Distance 16-18
Distance 18-19
Distance 18-20
Distance 20-21
Distance 22-23
Distance 22-24
Distance 24-25
Angle 2-1-4
Angle 3-1-4
Angle 1-4-8
Angle 5-4-8
Angle 4-5-7
Angle 6-5-7
Angle 4-8-26
Angle 9-8-26
Angle 8-9-10
Angle 8-9-11
Angle 8-9-18
Angle 10-9-11
Angle 10-9-18
Angle 11-9-18
Angle 9-11-13
Angle 12-11-13
Angle 11-13-22
Angle 14-13-22
Angle 13-14-16
Angle 15-14-16
Angle 14-16-18
Angle 17-16-18
Angle 9-18-16
Angle 9-18-19
Angle 9-18-20
Angle 16-18-19
Angle 16-18-20
Angle 19-18-20
Angle 18-20-21
Angle 13-22-24
Angle 23-22-24
Angle 22-24-25
Out-of-Plane 1-2-3-4
Out-of-Plane 4-1-5-8
Out-of-Plane 5-4-6-7
Out-of-Plane 8-4-9-26
Out-of-Plane 11-9-12-13
Out-of-Plane 13-11-14-22
Out-of-Plane 14-13-15-16
Out-of-Plane 16-14-17-18
Out-of-Plane 22-13-23-24
Dihedral 2-1-4-5
Dihedral 2-1-4-8
Dihedral 3-1-4-5
Dihedral 3-1-4-8
Dihedral 1-4-5-6
Dihedral 1-4-5-7
Dihedral 8-4-5-6
Dihedral 8-4-5-7
Dihedral 1-4-8-9
Dihedral 1-4-8-26
Dihedral 5-4-8-9
Dihedral 5-4-8-26
Dihedral 4-8-9-10
Dihedral 4-8-9-11
Dihedral 4-8-9-18
Dihedral 26-8-9-10
Dihedral 26-8-9-11
Dihedral 26-8-9-18
Dihedral 8-9-11-12
Dihedral 8-9-11-13
Dihedral 10-9-11-12
Dihedral 10-9-11-13
Dihedral 18-9-11-12
Dihedral 18-9-11-13
Dihedral 8-9-18-16
Dihedral 8-9-18-19
Dihedral 8-9-18-20
Dihedral 10-9-18-16
Dihedral 10-9-18-19
Dihedral 10-9-18-20
Dihedral 11-9-18-16
Dihedral 11-9-18-19
Dihedral 11-9-18-20
Dihedral 9-11-13-14
Dihedral 9-11-13-22
Dihedral 12-11-13-14
Dihedral 12-11-13-22
Dihedral 11-13-14-15
Dihedral 11-13-14-16
Dihedral 22-13-14-15
Dihedral 22-13-14-16
Dihedral 11-13-22-23
Dihedral 11-13-22-24
Dihedral 14-13-22-23
Dihedral 14-13-22-24
Dihedral 13-14-16-17
Dihedral 13-14-16-18
Dihedral 15-14-16-17
Dihedral 15-14-16-18
Dihedral 14-16-18-9
Dihedral 14-16-18-19
Dihedral 14-16-18-20
Dihedral 17-16-18-9
Dihedral 17-16-18-19
Dihedral 17-16-18-20
Dihedral 9-18-20-21
Dihedral 16-18-20-21
Dihedral 19-18-20-21
Dihedral 13-22-24-25
Dihedral 23-22-24-25
Cartesian-X 1
Cartesian-X 2
Cartesian-X 3
Cartesian-X 4
Cartesian-X 5
Cartesian-X 6
Cartesian-X 7
Cartesian-X 8
Cartesian-X 9
Cartesian-X 10
Cartesian-X 11
Cartesian-X 12
Cartesian-X 13
Cartesian-X 14
Cartesian-X 15
Cartesian-X 16
Cartesian-X 17
Cartesian-X 18
Cartesian-X 19
Cartesian-X 20
Cartesian-X 21
Cartesian-X 22
Cartesian-X 23
Cartesian-X 24
Cartesian-X 25
Cartesian-X 26
Cartesian-Y 1
Cartesian-Y 2
Cartesian-Y 3
Cartesian-Y 4
Cartesian-Y 5
Cartesian-Y 6
Cartesian-Y 7
Cartesian-Y 8
Cartesian-Y 9
Cartesian-Y 10
Cartesian-Y 11
Cartesian-Y 12
Cartesian-Y 13
Cartesian-Y 14
Cartesian-Y 15
Cartesian-Y 16
Cartesian-Y 17
Cartesian-Y 18
Cartesian-Y 19
Cartesian-Y 20
Cartesian-Y 21
Cartesian-Y 22
Cartesian-Y 23
Cartesian-Y 24
Cartesian-Y 25
Cartesian-Y 26
Cartesian-Z 1
Cartesian-Z 2
Cartesian-Z 3
Cartesian-Z 4
Cartesian-Z 5
Cartesian-Z 6
Cartesian-Z 7
Cartesian-Z 8
Cartesian-Z 9
Cartesian-Z 10
Cartesian-Z 11
Cartesian-Z 12
Cartesian-Z 13
Cartesian-Z 14
Cartesian-Z 15
Cartesian-Z 16
Cartesian-Z 17
Cartesian-Z 18
Cartesian-Z 19
Cartesian-Z 20
Cartesian-Z 21
Cartesian-Z 22
Cartesian-Z 23
Cartesian-Z 24
Cartesian-Z 25
Cartesian-Z 26
<class 'geometric.internal.Distance'> : 26
<class 'geometric.internal.Angle'> : 32
<class 'geometric.internal.OutOfPlane'> : 9
<class 'geometric.internal.Dihedral'> : 60
<class 'geometric.internal.CartesianX'> : 26
<class 'geometric.internal.CartesianY'> : 26
<class 'geometric.internal.CartesianZ'> : 26
#===================================================================================#
#| [91mNote: Detected the use of DFT for a system containing only one fragment.[0m        |#
#|                                                                                 |#
#| DFT calculations that use small to medium-sized grids can sometimes result in   |#
#| energies and/or gradients that are not translationally/rotationally invariant,  |#
#| which varies depending on the QC program used.                                  |#
#|                                                                                 |#
#| Spurious translation/rotation contributions to the energy and/or gradient       |#
#| may cause convergence failure that is observable as 'movement' or 'tumbling'    |#
#| of the molecule in the optimization output. If observed, rerun the calculation  |#
#| using --coordsys dlc and --subfrctor 2. It will project out overall translation |#
#| and rotation from the optimization space.                                       |#
#===================================================================================#
> ===== Optimization Info: ====
> Job type: Energy minimization
> Maximum number of optimization cycles: 80
> Initial / maximum trust radius (Angstrom): 0.100 / 0.300
> Convergence Criteria:
> Will converge when all 5 criteria are reached:
>  |Delta-E| < 5.00e-06
>  RMS-Grad  < 1.00e-04
>  Max-Grad  < 3.00e-04
>  RMS-Disp  < 2.00e-03
>  Max-Disp  < 4.00e-03
> === End Optimization Info ===
Step    0 : Gradient = 1.309e-02/3.801e-02 (rms/max) Energy = -836.4102172517
Hessian Eigenvalues: 2.76163e-02 2.86317e-02 2.89874e-02 ... 4.68658e-01 5.67099e-01 5.74469e-01
Step    1 : Displace = [0m2.926e-02[0m/[0m7.565e-02[0m (rms/max) Trust = 1.000e-01 (=) Grad = [0m7.585e-03[0m/[0m1.905e-02[0m (rms/max) E (change) = -836.4176736809 ([0m-7.456e-03[0m) Quality = [0m1.321[0m
Hessian Eigenvalues: 2.13800e-02 2.76941e-02 2.86789e-02 ... 4.68632e-01 5.62268e-01 5.73163e-01
Step    2 : Displace = [0m5.553e-02[0m/[0m1.764e-01[0m (rms/max) Trust = 1.414e-01 ([92m+[0m) Grad = [0m9.321e-03[0m/[0m2.770e-02[0m (rms/max) E (change) = -836.4285063233 ([0m-1.083e-02[0m) Quality = [0m1.640[0m
Hessian Eigenvalues: 5.48778e-03 2.76703e-02 2.86732e-02 ... 4.81625e-01 5.72623e-01 6.34904e-01
Step    3 : Displace = [0m2.022e-01[0m/[0m6.889e-01[0m (rms/max) Trust = 2.000e-01 ([92m+[0m) Grad = [0m2.436e-02[0m/[0m7.591e-02[0m (rms/max) E (change) = -836.4600549302 ([0m-3.155e-02[0m) Quality = [0m1.630[0m
Hessian Eigenvalues: 1.19987e-03 2.76727e-02 2.86714e-02 ... 4.87646e-01 5.72575e-01 7.49363e-01
Step    4 : Displace = [0m2.838e-01[0m/[0m1.034e+00[0m (rms/max) Trust = 2.828e-01 ([92m+[0m) Grad = [0m3.216e-02[0m/[0m8.811e-02[0m (rms/max) E (change) = -836.5275656517 ([0m-6.751e-02[0m) Quality = [0m1.589[0m
Eigenvalues below 1.0000e-05 (-3.2360e-03) - returning guess
Hessian Eigenvalues: 2.76162e-02 2.86308e-02 2.89872e-02 ... 4.74369e-01 6.33270e-01 6.73078e-01
Step    5 : Displace = [0m6.281e-02[0m/[0m2.092e-01[0m (rms/max) Trust = 3.000e-01 ([92m+[0m) Grad = [0m1.730e-02[0m/[0m4.911e-02[0m (rms/max) E (change) = -836.5738179901 ([0m-4.625e-02[0m) Quality = [0m1.563[0m
Hessian Eigenvalues: 1.66323e-02 2.77178e-02 2.86576e-02 ... 4.79579e-01 6.35908e-01 6.76883e-01
Step    6 : Displace = [0m1.874e-01[0m/[0m7.593e-01[0m (rms/max) Trust = 3.000e-01 (=) Grad = [0m3.613e-02[0m/[0m7.849e-02[0m (rms/max) E (change) = -836.6039690207 ([0m-3.015e-02[0m) Quality = [0m0.562[0m
Hessian Eigenvalues: 2.45486e-02 2.77193e-02 2.86575e-02 ... 4.78558e-01 6.39526e-01 6.85268e-01
Step    7 : Displace = [0m8.978e-02[0m/[0m3.576e-01[0m (rms/max) Trust = 3.000e-01 (=) Grad = [0m1.055e-02[0m/[0m3.615e-02[0m (rms/max) E (change) = -836.6213811636 ([0m-1.741e-02[0m) Quality = [0m0.421[0m
Hessian Eigenvalues: 2.75331e-02 2.80414e-02 2.86771e-02 ... 4.77476e-01 6.35139e-01 6.76642e-01
Step    8 : Displace = [0m5.493e-02[0m/[0m2.442e-01[0m (rms/max) Trust = 3.000e-01 (=) Grad = [0m1.350e-02[0m/[0m3.955e-02[0m (rms/max) E (change) = -836.6425529710 ([0m-2.117e-02[0m) Quality = [0m2.215[0m
Eigenvalues below 1.0000e-05 (-7.4814e-02) - returning guess
Hessian Eigenvalues: 2.76162e-02 2.86305e-02 2.89872e-02 ... 4.92602e-01 5.95483e-01 6.06149e-01
Step    9 : Displace = [0m7.746e-02[0m/[0m3.419e-01[0m (rms/max) Trust = 3.000e-01 (=) Grad = [0m2.294e-02[0m/[0m5.512e-02[0m (rms/max) E (change) = -836.6648186793 ([0m-2.227e-02[0m) Quality = [0m1.302[0m
Hessian Eigenvalues: 2.37872e-02 2.76798e-02 2.86653e-02 ... 4.94159e-01 5.94683e-01 6.06933e-01
Step   10 : Displace = [0m6.263e-02[0m/[0m2.720e-01[0m (rms/max) Trust = 3.000e-01 (=) Grad = [0m1.594e-02[0m/[0m3.636e-02[0m (rms/max) E (change) = -836.6767569662 ([0m-1.194e-02[0m) Quality = [0m0.813[0m
Hessian Eigenvalues: 1.80996e-02 2.76431e-02 2.86637e-02 ... 4.88370e-01 5.95095e-01 6.06447e-01
Step   11 : Displace = [0m9.241e-02[0m/[0m2.578e-01[0m (rms/max) Trust = 3.000e-01 (=) Grad = [0m3.463e-02[0m/[0m8.076e-02[0m (rms/max) E (change) = -836.6441916155 ([91m+3.257e-02[0m) Quality = [91m-1.145[0m
[93mRejecting step - quality is lower than -1.0[0m
Hessian Eigenvalues: 1.80996e-02 2.76431e-02 2.86637e-02 ... 4.88370e-01 5.95095e-01 6.06447e-01
Step   12 : Displace = [0m4.602e-02[0m/[0m1.510e-01[0m (rms/max) Trust = 4.620e-02 ([1;91mx[0m) Grad = [0m1.690e-02[0m/[0m4.330e-02[0m (rms/max) E (change) = -836.6760351027 ([91m+7.219e-04[0m) Quality = [91m-0.037[0m
Hessian Eigenvalues: 2.04839e-02 2.76312e-02 2.86478e-02 ... 5.00067e-01 5.94733e-01 6.06090e-01
Step   13 : Displace = [0m2.099e-02[0m/[0m5.931e-02[0m (rms/max) Trust = 2.301e-02 ([91m-[0m) Grad = [0m7.805e-03[0m/[0m2.277e-02[0m (rms/max) E (change) = -836.6851593891 ([0m-9.124e-03[0m) Quality = [0m1.432[0m
Hessian Eigenvalues: 1.74317e-02 2.68741e-02 2.80876e-02 ... 4.95345e-01 5.95002e-01 6.05969e-01
Step   14 : Displace = [0m3.249e-02[0m/[0m8.586e-02[0m (rms/max) Trust = 3.254e-02 ([92m+[0m) Grad = [0m5.853e-03[0m/[0m1.253e-02[0m (rms/max) E (change) = -836.6900727203 ([0m-4.913e-03[0m) Quality = [0m1.007[0m
Hessian Eigenvalues: 1.47033e-02 2.59355e-02 2.80121e-02 ... 5.24768e-01 5.96326e-01 6.06052e-01
Step   15 : Displace = [0m3.921e-02[0m/[0m8.404e-02[0m (rms/max) Trust = 4.602e-02 ([92m+[0m) Grad = [0m6.948e-03[0m/[0m1.781e-02[0m (rms/max) E (change) = -836.6930413201 ([0m-2.969e-03[0m) Quality = [0m1.194[0m
Hessian Eigenvalues: 8.77044e-03 2.58146e-02 2.80804e-02 ... 5.09326e-01 5.94872e-01 6.06008e-01
Step   16 : Displace = [0m4.986e-02[0m/[0m1.041e-01[0m (rms/max) Trust = 6.508e-02 ([92m+[0m) Grad = [0m5.273e-03[0m/[0m1.210e-02[0m (rms/max) E (change) = -836.6970317137 ([0m-3.990e-03[0m) Quality = [0m1.350[0m
Hessian Eigenvalues: 6.56107e-03 2.53797e-02 2.80299e-02 ... 4.92458e-01 5.94289e-01 6.08764e-01
Step   17 : Displace = [0m4.872e-02[0m/[0m1.416e-01[0m (rms/max) Trust = 9.204e-02 ([92m+[0m) Grad = [0m4.635e-03[0m/[0m1.017e-02[0m (rms/max) E (change) = -836.6999987659 ([0m-2.967e-03[0m) Quality = [0m1.279[0m
Hessian Eigenvalues: 5.10933e-03 2.33943e-02 2.76179e-02 ... 4.80550e-01 5.97346e-01 6.07499e-01
Step   18 : Displace = [0m4.844e-02[0m/[0m1.699e-01[0m (rms/max) Trust = 1.302e-01 ([92m+[0m) Grad = [0m5.942e-03[0m/[0m1.382e-02[0m (rms/max) E (change) = -836.7025786369 ([0m-2.580e-03[0m) Quality = [0m1.393[0m
Hessian Eigenvalues: 3.59633e-03 1.61830e-02 2.68192e-02 ... 4.83107e-01 5.97078e-01 6.33488e-01
Step   19 : Displace = [0m9.050e-02[0m/[0m3.195e-01[0m (rms/max) Trust = 1.841e-01 ([92m+[0m) Grad = [0m1.093e-02[0m/[0m3.325e-02[0m (rms/max) E (change) = -836.7050446719 ([0m-2.466e-03[0m) Quality = [0m0.782[0m
Hessian Eigenvalues: 2.53971e-03 2.00667e-02 2.70164e-02 ... 4.97960e-01 5.95010e-01 6.39735e-01
Step   20 : Displace = [0m7.560e-02[0m/[0m2.093e-01[0m (rms/max) Trust = 2.603e-01 ([92m+[0m) Grad = [0m1.382e-02[0m/[0m4.057e-02[0m (rms/max) E (change) = -836.7052021739 ([0m-1.575e-04[0m) Quality = [0m0.042[0m
Hessian Eigenvalues: 5.92748e-03 1.64627e-02 2.76511e-02 ... 5.21444e-01 5.95800e-01 6.18605e-01
Step   21 : Displace = [0m3.921e-02[0m/[0m9.673e-02[0m (rms/max) Trust = 3.780e-02 ([91m-[0m) Grad = [0m1.379e-02[0m/[0m4.705e-02[0m (rms/max) E (change) = -836.7095662632 ([0m-4.364e-03[0m) Quality = [0m0.537[0m
Hessian Eigenvalues: 6.24364e-03 2.08608e-02 2.72889e-02 ... 5.91428e-01 6.05278e-01 6.46206e-01
Step   22 : Displace = [0m3.823e-02[0m/[0m9.792e-02[0m (rms/max) Trust = 3.780e-02 (=) Grad = [0m6.904e-03[0m/[0m1.779e-02[0m (rms/max) E (change) = -836.7149239747 ([0m-5.358e-03[0m) Quality = [0m1.019[0m
Hessian Eigenvalues: 5.43438e-03 1.93668e-02 2.60391e-02 ... 5.89208e-01 6.10939e-01 6.86819e-01
Step   23 : Displace = [0m5.303e-02[0m/[0m1.374e-01[0m (rms/max) Trust = 5.346e-02 ([92m+[0m) Grad = [0m9.550e-03[0m/[0m2.949e-02[0m (rms/max) E (change) = -836.7203703392 ([0m-5.446e-03[0m) Quality = [0m1.697[0m
Hessian Eigenvalues: 1.42677e-03 1.52421e-02 2.43762e-02 ... 5.90217e-01 6.15321e-01 9.31884e-01
Step   24 : Displace = [0m6.931e-02[0m/[0m2.068e-01[0m (rms/max) Trust = 7.560e-02 ([92m+[0m) Grad = [0m1.243e-02[0m/[0m3.866e-02[0m (rms/max) E (change) = -836.7290955303 ([0m-8.725e-03[0m) Quality = [0m1.126[0m
Hessian Eigenvalues: 1.69752e-03 1.19352e-02 2.32767e-02 ... 5.90124e-01 6.33568e-01 9.52108e-01
Step   25 : Displace = [0m9.781e-02[0m/[0m2.670e-01[0m (rms/max) Trust = 1.069e-01 ([92m+[0m) Grad = [0m1.304e-02[0m/[0m3.455e-02[0m (rms/max) E (change) = -836.7397223838 ([0m-1.063e-02[0m) Quality = [0m1.055[0m
Hessian Eigenvalues: 3.28587e-03 8.96386e-03 2.24853e-02 ... 5.91695e-01 6.32668e-01 7.93943e-01
Step   26 : Displace = [0m1.173e-01[0m/[0m3.022e-01[0m (rms/max) Trust = 1.512e-01 ([92m+[0m) Grad = [0m1.433e-02[0m/[0m3.345e-02[0m (rms/max) E (change) = -836.7475511995 ([0m-7.829e-03[0m) Quality = [0m0.895[0m
Hessian Eigenvalues: 1.66893e-03 1.35457e-02 2.18950e-02 ... 6.16300e-01 6.45581e-01 7.24975e-01
Step   27 : Displace = [0m5.416e-02[0m/[0m1.369e-01[0m (rms/max) Trust = 2.138e-01 ([92m+[0m) Grad = [0m1.341e-02[0m/[0m3.744e-02[0m (rms/max) E (change) = -836.7508523833 ([0m-3.301e-03[0m) Quality = [0m0.459[0m
Hessian Eigenvalues: 1.71464e-03 6.16042e-03 1.55411e-02 ... 6.15522e-01 7.19963e-01 2.28108e+01
Step   28 : Displace = [0m2.352e-01[0m/[0m6.293e-01[0m (rms/max) Trust = 2.138e-01 (=) Grad = [0m8.595e-02[0m/[0m2.125e-01[0m (rms/max) E (change) = -836.5015056051 ([0m+2.493e-01[0m) Quality = [0m0.011[0m
Eigenvalues below 1.0000e-05 (-9.5329e-01) - returning guess
Hessian Eigenvalues: 2.68320e-02 2.76142e-02 2.86186e-02 ... 5.90576e-01 6.52221e-01 8.13369e-01
Step   29 : Displace = [0m1.112e-01[0m/[0m3.196e-01[0m (rms/max) Trust = 1.069e-01 ([91m-[0m) Grad = [0m3.898e-02[0m/[0m8.754e-02[0m (rms/max) E (change) = -836.6686208799 ([0m-1.671e-01[0m) Quality = [0m0.698[0m
Hessian Eigenvalues: 2.70294e-02 2.76117e-02 2.86172e-02 ... 5.86656e-01 6.79379e-01 8.36016e-01
Step   30 : Displace = [0m1.054e-01[0m/[0m3.787e-01[0m (rms/max) Trust = 1.069e-01 (=) Grad = [0m4.335e-02[0m/[0m1.526e-01[0m (rms/max) E (change) = -836.7143184658 ([0m-4.570e-02[0m) Quality = [0m0.448[0m
Hessian Eigenvalues: 2.48534e-02 2.76188e-02 2.86241e-02 ... 5.86416e-01 6.86665e-01 8.07366e-01
Step   31 : Displace = [0m1.079e-01[0m/[0m3.485e-01[0m (rms/max) Trust = 1.069e-01 (=) Grad = [0m3.796e-02[0m/[0m1.114e-01[0m (rms/max) E (change) = -836.7170362789 ([0m-2.718e-03[0m) Quality = [0m0.038[0m
Hessian Eigenvalues: 2.76138e-02 2.82250e-02 2.86312e-02 ... 6.15536e-01 6.64514e-01 8.26250e-01
Step   32 : Displace = [0m5.328e-02[0m/[0m1.725e-01[0m (rms/max) Trust = 5.346e-02 ([91m-[0m) Grad = [0m1.249e-02[0m/[0m3.033e-02[0m (rms/max) E (change) = -836.7496799374 ([0m-3.264e-02[0m) Quality = [0m0.962[0m
Hessian Eigenvalues: 2.76147e-02 2.81103e-02 2.86292e-02 ... 6.07655e-01 6.73057e-01 8.05187e-01
Step   33 : Displace = [0m4.899e-02[0m/[0m1.334e-01[0m (rms/max) Trust = 7.560e-02 ([92m+[0m) Grad = [0m3.335e-02[0m/[0m1.012e-01[0m (rms/max) E (change) = -836.7487234470 ([91m+9.565e-04[0m) Quality = [91m-0.096[0m
Hessian Eigenvalues: 2.10519e-02 2.76336e-02 2.86226e-02 ... 6.42961e-01 7.15303e-01 9.38934e-01
Step   34 : Displace = [0m2.547e-02[0m/[0m7.313e-02[0m (rms/max) Trust = 2.450e-02 ([91m-[0m) Grad = [0m2.584e-02[0m/[0m9.528e-02[0m (rms/max) E (change) = -836.7556798734 ([0m-6.956e-03[0m) Quality = [0m0.485[0m
Hessian Eigenvalues: 2.57268e-02 2.76837e-02 2.86156e-02 ... 5.89838e-01 6.47386e-01 1.25895e+00
Step   35 : Displace = [0m2.424e-02[0m/[0m6.684e-02[0m (rms/max) Trust = 2.450e-02 (=) Grad = [0m1.596e-02[0m/[0m4.743e-02[0m (rms/max) E (change) = -836.7567714096 ([0m-1.092e-03[0m) Quality = [0m0.101[0m
Hessian Eigenvalues: 2.57672e-02 2.77610e-02 2.86639e-02 ... 6.11639e-01 7.84874e-01 1.02713e+00
Step   36 : Displace = [0m1.215e-02[0m/[0m4.124e-02[0m (rms/max) Trust = 1.212e-02 ([91m-[0m) Grad = [0m6.891e-03[0m/[0m1.538e-02[0m (rms/max) E (change) = -836.7609392822 ([0m-4.168e-03[0m) Quality = [0m0.993[0m
Hessian Eigenvalues: 2.57879e-02 2.77542e-02 2.86628e-02 ... 6.10831e-01 7.96808e-01 1.01755e+00
Step   37 : Displace = [0m1.823e-02[0m/[0m5.005e-02[0m (rms/max) Trust = 1.714e-02 ([92m+[0m) Grad = [0m5.497e-03[0m/[0m1.727e-02[0m (rms/max) E (change) = -836.7633395869 ([0m-2.400e-03[0m) Quality = [0m1.035[0m
Hessian Eigenvalues: 1.55977e-02 2.77002e-02 2.86894e-02 ... 6.00372e-01 8.85848e-01 1.02142e+00
Step   38 : Displace = [0m2.368e-02[0m/[0m7.452e-02[0m (rms/max) Trust = 2.424e-02 ([92m+[0m) Grad = [0m7.196e-03[0m/[0m1.907e-02[0m (rms/max) E (change) = -836.7645782187 ([0m-1.239e-03[0m) Quality = [0m0.659[0m
Hessian Eigenvalues: 1.40752e-02 2.77433e-02 2.87145e-02 ... 6.62847e-01 9.83808e-01 1.11314e+00
Step   39 : Displace = [0m2.462e-02[0m/[0m4.939e-02[0m (rms/max) Trust = 2.424e-02 (=) Grad = [0m4.917e-03[0m/[0m1.376e-02[0m (rms/max) E (change) = -836.7670994767 ([0m-2.521e-03[0m) Quality = [0m1.298[0m
Hessian Eigenvalues: 8.71612e-03 2.77384e-02 2.87181e-02 ... 7.35762e-01 9.36944e-01 9.88903e-01
Step   40 : Displace = [0m3.618e-02[0m/[0m7.766e-02[0m (rms/max) Trust = 3.428e-02 ([92m+[0m) Grad = [0m2.684e-03[0m/[0m6.543e-03[0m (rms/max) E (change) = -836.7691064147 ([0m-2.007e-03[0m) Quality = [0m1.306[0m
Hessian Eigenvalues: 5.60552e-03 2.77320e-02 2.87158e-02 ... 7.36990e-01 9.07358e-01 9.90015e-01
Step   41 : Displace = [0m3.688e-02[0m/[0m8.495e-02[0m (rms/max) Trust = 4.847e-02 ([92m+[0m) Grad = [0m3.584e-03[0m/[0m8.615e-03[0m (rms/max) E (change) = -836.7705433892 ([0m-1.437e-03[0m) Quality = [0m1.232[0m
Hessian Eigenvalues: 3.65339e-03 2.76859e-02 2.86096e-02 ... 7.62093e-01 9.16065e-01 1.00742e+00
Step   42 : Displace = [0m3.989e-02[0m/[0m8.724e-02[0m (rms/max) Trust = 6.855e-02 ([92m+[0m) Grad = [0m3.283e-03[0m/[0m1.041e-02[0m (rms/max) E (change) = -836.7712232889 ([0m-6.799e-04[0m) Quality = [0m0.832[0m
Hessian Eigenvalues: 3.92942e-03 2.35343e-02 2.79302e-02 ... 7.61548e-01 9.56214e-01 1.03148e+00
Step   43 : Displace = [0m2.830e-02[0m/[0m6.802e-02[0m (rms/max) Trust = 9.695e-02 ([92m+[0m) Grad = [0m4.117e-03[0m/[0m1.218e-02[0m (rms/max) E (change) = -836.7721042134 ([0m-8.809e-04[0m) Quality = [0m0.891[0m
Hessian Eigenvalues: 3.06288e-03 1.95380e-02 2.78728e-02 ... 7.64292e-01 1.00457e+00 1.20171e+00
Step   44 : Displace = [0m3.290e-02[0m/[0m8.727e-02[0m (rms/max) Trust = 1.371e-01 ([92m+[0m) Grad = [0m3.277e-03[0m/[0m8.015e-03[0m (rms/max) E (change) = -836.7729760461 ([0m-8.718e-04[0m) Quality = [0m1.160[0m
Hessian Eigenvalues: 1.56003e-03 1.79466e-02 2.78452e-02 ... 7.59219e-01 9.96379e-01 1.21909e+00
Step   45 : Displace = [0m8.156e-02[0m/[0m2.287e-01[0m (rms/max) Trust = 1.939e-01 ([92m+[0m) Grad = [0m5.585e-03[0m/[0m1.280e-02[0m (rms/max) E (change) = -836.7743842130 ([0m-1.408e-03[0m) Quality = [0m1.134[0m
Hessian Eigenvalues: 1.27524e-03 1.80291e-02 2.78274e-02 ... 7.60606e-01 1.05815e+00 1.22147e+00
Step   46 : Displace = [0m3.707e-02[0m/[0m1.097e-01[0m (rms/max) Trust = 2.742e-01 ([92m+[0m) Grad = [0m5.666e-03[0m/[0m1.596e-02[0m (rms/max) E (change) = -836.7749788835 ([0m-5.947e-04[0m) Quality = [0m0.841[0m
Hessian Eigenvalues: 9.44469e-04 1.64053e-02 2.15881e-02 ... 8.81232e-01 1.21084e+00 2.63217e+00
Step   47 : Displace = [0m1.037e-01[0m/[0m3.005e-01[0m (rms/max) Trust = 3.000e-01 ([92m+[0m) Grad = [0m1.311e-02[0m/[0m3.744e-02[0m (rms/max) E (change) = -836.7736905109 ([91m+1.288e-03[0m) Quality = [91m-0.456[0m
Hessian Eigenvalues: 1.02706e-03 1.64730e-02 2.32702e-02 ... 8.87587e-01 1.21353e+00 2.26225e+00
Step   48 : Displace = [0m2.751e-02[0m/[0m7.688e-02[0m (rms/max) Trust = 5.185e-02 ([91m-[0m) Grad = [0m3.689e-03[0m/[0m8.970e-03[0m (rms/max) E (change) = -836.7769668126 ([0m-3.276e-03[0m) Quality = [0m1.104[0m
Hessian Eigenvalues: 1.09723e-03 1.64716e-02 2.33997e-02 ... 8.75010e-01 1.21688e+00 2.26950e+00
Step   49 : Displace = [0m5.375e-02[0m/[0m1.659e-01[0m (rms/max) Trust = 7.332e-02 ([92m+[0m) Grad = [0m3.853e-03[0m/[0m9.462e-03[0m (rms/max) E (change) = -836.7779900072 ([0m-1.023e-03[0m) Quality = [0m1.172[0m
Hessian Eigenvalues: 6.61966e-04 1.61973e-02 2.13528e-02 ... 9.21621e-01 1.24463e+00 2.24365e+00
Step   50 : Displace = [0m1.031e-01[0m/[0m3.273e-01[0m (rms/max) Trust = 1.037e-01 ([92m+[0m) Grad = [0m4.649e-03[0m/[0m1.023e-02[0m (rms/max) E (change) = -836.7794463669 ([0m-1.456e-03[0m) Quality = [0m1.398[0m
Hessian Eigenvalues: 4.85278e-04 1.23129e-02 1.94845e-02 ... 9.14846e-01 1.23560e+00 2.21080e+00
Step   51 : Displace = [0m1.323e-01[0m/[0m4.374e-01[0m (rms/max) Trust = 1.466e-01 ([92m+[0m) Grad = [0m2.853e-03[0m/[0m6.390e-03[0m (rms/max) E (change) = -836.7813653287 ([0m-1.919e-03[0m) Quality = [0m1.366[0m
Hessian Eigenvalues: 4.17678e-04 9.29852e-03 1.88576e-02 ... 9.08408e-01 1.23388e+00 2.24480e+00
Step   52 : Displace = [0m9.461e-02[0m/[0m3.250e-01[0m (rms/max) Trust = 2.074e-01 ([92m+[0m) Grad = [0m6.721e-03[0m/[0m2.111e-02[0m (rms/max) E (change) = -836.7820660843 ([0m-7.008e-04[0m) Quality = [0m0.743[0m
Hessian Eigenvalues: 3.40219e-04 6.38626e-03 1.82232e-02 ... 9.94596e-01 1.24024e+00 5.42738e+00
Step   53 : Displace = [0m1.228e-01[0m/[0m4.222e-01[0m (rms/max) Trust = 2.074e-01 (=) Grad = [0m7.631e-03[0m/[0m2.618e-02[0m (rms/max) E (change) = -836.7826164577 ([0m-5.504e-04[0m) Quality = [0m0.255[0m
Hessian Eigenvalues: 3.50788e-04 8.00362e-03 1.77417e-02 ... 1.00816e+00 1.23977e+00 4.98210e+00
Step   54 : Displace = [0m1.913e-02[0m/[0m4.592e-02[0m (rms/max) Trust = 2.074e-01 (=) Grad = [0m3.543e-03[0m/[0m7.894e-03[0m (rms/max) E (change) = -836.7841770060 ([0m-1.561e-03[0m) Quality = [0m1.143[0m
Hessian Eigenvalues: 3.53071e-04 8.45375e-03 1.68898e-02 ... 9.98982e-01 1.24606e+00 4.98857e+00
Step   55 : Displace = [0m3.330e-02[0m/[0m1.035e-01[0m (rms/max) Trust = 2.933e-01 ([92m+[0m) Grad = [0m3.931e-03[0m/[0m1.035e-02[0m (rms/max) E (change) = -836.7850108268 ([0m-8.338e-04[0m) Quality = [0m0.875[0m
Hessian Eigenvalues: 4.07189e-04 8.04138e-03 1.22968e-02 ... 1.00097e+00 1.25074e+00 4.99466e+00
Step   56 : Displace = [0m1.057e-01[0m/[0m3.787e-01[0m (rms/max) Trust = 3.000e-01 ([92m+[0m) Grad = [0m4.660e-03[0m/[0m1.222e-02[0m (rms/max) E (change) = -836.7864364488 ([0m-1.426e-03[0m) Quality = [0m1.463[0m
Hessian Eigenvalues: 2.28445e-04 6.54320e-03 1.18774e-02 ... 1.00810e+00 1.25019e+00 4.99360e+00
Step   57 : Displace = [0m2.147e-01[0m/[0m7.811e-01[0m (rms/max) Trust = 3.000e-01 (=) Grad = [0m6.894e-03[0m/[0m1.706e-02[0m (rms/max) E (change) = -836.7878769366 ([0m-1.440e-03[0m) Quality = [0m0.941[0m
Hessian Eigenvalues: 3.36533e-04 5.08110e-03 1.16976e-02 ... 1.00278e+00 1.25446e+00 4.98823e+00
Step   58 : Displace = [0m3.827e-02[0m/[0m7.212e-02[0m (rms/max) Trust = 3.000e-01 (=) Grad = [0m4.504e-03[0m/[0m1.155e-02[0m (rms/max) E (change) = -836.7897379407 ([0m-1.861e-03[0m) Quality = [0m1.244[0m
Hessian Eigenvalues: 3.09806e-04 4.65952e-03 1.13126e-02 ... 1.00120e+00 1.27847e+00 4.99068e+00
Step   59 : Displace = [0m1.489e-01[0m/[0m5.523e-01[0m (rms/max) Trust = 3.000e-01 (=) Grad = [0m6.591e-03[0m/[0m1.985e-02[0m (rms/max) E (change) = -836.7913259977 ([0m-1.588e-03[0m) Quality = [0m1.137[0m
Hessian Eigenvalues: 2.17932e-04 4.34737e-03 1.09689e-02 ... 1.05954e+00 1.27968e+00 5.12389e+00
Step   60 : Displace = [0m1.733e-01[0m/[0m6.516e-01[0m (rms/max) Trust = 3.000e-01 (=) Grad = [0m6.720e-03[0m/[0m1.524e-02[0m (rms/max) E (change) = -836.7924975499 ([0m-1.172e-03[0m) Quality = [0m0.650[0m
Hessian Eigenvalues: 2.42174e-04 4.55665e-03 1.06130e-02 ... 1.06299e+00 1.29866e+00 5.13585e+00
Step   61 : Displace = [0m2.193e-02[0m/[0m4.620e-02[0m (rms/max) Trust = 3.000e-01 (=) Grad = [0m1.109e-02[0m/[0m4.372e-02[0m (rms/max) E (change) = -836.7928361931 ([0m-3.386e-04[0m) Quality = [0m0.273[0m
Hessian Eigenvalues: 2.34447e-04 4.41528e-03 8.78604e-03 ... 1.20164e+00 1.46031e+00 2.07298e+01
Step   62 : Displace = [0m3.178e-01[0m/[0m1.140e+00[0m (rms/max) Trust = 3.000e-01 (=) Grad = [0m2.097e-02[0m/[0m4.924e-02[0m (rms/max) E (change) = -836.7809586756 ([91m+1.188e-02[0m) Quality = [91m-2.032[0m
[93mRejecting step - quality is lower than -1.0[0m
Hessian Eigenvalues: 2.34447e-04 4.41528e-03 8.78604e-03 ... 1.20164e+00 1.46031e+00 2.07298e+01
Step   63 : Displace = [0m1.515e-01[0m/[0m5.095e-01[0m (rms/max) Trust = 1.500e-01 ([1;91mx[0m) Grad = [0m1.760e-02[0m/[0m4.282e-02[0m (rms/max) E (change) = -836.7861331174 ([91m+6.703e-03[0m) Quality = [91m-1.272[0m
[93mRejecting step - quality is lower than -1.0[0m
Hessian Eigenvalues: 2.34447e-04 4.41528e-03 8.78604e-03 ... 1.20164e+00 1.46031e+00 2.07298e+01
Step   64 : Displace = [0m7.777e-02[0m/[0m2.142e-01[0m (rms/max) Trust = 7.500e-02 ([1;91mx[0m) Grad = [0m1.508e-02[0m/[0m3.705e-02[0m (rms/max) E (change) = -836.7886869592 ([91m+4.149e-03[0m) Quality = [91m-0.904[0m
Hessian Eigenvalues: 2.87833e-04 4.68310e-03 1.02465e-02 ... 1.20354e+00 1.44862e+00 1.47207e+01
Step   65 : Displace = [0m4.103e-02[0m/[0m7.317e-02[0m (rms/max) Trust = 3.750e-02 ([91m-[0m) Grad = [0m5.318e-03[0m/[0m1.386e-02[0m (rms/max) E (change) = -836.7941713540 ([0m-5.484e-03[0m) Quality = [0m1.128[0m
Hessian Eigenvalues: 2.86522e-04 4.78008e-03 1.03741e-02 ... 1.20221e+00 1.39673e+00 1.47215e+01
Step   66 : Displace = [0m5.269e-02[0m/[0m1.935e-01[0m (rms/max) Trust = 5.303e-02 ([92m+[0m) Grad = [0m4.011e-03[0m/[0m1.215e-02[0m (rms/max) E (change) = -836.7946407213 ([0m-4.694e-04[0m) Quality = [0m0.529[0m
Hessian Eigenvalues: 2.96688e-04 4.94014e-03 1.02477e-02 ... 1.17868e+00 1.38692e+00 1.48075e+01
Step   67 : Displace = [0m2.934e-02[0m/[0m9.902e-02[0m (rms/max) Trust = 5.303e-02 (=) Grad = [0m3.012e-03[0m/[0m7.555e-03[0m (rms/max) E (change) = -836.7951224425 ([0m-4.817e-04[0m) Quality = [0m1.253[0m
Hessian Eigenvalues: 3.36865e-04 3.61441e-03 9.96169e-03 ... 1.25932e+00 1.49786e+00 1.46999e+01
Step   68 : Displace = [0m3.689e-02[0m/[0m6.747e-02[0m (rms/max) Trust = 7.500e-02 ([92m+[0m) Grad = [0m4.066e-03[0m/[0m1.073e-02[0m (rms/max) E (change) = -836.7956045238 ([0m-4.821e-04[0m) Quality = [0m1.006[0m
Hessian Eigenvalues: 3.67353e-04 2.97658e-03 8.90948e-03 ... 1.33617e+00 1.47945e+00 1.47230e+01
Step   69 : Displace = [0m4.591e-02[0m/[0m1.570e-01[0m (rms/max) Trust = 1.061e-01 ([92m+[0m) Grad = [0m4.809e-03[0m/[0m1.498e-02[0m (rms/max) E (change) = -836.7963694173 ([0m-7.649e-04[0m) Quality = [0m1.540[0m
Hessian Eigenvalues: 4.02523e-04 1.74149e-03 8.17420e-03 ... 1.18086e+00 1.55785e+00 1.48100e+01
Step   70 : Displace = [0m8.563e-02[0m/[0m1.831e-01[0m (rms/max) Trust = 1.500e-01 ([92m+[0m) Grad = [0m5.496e-03[0m/[0m1.509e-02[0m (rms/max) E (change) = -836.7978003768 ([0m-1.431e-03[0m) Quality = [0m1.205[0m
Hessian Eigenvalues: 4.33590e-04 1.63055e-03 7.74590e-03 ... 1.14974e+00 1.53140e+00 1.47925e+01
Step   71 : Displace = [0m4.138e-02[0m/[0m8.637e-02[0m (rms/max) Trust = 2.121e-01 ([92m+[0m) Grad = [0m3.496e-03[0m/[0m7.865e-03[0m (rms/max) E (change) = -836.7988555351 ([0m-1.055e-03[0m) Quality = [0m1.339[0m
Hessian Eigenvalues: 4.50709e-04 1.03493e-03 9.31658e-03 ... 1.12876e+00 1.53280e+00 1.49118e+01
Step   72 : Displace = [0m1.026e-01[0m/[0m2.277e-01[0m (rms/max) Trust = 3.000e-01 ([92m+[0m) Grad = [0m7.036e-03[0m/[0m1.726e-02[0m (rms/max) E (change) = -836.8000981941 ([0m-1.243e-03[0m) Quality = [0m1.128[0m
Hessian Eigenvalues: 5.19969e-04 8.65677e-04 8.23084e-03 ... 1.12910e+00 1.56053e+00 1.49627e+01
Step   73 : Displace = [0m8.856e-02[0m/[0m2.296e-01[0m (rms/max) Trust = 3.000e-01 (=) Grad = [0m5.564e-03[0m/[0m1.662e-02[0m (rms/max) E (change) = -836.8020146087 ([0m-1.916e-03[0m) Quality = [0m1.277[0m
Hessian Eigenvalues: 5.25633e-04 5.75034e-04 7.74941e-03 ... 1.10455e+00 1.54998e+00 1.49060e+01
Step   74 : Displace = [0m1.404e-01[0m/[0m3.646e-01[0m (rms/max) Trust = 3.000e-01 (=) Grad = [0m6.721e-03[0m/[0m1.742e-02[0m (rms/max) E (change) = -836.8037808311 ([0m-1.766e-03[0m) Quality = [0m1.113[0m
Hessian Eigenvalues: 5.17871e-04 1.44548e-03 6.94776e-03 ... 1.09912e+00 1.55057e+00 1.48682e+01
Step   75 : Displace = [0m4.964e-02[0m/[0m1.126e-01[0m (rms/max) Trust = 3.000e-01 (=) Grad = [0m8.689e-03[0m/[0m2.487e-02[0m (rms/max) E (change) = -836.8046271628 ([0m-8.463e-04[0m) Quality = [0m0.387[0m
Hessian Eigenvalues: 4.98515e-04 1.48679e-03 7.61679e-03 ... 1.13826e+00 1.60826e+00 1.48922e+01
Step   76 : Displace = [0m4.285e-02[0m/[0m1.521e-01[0m (rms/max) Trust = 3.000e-01 (=) Grad = [0m2.774e-03[0m/[0m7.510e-03[0m (rms/max) E (change) = -836.8060893701 ([0m-1.462e-03[0m) Quality = [0m1.158[0m
Hessian Eigenvalues: 4.76758e-04 1.39093e-03 7.57558e-03 ... 1.10387e+00 1.65733e+00 1.49106e+01
Step   77 : Displace = [0m4.682e-02[0m/[0m1.290e-01[0m (rms/max) Trust = 3.000e-01 (=) Grad = [0m4.686e-03[0m/[0m1.165e-02[0m (rms/max) E (change) = -836.8065440411 ([0m-4.547e-04[0m) Quality = [0m0.890[0m
Hessian Eigenvalues: 4.47796e-04 2.18193e-03 7.30474e-03 ... 1.10492e+00 1.76021e+00 1.49575e+01
Step   78 : Displace = [0m3.487e-02[0m/[0m1.113e-01[0m (rms/max) Trust = 3.000e-01 (=) Grad = [0m3.605e-03[0m/[0m6.958e-03[0m (rms/max) E (change) = -836.8071621106 ([0m-6.181e-04[0m) Quality = [0m1.198[0m
Hessian Eigenvalues: 3.67583e-04 2.19378e-03 8.83929e-03 ... 1.14742e+00 1.68198e+00 1.49193e+01
Step   79 : Displace = [0m7.842e-02[0m/[0m3.087e-01[0m (rms/max) Trust = 3.000e-01 (=) Grad = [0m3.328e-03[0m/[0m7.534e-03[0m (rms/max) E (change) = -836.8078907299 ([0m-7.286e-04[0m) Quality = [0m1.195[0m
Hessian Eigenvalues: 3.43535e-04 2.32049e-03 6.78709e-03 ... 1.14769e+00 1.67129e+00 1.49115e+01
Step   80 : Displace = [0m4.775e-02[0m/[0m1.946e-01[0m (rms/max) Trust = 3.000e-01 (=) Grad = [0m3.899e-03[0m/[0m8.599e-03[0m (rms/max) E (change) = -836.8084334162 ([0m-5.427e-04[0m) Quality = [0m1.208[0m
Hessian Eigenvalues: 3.43535e-04 2.32049e-03 6.78709e-03 ... 1.14769e+00 1.67129e+00 1.49115e+01
Maximum iterations reached (80); increase --maxiter for more
