331
    124.7118996999000018      61.6899159251999976     102.3662678298999964      -0.1664356440166497
    103.9925660157000067      76.7323237670999987     111.7559383220000058      -0.1373970281308701
    123.7284862954000033      52.2208769415999967     103.9772592350999929      -0.1316369428008368
    117.0462262270999929      51.4695218884999974     106.1865378883999966      -0.1538155692415817
    109.9280063732000059      71.0289417608999969     117.7569521714000018      -0.1447638236886535
    104.2954890916000039      73.3735247949999945     109.3951036444999971      -0.1892034667364424
     99.5307339839999941      57.9720690153000007      94.6408790158999977      -0.1093832724400121
    103.2910997287000043      67.3494562884999937     112.9266235719999969      -0.1852559224471584
    125.7126985833999981      65.1384768818000026     103.8317503340000059      -0.1479990464571479
    115.9288312500000018      70.0748191092999946     112.6605501527999991      -0.1897825363404610
    111.2806722358999991      57.1742267029000004      98.0618499729999940      -0.1941169401740606
    110.4130990344999930      78.0292427131000039     107.8258751835000027      -0.1566769322962349
     96.0702677536000067      57.6683900489000010     108.9581989959000055      -0.1043057831287895
    120.5843601955999986      54.9827114738999967     102.7026390558000060      -0.1874460390542065
    112.9341824759000019      79.7965144575999972     105.8626388539999965      -0.1348149487018446
    101.8186252384000028      70.4017417052999974     113.5999329417000041      -0.1522901440175808
    121.9614035234999960      72.7599307665000055     110.5172229365000049      -0.1372107799863551
    124.3791189532999937      63.3719610277000029     111.3458677824999938      -0.1439515619317850
    102.9545395301000070      55.2678711256000028      94.6180133313999931      -0.1160955955307426
    115.8171484440999990      74.8526133262000002     114.5943067568999965      -0.1402424546092549
    100.0025985632999976      70.7377349860999942     100.2182162985999980      -0.1362629548226124
    107.6499416940000060      52.6330261797000034      97.2708106742000069      -0.1315262608986405
    109.5026290531999962      67.0346279387999999      91.0086366932000033      -0.1263066980151795
    112.1722449572999949      53.1630943194999972     104.4918316218000029      -0.1724715304622713
    100.5663038257000039      59.8640626751000013      98.1631392860000034      -0.1359977772613394
    115.1461067455999938      73.2123311680999933     100.1482964369999991      -0.1712392770527789
    117.0118332140999939      62.6999744661999969      92.5627473461999983      -0.1498822571543190
    115.7710391300000055      57.3170899875999993     111.3974573020000065      -0.1920214329363059
    105.0559148293999954      52.0511795477999968     109.2299415930999942      -0.1226883632124203
    118.8605521487999965      50.4605971832000009     108.8459492722000022      -0.1319675197250696
    116.0864343974999997      66.5208114425000048     114.4504986091999967      -0.1799836622839166
     94.9719590091000043      57.2791064952999989     105.5160631077000062      -0.1001865299279432
    118.2358087368999975      74.3979452533999961     107.8226626492999998      -0.1626326547144732
     98.9570131737999930      63.7576541019999965      94.6032734686999959      -0.1135343338681638
    115.9864678927000057      49.5370880926000012     104.2382303942000021      -0.1357773482687143
    108.8376344777999947      63.3517409596000007      90.7518229312999978      -0.1272404726576273
    115.6999854328000055      67.9462317556999977      94.0756619727000043      -0.1509326481030904
    100.7452608768000033      65.2127431132000055     107.0268990354999943      -0.1710516357065224
    108.6452603721999992      66.9386298585999953      94.8676461345000064      -0.1554455594492694
    120.2759569141999947      65.1762714016000047     110.1254827390999935      -0.1900744651980215
    122.1297781090000001      68.0715205887999986     114.1456858071999960      -0.1371970243809324
     97.6085047084000053      60.2862274609000011      95.5802618048000028      -0.1075780060769675
     98.1368720947999975      53.1271895256999969     105.6553359130000018      -0.1023804290357457
    121.9759544135999931      52.5141624150000013      97.6810701863000048      -0.1295486768316945
    101.7795079103999996      69.3969743971999975     104.6139079207000009      -0.1864008009788076
    126.2212238470000045      59.5877847355000014     109.3807417268999984      -0.1354304602894123
    105.8282458409999975      64.8172234638000049      90.8901508736999943      -0.1201365992535743
    103.6949341723999964      68.0325922333999955     117.4676351226000008      -0.1377323291374388
     97.6850386108999942      60.5710091673999997      98.6499327007000062      -0.1170425620369651
    107.0943622533000052      56.4829649363000001     116.3732948026000003      -0.1300054187702600
    113.3380169196999958      50.2139879416999975     101.1655359366999960      -0.1382827391847492
    118.5158661284000061      59.4840387787999987      94.6743271658999959      -0.1700767847107159
    106.5007993203000041      77.9083002498000070     111.1323287457999953      -0.1401720814025209
     97.4049812193999998      57.0323082811000006      97.3129515636999969      -0.1047889569093465
    102.5930349485000050      62.7999409709999981      92.5361022098000063      -0.1195504226541360
    103.6663993100000027      52.0506126300000034     106.0359267271000050      -0.1210671286493223
    115.2328451684000044      61.4807232583000030     114.1989760800999960      -0.1841437782209425
    116.7026740424000053      78.2374905169999977     104.8858394905000040      -0.1371065115146717
    114.6818010701999953      75.1961655110000038     107.6471071050000035      -0.1863969748319629
    108.2304655176999972      79.5534956955000041     106.0997994654999985      -0.1368731539815702
    116.5265515802000067      70.9858560084000061     102.8084637112000053      -0.2063077686709125
    119.8405640464000044      55.5212833806999981      92.4839457724999932      -0.1247688069917903
    101.3125566185999986      64.0654904655000053     115.3411264676000059      -0.1376053796409522
    106.9212633527999969      51.0671992254999978     105.4499226980999964      -0.1295449733283753
    102.5408785112000061      64.4606321697000055     110.8269490259999941      -0.1876184357503607
    120.2022576006999941      58.0676891502999979     110.4297286232000062      -0.1852099457560978
    117.3601097138000000      75.1218992796000009     100.4402591023000042      -0.1462542597962919
    108.1144363420000047      56.9257277354000024      93.6266630778000035      -0.1362860970841879
    118.0810401785000039      50.3942678009999980     100.6044762907000063      -0.1366500625716656
    111.9723119477000068      66.8887410924999983     117.0724934182999988      -0.1626416043903340
    106.8186512316000005      57.7638212112999980      97.2985896461999999      -0.1671481411135503
    102.6773167276000009      54.2323012837999983     113.6382943793000067      -0.1143022976115446
    117.3929909459999976      57.5457468322000025      90.9332366261999994      -0.1260991290395603
    112.9816145981999966      69.9793879468000029      98.0455983294999953      -0.1819474643033843
    100.4865573889999979      60.4717985529999993     111.2389092914999935      -0.1361065826931469
    122.1634152315999984      68.2361157224000010     104.5868848390999943      -0.1707451734815546
     99.8550109635999945      56.5978602763999987     105.1942427718000062      -0.1191086153107008
    105.8577255664000063      72.7043728224000034     116.7684365068000005      -0.1389251756983096
    124.3847881311999970      57.8048282653000030     101.5765513391999946      -0.1603822532481711
    124.3477495018999974      61.5572571607999990      94.2608551195999951      -0.1284030487799575
    106.1319248072999955      68.4334031156000009      93.7219052675999933      -0.1343403965426049
    105.9576920712000003      60.6789125212999991     116.1421813142000019      -0.1495035886247482
    125.1340644856999944      66.0377974798000054     106.4720754852999960      -0.1490850574044185
    110.9896544335999948      51.8143968814000004     110.0997824656000006      -0.1388762862493511
    109.6252722698999946      65.5426892707999968     119.6126630921999947      -0.1363349150126307
    107.1383928688999987      72.8946682294999988      94.6113992904000014      -0.1289445233976494
    112.3300370773999930      77.3857910140000058     103.6119752015000017      -0.1579208759732396
    116.5860779488999981      54.4656824433999986     111.7464896920999990      -0.1578253397208584
    121.7892494859000010      65.5211463944999934      93.4046202740999973      -0.1328169951765839
    101.8670022236999984      51.3251468229999972     102.7430791919999962      -0.1110828936390886
    101.8845766753999982      74.0912427253999937     106.3224091870000052      -0.1569939589761660
    109.2363666613999982      60.5636392360000002      95.7595968011000025      -0.1767529251343909
    115.3615355082999940      70.0425047948999975     100.3650480079000005      -0.2008438805164445
    119.6436545984000048      75.6066139957000019     105.3267125635999975      -0.1427800994129873
    121.8586024296999994      61.5064235318000030      92.0426947540999976      -0.1269767524047447
     97.0085167069999983      67.1385628681999975     107.0835908151999973      -0.1307646209041327
    121.5908282571000001      62.8505856274000010     112.0365626313000007      -0.1643773292273725
    108.5430261962000031      74.0275589596000003     100.1050217118999939      -0.1697044658503408
     97.1627183476999932      63.2319323318999977     107.3483414261999940      -0.1254528709347902
    112.5518909083999972      70.3905923220000034     115.5068554367999951      -0.1703687761316193
    117.8161005949000071      71.9377109888000064      96.6589173991000052      -0.1439149714805588
    102.9307289827000034      68.2221317500000026      99.8924275381999962      -0.1665786217820120
     97.8968768942000054      68.8576465999999954     101.2577545649999990      -0.1285106579445836
    110.1766943133000041      74.9920751041999978     113.4421408216000060      -0.1620670429966200
     99.5076793269000035      64.9466696939999935     103.8956230723999994      -0.1500104686683272
    103.6274709547000015      57.9715020975000002     111.3169549748999998      -0.1448680718799729
    104.5791369625000016      74.2346729279999948      98.8366376283999983      -0.1410359677029209
    107.5048107381000051      59.9950206860999984      91.8605251687999953      -0.1299289821323590
    110.4165005412999960      50.9267925846000011     100.0836678082000049      -0.1364410519909374
     97.9972213441999997      54.6280099057999990     108.7883126294999983      -0.1044064068210107
     94.3799078568000027      62.1253087930000021     102.3968813909000062      -0.1053687950889035
    122.0054341390000019      53.4560018477000014     111.2774597016999962      -0.1319302553283181
    126.5024150741000000      56.2405130918999987     105.4652294785999942      -0.1327003058322376
     98.0741331920000050      59.7497342528000033     104.3618184737999997      -0.1197270133720796
    119.6982676795000060      70.8033084779000035     112.4267910479999983      -0.1546920129392522
    116.4316873356000031      68.4832918816999978      97.9838042897000037      -0.1839289269256756
    100.5058325940999993      63.4101334926999982      98.3377499674000006      -0.1427796980168186
    107.5184167652000014      66.1084732318000050     114.9493862701999944      -0.1922777297041378
    115.7521418701000044      73.7769812935000004     104.3166540227000070      -0.1925113406672434
     98.9545565300000050      63.5367451338999985     101.4072318906000021      -0.1381089034976029
    111.5792489420999942      60.0947982182999993     116.9791409544999965      -0.1522810691028340
    109.5500611755000051      56.4999724701999995     111.8368185942999986      -0.1680997292361628
    111.8627078404000059      49.2126221402999988     108.5932929075000004      -0.1249587389984717
    124.3596547756000064      66.8620959560000045      98.3834813362999938      -0.1410924453882432
     98.0376614804000042      65.6330181730999982     111.7729458559000051      -0.1309583875597937
    105.3762233844999940      53.9556453990999998      98.4059690755999981      -0.1360642359275737
    112.0530032473999995      64.6116212761999975      90.5919521126999996      -0.1300909111687254
     96.5177548677000061      60.5547575239000011     101.3563982616000061      -0.1135857028050449
    103.2251482916999947      62.6357237825000013      96.4213788423000011      -0.1516905523250571
    111.5766033257000061      58.1300501078999972      94.1805417650000010      -0.1578228695529624
    121.2244103878999937      50.7854410806000018     107.2984526600999970      -0.1305658480428784
    103.4335850682000029      61.4397162043999998     111.0966129245999952      -0.1729264221880342
    121.8693738677999931      60.2113943117999995     114.3051786805999939      -0.1416437002214197
    117.4177463565000039      72.1869658467000050     115.4955170809000009      -0.1414560254473836
    113.8342589643000053      53.8609701271000034     102.2347429011000060      -0.1874632175265756
    112.9215213118000065      74.3040258717999933      97.6850386108999942      -0.1485255787353168
    115.0108023648000000      52.9036349412999982      97.5342384770000024      -0.1518940350937097
    110.3290062279999972      54.4972408674000022     115.2050661963999971      -0.1328846673311688
    121.9761433861999933      59.0172764595999979      94.6714925768999933      -0.1445715941582453
    108.7174479048999984      51.3170210011999970     108.1384358619999944      -0.1339188890083687
    125.9048837164999952      64.7197136027999989     100.6949941655000060      -0.1425182815421913
     99.2502986472999993      68.4751660599000047     110.1143333556999977      -0.1496995188877133
    126.2274599426999941      62.1341905052000030      98.0045912756000064      -0.1339073980184144
     97.5544585451000046      54.2506316258999988     100.6692938921000007      -0.1025771012431065
     96.8820940382999964      60.8501216959000004     110.9002703943999961      -0.1143931026059963
    111.9891305090000060      77.3769093017999978     110.2732593113999968      -0.1561317284592327
    103.4063730139999961      55.9755735083000019      99.3905163155999958      -0.1434338266263886
    113.1225881569999956      57.9176449067999997      91.2828359341000066      -0.1318357853311509
    124.0773297128999957      67.7941088136000047     101.5132455186000016      -0.1501013185954942
     99.1709301557000060      69.9383808928999997     107.3464517002000065      -0.1508595632892540
    119.0610520760999975      55.0218288018999999      98.6920735901999961      -0.1768111980449127
    119.2373635108999963      68.5426292777000015     102.8844306958999937      -0.1979406498559531
    110.3794619118999947      67.7122836782999968     114.6547779885000011      -0.1994403262904338
    101.3197375774000051      60.9740877208000001      95.0721144864999985      -0.1268328013785069
    123.0997744590000025      57.9439120979999984     105.2656744142000065      -0.1842034977069638
    102.8961469971000042      76.2186962434000037     103.6698008168000058      -0.1411887450058069
    115.9129575517000035      51.7794369506000010     102.0606991374999950      -0.1589011046272049
    119.5657978877000005      69.5001534361000068      95.6819290629999983      -0.1438306875423656
    118.9881086529999976      64.2941473101000014      95.9461127561999945      -0.1812255447972895
    103.2988476051999953      55.8106004294999991     109.0831098837000042      -0.1330837162069063
    100.9682485434999961      53.7113038287999984     105.7930969375999979      -0.1158894173594440
    111.6998134602000050      61.6371925701999999      92.9008193255999970      -0.1528569954367747
    116.8595212994000008      66.4199000746999957      91.7248428429000029      -0.1342170928019337
    114.2596362843000009      53.7946407449000006     109.1961154978999957      -0.1701388100450245
    121.4275559316999988      70.9310539547000047     107.7432941577999941      -0.1586457984281644
    121.0526342954999990      55.1953056476000015     106.8171394507999992      -0.1797133331105218
    102.2704587222000043      65.0851866090000044      95.0668232536999938      -0.1331195591763805
    126.8227236290999969      62.1494972857000008     106.5714750723000037      -0.1394244359366130
    122.0681730417999944      56.9521838992000013     113.5203754775999982      -0.1364542316939552
    121.5235540119000035      70.0315443841000018     100.0105354125000048      -0.1535703643847626
     97.2781806055999994      68.2026675724000029     104.0462342337000052      -0.1307273467272054
    121.3343924403999949      64.8869543528000037      99.5137264500999947      -0.1912922219298547
     95.9510260437999989      66.1309609710999950     101.0523413500000061      -0.1160152199974691
    106.2129940523000045      77.7803658004000056     102.7867318623000017      -0.1416164195615393
    100.8656364222999997      73.8298936212000001     113.0989665821000045      -0.1316945669769547
    105.4820480398999933      68.9629043375999942      96.8919206135000053      -0.1545747785634539
     98.2304135312000000      66.9533697213000067      97.1115067733999950      -0.1185512106709545
    101.8373335257000036      57.3854980683999969     114.7152492201999934      -0.1205622777710484
     98.9065574898999955      73.7267145822000032     108.4404140750000067      -0.1312172405218970
     98.5594148258000047      70.4276309513000029     112.5411194703000035      -0.1296343868279486
    113.4627388348999943      50.6563727955999994     111.8919985932000003      -0.1270258872455017
    120.6886730700999948      67.7608496362000068     107.5605576547000055      -0.1861326266364625
    125.0443025012999954      55.2359347563999989      99.2021106346000039      -0.1324382914192750
    103.4284828081000001      72.2362876950000015      95.7879426908999960      -0.1267431472408003
    119.6965669261000045      51.9251348243999971     104.2435216269000051      -0.1529090570071130
    121.5256327105000054      56.8801853391000023      99.2776996741000062      -0.1798302503737013
    122.8902038468999933      59.4657084366999982     110.9839852557000057      -0.1574519531563272
    110.0997824656000006      54.2644266256000023      95.4190681780000034      -0.1404489239749633
    106.7315348635000021      58.8462562575999968     113.0326371998999946      -0.1689606904758154
    106.6890160287999976      71.1593328541000005     100.1307219852999992      -0.1855195026485994
    107.4662603279000024      61.4255432594000013     119.1757584437000048      -0.1311223289667911
    106.1451528892999931      76.2421288456999946     108.7869898212999971      -0.1664433914900183
    101.0459162816000003      67.1372400599999963      97.5737337502000059      -0.1384031470069029
    100.9801538172000051      57.7067514865000035     108.3117237352000046      -0.1271965716737853
    112.9247338459999952      55.5163700931000008      94.9173459280000031      -0.1523939791705189
    110.4714915675999976      71.0814761433999962     100.2603571882000040      -0.2056306503210266
    105.6182972836000005      54.7629363413999997     101.3042418242999929      -0.1532796013172337
    124.2307754632000041      56.9933799257999993      95.1431681835999967      -0.1266684005361540
    104.5392637441999995      71.8109103750000060     112.1295371500000044      -0.1860483549695182
    121.3134164819999938      56.2418359000999999      95.5273494771000031      -0.1444542658036525
    117.8947131959999979      54.2290887496999972     101.3218162760000070      -0.1905980665001046
    112.2801483112999961      70.5005743745000046      92.9514639820999946      -0.1332970213847027
    118.5697233191000066      70.9350223792999941     109.7171129528999955      -0.1815087007046774
    102.2744271467999937      55.0889140745000034     103.5377089702000006      -0.1303905176768421
    122.9763753519000034      52.4608721421000013     101.1396466907000047      -0.1349594668551504
     94.7780731226000057      64.2533292287999984     104.3735347749999960      -0.1113158947500885
    107.2273989628999971      69.8049662380999933     117.9527277838000003      -0.1431662397466438
     95.0826969520000063      57.8237255251999969     101.2209049081999979      -0.1007997297654519
    126.8646755461000026      58.1389318200999980     103.1134654858000061      -0.1362674234285297
    112.8398851490999988      63.5114228057000005     115.4571556432999984      -0.1826573979156674
    121.8398941423999986      62.1661268743999997      97.4841607383000053      -0.1786656754244653
    121.0603821721000060      74.1619184773999933     107.3664827956999943      -0.1425008473405915
    102.0142118782000011      76.6170504818000069     108.6728503716000063      -0.1356601823100325
    121.2077807991999947      64.3863659384000044     107.3456958098000058      -0.2035561496504990
     99.3903273429999956      73.6611410903999939     104.6749460701000061      -0.1343509399097034
    108.4647915402999985      69.8852795925999999     114.0202080015999968      -0.1995300520062564
    114.3922950487000065      74.0298266308000024     110.6194571125000010      -0.1887503952314109
    104.5734677844999965      63.7493393076000032     113.0657074047000066      -0.1907907867669660
     99.6169054890000041      53.6523443779000004      98.6161066054999935      -0.1071922553751286
    110.0049182209999969      75.3651070143999959     109.9729818518000002      -0.1900951675968159
    109.0812201578000042      58.3534157197999974     118.2556508597999994      -0.1310298135286985
    124.2188701893999934      59.6930424731000002      97.7984221701999985      -0.1505169976707341
    105.2309034559999930      61.9531547555000017      93.5869788319999998      -0.1375536804111999
    113.9716420437000011      79.4837648065000053     108.5110898270000064      -0.1343910540275850
    105.5124726283000030      75.0961990061999956     103.6338960230000055      -0.1707193299864596
    112.4237674863999956      67.7039688840000053      91.2471201129000065      -0.1296364304801711
    123.8424367724999939      69.7242749384000007     109.9178018528999985      -0.1386313498749061
    117.9049177163000053      61.2668062763999970     115.3583229741000054      -0.1568336794022223
    103.2971468517999938      72.6586414534999960     102.0508725624000022      -0.1654472339505944
    112.2402750929000064      72.4953691280999948      94.9687464749000014      -0.1393230281953528
    112.7113837818999968      59.5212663806999984     113.8784785523999972      -0.1850538601318359
    117.1357992389999936      52.6853715896000026      94.1816756006000020      -0.1272574761339813
    103.0214358301000033      59.7455768555999995     113.5717760244999965      -0.1438574586652628
    118.0644105898000049      63.3910472601999970     117.7769832669000039      -0.1374370192673897
    108.5010742792999991      77.6091566257999972     100.8212278615999935      -0.1409983806490134
    107.6293436807000035      76.3532447337999969     114.0169954673999939      -0.1415026620967605
    111.3381199059000011      65.3994480408999976      94.6637447003000005      -0.1659565904397464
    121.7465416784999945      68.0059470969000017     111.3012702492000017      -0.1561134962507875
    107.7317668292999997      73.4944672582000038     102.7767163145999945      -0.2034015048781388
    114.4168614865999984      77.7830114167999938     101.2551089485999967      -0.1392142353407948
    115.9819325503000016      57.1294401970000010     116.0435376175999949      -0.1416219043031255
    105.4474660542999942      64.8372545593000069     118.5865418804000058      -0.1360643820601037
    123.7526747879999931      55.0250413361000028     104.9517909274999994      -0.1524389588388075
    115.2405930449999971      77.5156151893999947     112.2848726261999985      -0.1362101952188981
    117.0893119795999979      56.2000729558000032      93.6017186946999971      -0.1444394154316857
    114.9193396268999976      61.1623044291999989     118.3057285984999965      -0.1391391229982037
    122.7977962460000043      60.0675861639999980     107.7839232665999987      -0.1860953204448084
    106.2808352151999998      53.5387718460000031     103.8377974571999971      -0.1464806747318796
    114.4820570331999932      64.5666457977000050      92.6283208379999934      -0.1500393455206428
    108.6581105088999948      61.0627158695999981     115.2723404415999937      -0.1744001192783387
    122.0608031105000038      72.1520059159000056     103.7351853360000007      -0.1468040502284911
    114.5691734012000040      62.5280094012000021      94.6720594946999938      -0.1826863325996193
    106.5185627446000041      50.6044053309000006     101.1107338829999946      -0.1239190819503655
    105.8305135121999996      54.2980637482000006     112.6545030295999936      -0.1299946336157429
    108.0137139467999958      52.9726099398000017     100.3875357472000047      -0.1467819263145316
    109.9529507562999981      55.5477395444999971     100.3408595152999965      -0.1846768084051931
    106.6725754126999988      50.3322847885999991     110.8698458060000007      -0.1156773160160371
    111.1606746356000031      74.3312379260000000     102.2258611888999980      -0.1940587595986845
     99.4594913141999939      63.1487843884000029     112.6915416589999950      -0.1344758627952931
    119.4501466571999941      73.5248918467000010     101.5882676404000051      -0.1510905818884609
    119.7211333639999964      68.3453418845000016      98.4220317464999965      -0.1698206905864748
    110.5977252635999974      61.5092581206999967     119.5597507644999951      -0.1324990548926044
    112.9636622012999965      63.3080882893000023     119.4104624114000046      -0.1361860749773687
    103.0414669256000053      51.9818266039999983      98.7892055060000018      -0.1148532269719462
    118.4045612677000037      70.8779526544000049     105.2480999625000067      -0.1944820271650496
    112.4732783073000064      55.6167145431000023     111.6897979123999960      -0.1687646953820892
    104.3846841583000042      58.4686890051000034      94.7406565481000058      -0.1353852806834031
    118.7403655759000003      75.7789570058999971     110.5998039621999993      -0.1397625466264740
    118.6787605086999946      60.9058686126000026     112.2021026279000040      -0.1876065543937653
    115.6946942001000025      59.2958220702999981      92.4170494724999969      -0.1472602607636446
    112.3402415977000004      49.3207144669000002     104.0946112190000008      -0.1317094686651679
    109.4890230260999999      69.6804332953999932      96.7346954111999935      -0.1656141534045048
    116.3054536396000032      66.5567162363000051     118.4145768153999967      -0.1379200788553696
    112.3069824203000024      51.7085722261000029      97.2859284821000045      -0.1368116318290493
    125.3793509190000037      54.5138704561000011     102.6769387824000006      -0.1337611573169157
    122.8629917925999990      67.1829714289000037      95.9931669333000031      -0.1383561537583455
    117.7979592254000067      51.6592503777999994     111.3451118920999932      -0.1340912319928504
    118.9121416681999932      67.8617610040000017     114.5995979897000012      -0.1556413198340874
    125.7654219384999976      55.9122676877000018     108.3572661314999976      -0.1317615846488192
    102.0699587949000033      51.9464887279999985     110.3499821865000001      -0.1092278926351637
    119.0782485825999970      54.4197621018999982      95.7216133087000003      -0.1450490785260046
    117.8132660059000045      57.9975803160999988     113.5113047928000043      -0.1639803446521135
    124.6334760712999952      53.4801903404000001     107.2634927292999976      -0.1304817577119834
    112.5095610463000071      77.2569117015000018     113.8331251287000043      -0.1368338191188050
    118.5646210589000020      64.2162905993999971     112.9670637080999995      -0.1810257038287322
    112.3697213230999949      76.0675181642999974     106.1872937787999973      -0.1865391097401812
    106.8789334906000050      74.6005238794000007     106.0954530957999964      -0.2029985330742754
    110.5886545789000053      71.6911017472999958     113.2115942509999940      -0.2000699250325066
    109.1231720746999940      53.1373940459999972     105.4620169444000055      -0.1566154847639858
    103.4067509591999965      66.7604286978999966      92.0604581783999976      -0.1178870287928886
    115.2935053726999968      53.9730308781999994     114.5801338119999997      -0.1354467881328230
    121.7850920886999972      64.3015172414999938     115.0667382540000006      -0.1392488856184251
    118.3282163378000007      54.8345569564000002     114.0508215626000066      -0.1385700044158709
    101.5591658600999949      69.7004643908999952      94.9950136660999931      -0.1216617089832486
    113.4731323279000037      68.0581035342000007      95.8682560455000043      -0.1695754316546925
    102.4741711837999958      61.5411944899000005     116.1582439851000004      -0.1331090725972519
    112.3648080355000047      57.2479260164000010     117.2724264279000010      -0.1361422311953771
     95.1246488688999960      60.8204529978999986     108.3179598309999960      -0.1073189799338099
    114.7309339459000057      49.4454363820999987     107.9963284676999962      -0.1304668683037420
    104.0779816303000018      69.9476405502000063     115.2740411949999952      -0.1567223258695485
    122.9967843926000057      56.6280958922000011     109.7928909650999998      -0.1528303783020455
    115.2715845511999930      61.5134155179000004      90.4791354711999958      -0.1312515247857817
    118.9236689968000036      70.7110898496000004     101.0585774457999975      -0.1736576205675746
    100.1550994506000052      68.1777231892999964     115.2009087991999934      -0.1321767200984141
    118.7339405074999945      55.4848116690999973     109.5746276133999970      -0.1821687803089382
    104.8102504508999999      63.3294421929999984     115.9864678927000057      -0.1553203432776655
     95.5787500240000014      63.8666912914999969      99.2890380300000004      -0.1096062251547316
    122.7543325482999990      62.7840672725999980     105.4130730412999952      -0.1963288350181021
     97.2783695781999995      56.6923465758000020     103.6488248583000029      -0.1086821621407079
    104.4706666908000017      49.6994155550000016     107.4201510137999946      -0.1112238055565822
    100.9570991602000021      56.8321862990000000      96.8932434217000065      -0.1218221325605526
    108.7352113291999984      74.4306375129999935     115.8745961142000027      -0.1434982250829719
    117.1049967052999961      50.7644651222000007      97.6876842272999966      -0.1316284667148269
    113.4353378081000017      71.8303745526999933     112.7334935758999990      -0.1955758503254099
    105.0789694865000001      78.0464392196000034     106.4431626777000020      -0.1417893314276029
     99.8072008960999995      57.6385323782999990     101.0886240890000067      -0.1261104870785612
    120.6726103991999963      65.7787160467999996     102.1789959844000037      -0.2068176297567170
    112.1370960538999952      73.3298721246000014     116.5949596610000043      -0.1436820778635886
     99.5777881611000026      57.4569297107999972     112.3995789937000040      -0.1159082172998653
    105.8193641288000038      74.5829494277000009     112.5834493323999936      -0.1618370066841166
    109.4816530946999933      49.8647665789999976     102.8774387098000034      -0.1295973522966882
    116.5966604144000058      77.9957945631000058     109.8401341147999943      -0.1359383407852723
    108.3128575708000056      73.2372755511999998     111.7196555830000051      -0.2019595426702399
    101.8044522935000060      69.5536326816000070     110.7965244375999987      -0.1797208551635556
    114.9132925037999939      54.1750425863999965      92.7866798759000062      -0.1284221523713764
    124.6601212078000032      64.7714920948999975      96.1373530262000031      -0.1340432566368914
    107.9186607296000062      74.5716110717000049      97.3683205351999987      -0.1409239141283578
    109.7509390480999940      52.0698878350999976     113.2894509618000001      -0.1259554367206110
    126.3183557627999960      58.2802833240000027      99.2502986472999993      -0.1336599703257662
    119.1963564569000056      58.7589509168999982     115.8687379635999974      -0.1396648024185403
    107.2493197844000008      64.1497722446000012      94.4927244983999941      -0.1534350255903121
