geometric-optimize called with the following command line:
k2_spike.py run

                                        [91m())))))))))))))))/[0m                     
                                    [91m())))))))))))))))))))))))),[0m                
                                [91m*)))))))))))))))))))))))))))))))))[0m             
                        [94m#,[0m    [91m()))))))))/[0m                [91m.)))))))))),[0m          
                      [94m#%%%%,[0m  [91m())))))[0m                        [91m.))))))))*[0m        
                      [94m*%%%%%%,[0m  [91m))[0m              [93m..[0m              [91m,))))))).[0m      
                        [94m*%%%%%%,[0m         [93m***************/.[0m        [91m.)))))))[0m     
                [94m#%%/[0m      [94m(%%%%%%,[0m    [93m/*********************.[0m       [91m)))))))[0m    
              [94m.%%%%%%#[0m      [94m*%%%%%%,[0m  [93m*******/,[0m     [93m**********,[0m      [91m.))))))[0m   
                [94m.%%%%%%/[0m      [94m*%%%%%%,[0m  [93m**[0m              [93m********[0m      [91m.))))))[0m  
          [94m##[0m      [94m.%%%%%%/[0m      [94m(%%%%%%,[0m                  [93m,******[0m      [91m/)))))[0m  
        [94m%%%%%%[0m      [94m.%%%%%%#[0m      [94m*%%%%%%,[0m    [92m,/////.[0m       [93m******[0m      [91m))))))[0m 
      [94m#%[0m      [94m%%[0m      [94m.%%%%%%/[0m      [94m*%%%%%%,[0m  [92m////////,[0m      [93m*****/[0m     [91m,)))))[0m 
    [94m#%%[0m  [94m%%%[0m  [94m%%%#[0m      [94m.%%%%%%/[0m      [94m(%%%%%%,[0m  [92m///////.[0m     [93m/*****[0m      [91m))))).[0m
  [94m#%%%%.[0m      [94m%%%%%#[0m      [94m/%%%%%%*[0m      [94m#%%%%%%[0m   [92m/////)[0m     [93m******[0m      [91m))))),[0m
    [94m#%%%%##%[0m  [94m%%%#[0m      [94m.%%%%%%/[0m      [94m(%%%%%%,[0m  [92m///////.[0m     [93m/*****[0m      [91m))))).[0m
      [94m##[0m     [94m%%%[0m      [94m.%%%%%%/[0m      [94m*%%%%%%,[0m  [92m////////.[0m      [93m*****/[0m     [91m,)))))[0m 
        [94m#%%%%#[0m      [94m/%%%%%%/[0m      [94m(%%%%%%[0m      [92m/)/)//[0m       [93m******[0m      [91m))))))[0m 
          [94m##[0m      [94m.%%%%%%/[0m      [94m(%%%%%%,[0m                  [93m*******[0m      [91m))))))[0m  
                [94m.%%%%%%/[0m      [94m*%%%%%%,[0m  [93m**.[0m             [93m/*******[0m      [91m.))))))[0m  
              [94m*%%%%%%/[0m      [94m(%%%%%%[0m   [93m********/*..,*/*********[0m       [91m*))))))[0m   
                [94m#%%/[0m      [94m(%%%%%%,[0m    [93m*********************/[0m        [91m)))))))[0m    
                        [94m*%%%%%%,[0m         [93m,**************/[0m         [91m,))))))/[0m     
                      [94m(%%%%%%[0m   [91m()[0m                              [91m))))))))[0m       
                      [94m#%%%%,[0m  [91m())))))[0m                        [91m,)))))))),[0m        
                        [94m#,[0m    [91m())))))))))[0m                [91m,)))))))))).[0m          
                                 [91m()))))))))))))))))))))))))))))))/[0m             
                                    [91m())))))))))))))))))))))))).[0m                
                                         [91m())))))))))))))),[0m                     

-=# [1;94m geomeTRIC started. Version: 1.1.1 [0m #=-
Current date and time: 2026-07-22 19:34:45
#========================================================#
#| [92m    Arguments passed to driver run_optimizer():     [0m |#
#========================================================#
bothre                    0.0 
constraints               constraints.txt 
convergence_cmax          0.01 
convergence_dmax          0.004 
convergence_drms          0.002 
convergence_energy        5e-06 
convergence_gmax          0.0003 
convergence_grms          0.0001 
coordsys                  hdlc 
customengine              <ash.interfaces.interface_geometric_new.ASHengineclass object at 0x15467e994990> 
input                     dummyinputname 
irc                       False 
logIni                    /home/18660916/envs/ash/lib/python3.11/site-packages/ash/log.ini 
maxiter                   60 
prefix                    geometric_OPTtraj 
rigid                     False 
subfrctor                 1 
transition                False 
verbose                   0 
----------------------------------------------------------
Custom engine selected.
$set
distance 8 26 3.84
Bonds will be generated from interatomic distances less than 1.20 times sum of covalent radii
Creating artificial bond to isolated atom: 25-24
Creating artificial bond to isolated atom: 26-8
78 internal coordinates being used (instead of 78 Cartesians)
Internal coordinate system (atoms numbered from 1):
Distance 8-26
Distance 1-2
Distance 1-3
Distance 1-4
Distance 4-5
Distance 4-8
Distance 5-6
Distance 5-7
Distance 8-9
Distance 9-10
Distance 9-11
Distance 9-18
Distance 11-12
Distance 11-13
Distance 13-14
Distance 13-22
Distance 14-15
Distance 14-16
Distance 16-17
Distance 16-18
Distance 18-19
Distance 18-20
Distance 20-21
Distance 22-23
Distance 22-24
Distance 24-25
Angle 2-1-4
Angle 3-1-4
Angle 1-4-8
Angle 5-4-8
Angle 4-5-7
Angle 6-5-7
Angle 4-8-26
Angle 9-8-26
Angle 8-9-10
Angle 8-9-11
Angle 8-9-18
Angle 10-9-11
Angle 10-9-18
Angle 11-9-18
Angle 9-11-13
Angle 12-11-13
Angle 11-13-22
Angle 14-13-22
Angle 13-14-16
Angle 15-14-16
Angle 14-16-18
Angle 17-16-18
Angle 9-18-16
Angle 9-18-19
Angle 9-18-20
Angle 16-18-19
Angle 16-18-20
Angle 19-18-20
Angle 18-20-21
Angle 13-22-24
Angle 23-22-24
Angle 22-24-25
Out-of-Plane 1-2-3-4
Out-of-Plane 4-1-5-8
Out-of-Plane 5-4-6-7
Out-of-Plane 8-4-9-26
Out-of-Plane 11-9-12-13
Out-of-Plane 13-11-14-22
Out-of-Plane 14-13-15-16
Out-of-Plane 16-14-17-18
Out-of-Plane 22-13-23-24
Dihedral 2-1-4-5
Dihedral 2-1-4-8
Dihedral 3-1-4-5
Dihedral 3-1-4-8
Dihedral 1-4-5-6
Dihedral 1-4-5-7
Dihedral 8-4-5-6
Dihedral 8-4-5-7
Dihedral 1-4-8-9
Dihedral 1-4-8-26
Dihedral 5-4-8-9
Dihedral 5-4-8-26
Dihedral 4-8-9-10
Dihedral 4-8-9-11
Dihedral 4-8-9-18
Dihedral 26-8-9-10
Dihedral 26-8-9-11
Dihedral 26-8-9-18
Dihedral 8-9-11-12
Dihedral 8-9-11-13
Dihedral 10-9-11-12
Dihedral 10-9-11-13
Dihedral 18-9-11-12
Dihedral 18-9-11-13
Dihedral 8-9-18-16
Dihedral 8-9-18-19
Dihedral 8-9-18-20
Dihedral 10-9-18-16
Dihedral 10-9-18-19
Dihedral 10-9-18-20
Dihedral 11-9-18-16
Dihedral 11-9-18-19
Dihedral 11-9-18-20
Dihedral 9-11-13-14
Dihedral 9-11-13-22
Dihedral 12-11-13-14
Dihedral 12-11-13-22
Dihedral 11-13-14-15
Dihedral 11-13-14-16
Dihedral 22-13-14-15
Dihedral 22-13-14-16
Dihedral 11-13-22-23
Dihedral 11-13-22-24
Dihedral 14-13-22-23
Dihedral 14-13-22-24
Dihedral 13-14-16-17
Dihedral 13-14-16-18
Dihedral 15-14-16-17
Dihedral 15-14-16-18
Dihedral 14-16-18-9
Dihedral 14-16-18-19
Dihedral 14-16-18-20
Dihedral 17-16-18-9
Dihedral 17-16-18-19
Dihedral 17-16-18-20
Dihedral 9-18-20-21
Dihedral 16-18-20-21
Dihedral 19-18-20-21
Dihedral 13-22-24-25
Dihedral 23-22-24-25
Cartesian-X 1
Cartesian-X 2
Cartesian-X 3
Cartesian-X 4
Cartesian-X 5
Cartesian-X 6
Cartesian-X 7
Cartesian-X 8
Cartesian-X 9
Cartesian-X 10
Cartesian-X 11
Cartesian-X 12
Cartesian-X 13
Cartesian-X 14
Cartesian-X 15
Cartesian-X 16
Cartesian-X 17
Cartesian-X 18
Cartesian-X 19
Cartesian-X 20
Cartesian-X 21
Cartesian-X 22
Cartesian-X 23
Cartesian-X 24
Cartesian-X 25
Cartesian-X 26
Cartesian-Y 1
Cartesian-Y 2
Cartesian-Y 3
Cartesian-Y 4
Cartesian-Y 5
Cartesian-Y 6
Cartesian-Y 7
Cartesian-Y 8
Cartesian-Y 9
Cartesian-Y 10
Cartesian-Y 11
Cartesian-Y 12
Cartesian-Y 13
Cartesian-Y 14
Cartesian-Y 15
Cartesian-Y 16
Cartesian-Y 17
Cartesian-Y 18
Cartesian-Y 19
Cartesian-Y 20
Cartesian-Y 21
Cartesian-Y 22
Cartesian-Y 23
Cartesian-Y 24
Cartesian-Y 25
Cartesian-Y 26
Cartesian-Z 1
Cartesian-Z 2
Cartesian-Z 3
Cartesian-Z 4
Cartesian-Z 5
Cartesian-Z 6
Cartesian-Z 7
Cartesian-Z 8
Cartesian-Z 9
Cartesian-Z 10
Cartesian-Z 11
Cartesian-Z 12
Cartesian-Z 13
Cartesian-Z 14
Cartesian-Z 15
Cartesian-Z 16
Cartesian-Z 17
Cartesian-Z 18
Cartesian-Z 19
Cartesian-Z 20
Cartesian-Z 21
Cartesian-Z 22
Cartesian-Z 23
Cartesian-Z 24
Cartesian-Z 25
Cartesian-Z 26
<class 'geometric.internal.Distance'> : 26
<class 'geometric.internal.Angle'> : 32
<class 'geometric.internal.OutOfPlane'> : 9
<class 'geometric.internal.Dihedral'> : 60
<class 'geometric.internal.CartesianX'> : 26
<class 'geometric.internal.CartesianY'> : 26
<class 'geometric.internal.CartesianZ'> : 26
#===================================================================================#
#| [91mNote: Detected the use of DFT for a system containing only one fragment.[0m        |#
#|                                                                                 |#
#| DFT calculations that use small to medium-sized grids can sometimes result in   |#
#| energies and/or gradients that are not translationally/rotationally invariant,  |#
#| which varies depending on the QC program used.                                  |#
#|                                                                                 |#
#| Spurious translation/rotation contributions to the energy and/or gradient       |#
#| may cause convergence failure that is observable as 'movement' or 'tumbling'    |#
#| of the molecule in the optimization output. If observed, rerun the calculation  |#
#| using --coordsys dlc and --subfrctor 2. It will project out overall translation |#
#| and rotation from the optimization space.                                       |#
#===================================================================================#
Creating artificial bond to isolated atom: 25-24
Creating artificial bond to isolated atom: 26-8
Constraint                         Current      Target       Diff.
Distance 8-26                      3.84411     3.84000     0.00411
> ===== Optimization Info: ====
> Job type: Energy minimization
> Maximum number of optimization cycles: 60
> Initial / maximum trust radius (Angstrom): 0.100 / 0.300
> Convergence Criteria:
> Will converge when all 5 criteria are reached:
>  |Delta-E| < 5.00e-06
>  RMS-Ortho-Grad < 1.00e-04
>  Max-Ortho-Grad < 3.00e-04
>  RMS-Disp  < 2.00e-03
>  Max-Disp  < 4.00e-03
> 
> Constraints are requested. The following criterion is added:
>  Max Constraint Violation (in Angstroms/degrees) < 1.00e-02 
> === End Optimization Info ===
Step    0 : Gradient = 1.226e-02/3.799e-02 (rms/max) Energy = -836.4102172587
Hessian Eigenvalues: 2.76163e-02 2.86317e-02 2.89874e-02 ... 4.68658e-01 5.67099e-01 5.74469e-01
Step    1 : Displace = [0m2.699e-02[0m/[0m7.553e-02[0m (rms/max) Trust = 1.000e-01 (=) Grad_T = [0m6.079e-03[0m/[0m1.707e-02[0m (rms/max) E (change) = -836.4156690979 ([0m-5.452e-03[0m) Quality = [0m1.147[0m
Constraint                         Current      Target       Diff.
Distance 8-26                      3.84170     3.84000     0.00170
Hessian Eigenvalues: 2.45084e-02 2.77200e-02 2.86934e-02 ... 4.68626e-01 5.58394e-01 5.73093e-01
Step    2 : Displace = [0m3.295e-02[0m/[0m8.814e-02[0m (rms/max) Trust = 1.414e-01 ([92m+[0m) Grad_T = [0m5.042e-03[0m/[0m1.436e-02[0m (rms/max) E (change) = -836.4202608985 ([0m-4.592e-03[0m) Quality = [0m1.560[0m
Constraint                         Current      Target       Diff.
Distance 8-26                      3.84111     3.84000     0.00111
Hessian Eigenvalues: 8.63045e-03 2.76571e-02 2.86697e-02 ... 4.77470e-01 5.72114e-01 6.06643e-01
Step    3 : Displace = [0m8.938e-02[0m/[0m2.564e-01[0m (rms/max) Trust = 2.000e-01 ([92m+[0m) Grad_T = [0m1.039e-02[0m/[0m3.101e-02[0m (rms/max) E (change) = -836.4282384381 ([0m-7.978e-03[0m) Quality = [0m1.428[0m
Constraint                         Current      Target       Diff.
Distance 8-26                      3.84372     3.84000     0.00372
Hessian Eigenvalues: 3.97016e-03 2.76505e-02 2.86646e-02 ... 4.85830e-01 5.71967e-01 6.37673e-01
Step    4 : Displace = [0m1.307e-01[0m/[0m3.903e-01[0m (rms/max) Trust = 2.828e-01 ([92m+[0m) Grad_T = [0m1.217e-02[0m/[0m3.234e-02[0m (rms/max) E (change) = -836.4373849798 ([0m-9.147e-03[0m) Quality = [0m1.464[0m
Constraint                         Current      Target       Diff.
Distance 8-26                      3.85261     3.84000     0.01261
Hessian Eigenvalues: 2.07778e-03 2.76819e-02 2.86980e-02 ... 4.80309e-01 5.73171e-01 6.01325e-01
Step    5 : Displace = [0m2.012e-01[0m/[0m6.055e-01[0m (rms/max) Trust = 3.000e-01 ([92m+[0m) Grad_T = [0m1.021e-02[0m/[0m2.247e-02[0m (rms/max) E (change) = -836.4495627559 ([0m-1.218e-02[0m) Quality = [0m1.365[0m
Constraint                         Current      Target       Diff.
Distance 8-26                      3.87907     3.84000     0.03907
Hessian Eigenvalues: 1.56096e-03 2.76079e-02 2.86396e-02 ... 4.85990e-01 5.73318e-01 5.90586e-01
Step    6 : Displace = [0m2.033e-01[0m/[0m6.238e-01[0m (rms/max) Trust = 3.000e-01 (=) Grad_T = [0m9.093e-03[0m/[0m2.153e-02[0m (rms/max) E (change) = -836.4661983994 ([0m-1.664e-02[0m) Quality = [0m1.548[0m
Constraint                         Current      Target       Diff.
Distance 8-26                      3.91614     3.84000     0.07614
Hessian Eigenvalues: 1.03131e-03 2.35257e-02 2.77850e-02 ... 4.86239e-01 5.72865e-01 6.07584e-01
Step    7 : Displace = [0m2.994e-01[0m/[0m9.167e-01[0m (rms/max) Trust = 3.000e-01 (=) Grad_T = [0m1.174e-02[0m/[0m2.066e-02[0m (rms/max) E (change) = -836.4926987886 ([0m-2.650e-02[0m) Quality = [0m1.282[0m
Constraint                         Current      Target       Diff.
Distance 8-26                      4.01462     3.84000     0.17462
Hessian Eigenvalues: 7.10629e-04 1.95677e-02 2.77436e-02 ... 4.89395e-01 5.73660e-01 6.11474e-01
Step    8 : Displace = [0m2.997e-01[0m/[0m8.998e-01[0m (rms/max) Trust = 3.000e-01 (=) Grad_T = [0m1.443e-02[0m/[0m2.875e-02[0m (rms/max) E (change) = -836.5172179383 ([0m-2.452e-02[0m) Quality = [0m1.334[0m
Constraint                         Current      Target       Diff.
Distance 8-26                      4.12345     3.84000     0.28345
Hessian Eigenvalues: 4.66470e-04 1.43568e-02 2.77079e-02 ... 4.90794e-01 5.73549e-01 6.01066e-01
Step    9 : Displace = [0m2.988e-01[0m/[0m8.474e-01[0m (rms/max) Trust = 3.000e-01 (=) Grad_T = [0m1.442e-02[0m/[0m3.529e-02[0m (rms/max) E (change) = -836.5517653646 ([0m-3.455e-02[0m) Quality = [0m1.250[0m
Constraint                         Current      Target       Diff.
Distance 8-26                      4.24318     3.84000     0.40318
Hessian Eigenvalues: 3.28820e-04 9.54605e-03 2.76242e-02 ... 4.91142e-01 5.73480e-01 6.08789e-01
Step   10 : Displace = [0m2.949e-01[0m/[0m8.813e-01[0m (rms/max) Trust = 3.000e-01 (=) Grad_T = [0m1.809e-02[0m/[0m4.597e-02[0m (rms/max) E (change) = -836.5996570009 ([0m-4.789e-02[0m) Quality = [0m1.173[0m
Constraint                         Current      Target       Diff.
Distance 8-26                      4.30465     3.84000     0.46465
Hessian Eigenvalues: 2.86470e-04 3.87590e-03 2.66416e-02 ... 4.94544e-01 5.76897e-01 6.18848e-01
Step   11 : Displace = [0m2.924e-01[0m/[0m9.021e-01[0m (rms/max) Trust = 3.000e-01 (=) Grad_T = [0m4.026e-02[0m/[0m8.997e-02[0m (rms/max) E (change) = -836.6205882921 ([0m-2.093e-02[0m) Quality = [0m0.342[0m
Constraint                         Current      Target       Diff.
Distance 8-26                      4.32683     3.84000     0.48683
Hessian Eigenvalues: 4.52123e-04 3.65032e-03 2.26197e-02 ... 5.70293e-01 6.12139e-01 7.26107e-01
Step   12 : Displace = [0m1.383e-01[0m/[0m4.513e-01[0m (rms/max) Trust = 3.000e-01 (=) Grad_T = [0m5.863e-02[0m/[0m1.866e-01[0m (rms/max) E (change) = -836.6465588604 ([0m-2.597e-02[0m) Quality = [0m0.311[0m
Constraint                         Current      Target       Diff.
Distance 8-26                      3.85660     3.84000     0.01660
Hessian Eigenvalues: 4.40377e-04 4.96539e-03 2.24749e-02 ... 5.72764e-01 6.06732e-01 1.75040e+00
Step   13 : Displace = [0m2.928e-01[0m/[0m1.012e+00[0m (rms/max) Trust = 3.000e-01 (=) Grad_T = [0m3.615e-02[0m/[0m9.717e-02[0m (rms/max) E (change) = -836.6806711161 ([0m-3.411e-02[0m) Quality = [0m0.162[0m
Constraint                         Current      Target       Diff.
Distance 8-26                      3.43362     3.84000    -0.40638
Hessian Eigenvalues: 5.24600e-04 1.19727e-02 2.10385e-02 ... 5.72615e-01 6.04836e-01 1.25886e+00
Step   14 : Displace = [0m1.418e-01[0m/[0m4.104e-01[0m (rms/max) Trust = 1.464e-01 ([91m-[0m) Grad_T = [0m3.837e-02[0m/[0m8.797e-02[0m (rms/max) E (change) = -836.7412636001 ([0m-6.059e-02[0m) Quality = [0m1.264[0m
Constraint                         Current      Target       Diff.
Distance 8-26                      3.65061     3.84000    -0.18939
Hessian Eigenvalues: 5.23239e-04 6.43787e-03 1.98703e-02 ... 5.72192e-01 6.03941e-01 1.26851e+00
Step   15 : Displace = [0m2.219e-01[0m/[0m7.403e-01[0m (rms/max) Trust = 2.071e-01 ([92m+[0m) Grad_T = [0m5.552e-01[0m/[0m1.849e+00[0m (rms/max) E (change) = -836.2562547405 ([91m+4.850e-01[0m) Quality = [91m-3.710[0m
Constraint                         Current      Target       Diff.
Distance 8-26                      3.94992     3.84000     0.10992
[93mNot rejecting step - far from constraint satisfaction[0m
Eigenvalues below 1.0000e-05 (-7.7647e+00) - returning guess
Hessian Eigenvalues: 2.76164e-02 2.86317e-02 2.89874e-02 ... 4.62956e-01 5.80888e-01 6.14806e-01
Step   16 : Displace = [0m1.085e-01[0m/[0m4.129e-01[0m (rms/max) Trust = 1.035e-01 ([91m-[0m) Grad_T = [0m6.802e-02[0m/[0m1.878e-01[0m (rms/max) E (change) = -836.5457668716 ([0m-2.895e-01[0m) Quality = [0m0.117[0m
Constraint                         Current      Target       Diff.
Distance 8-26                      4.09602     3.84000     0.25602
Hessian Eigenvalues: 2.76180e-02 2.86349e-02 2.89821e-02 ... 5.80856e-01 6.12023e-01 3.83483e+00
Step   17 : Displace = [0m5.562e-02[0m/[0m2.013e-01[0m (rms/max) Trust = 5.177e-02 ([91m-[0m) Grad_T = [0m5.781e-02[0m/[0m1.622e-01[0m (rms/max) E (change) = -836.6428380999 ([0m-9.707e-02[0m) Quality = [0m1.011[0m
Constraint                         Current      Target       Diff.
Distance 8-26                      3.92044     3.84000     0.08044
Hessian Eigenvalues: 2.16155e-02 2.76322e-02 2.86869e-02 ... 5.80741e-01 6.53352e-01 2.93838e+00
Step   18 : Displace = [0m7.217e-02[0m/[0m2.273e-01[0m (rms/max) Trust = 7.321e-02 ([92m+[0m) Grad_T = [0m4.465e-02[0m/[0m1.315e-01[0m (rms/max) E (change) = -836.7445369813 ([0m-1.017e-01[0m) Quality = [0m0.955[0m
Constraint                         Current      Target       Diff.
Distance 8-26                      3.78830     3.84000    -0.05170
Hessian Eigenvalues: 2.72457e-02 2.78486e-02 2.90336e-02 ... 5.80447e-01 7.22007e-01 1.74865e+00
Step   19 : Displace = [0m1.085e-01[0m/[0m3.098e-01[0m (rms/max) Trust = 1.035e-01 ([92m+[0m) Grad_T = [0m4.361e-02[0m/[0m1.031e-01[0m (rms/max) E (change) = -836.7859837957 ([0m-4.145e-02[0m) Quality = [0m0.439[0m
Constraint                         Current      Target       Diff.
Distance 8-26                      3.77244     3.84000    -0.06756
Hessian Eigenvalues: 2.22565e-02 2.76193e-02 2.85217e-02 ... 5.82354e-01 1.00300e+00 1.48684e+00
Step   20 : Displace = [0m1.029e-01[0m/[0m3.449e-01[0m (rms/max) Trust = 1.035e-01 (=) Grad_T = [0m4.671e-02[0m/[0m1.373e-01[0m (rms/max) E (change) = -836.7512636873 ([91m+3.472e-02[0m) Quality = [91m-0.353[0m
Constraint                         Current      Target       Diff.
Distance 8-26                      3.85543     3.84000     0.01543
Hessian Eigenvalues: 2.75804e-02 2.84616e-02 2.88394e-02 ... 5.87346e-01 8.24341e-01 1.85559e+00
Step   21 : Displace = [0m5.440e-02[0m/[0m1.759e-01[0m (rms/max) Trust = 5.147e-02 ([91m-[0m) Grad_T = [0m3.212e-02[0m/[0m7.972e-02[0m (rms/max) E (change) = -836.8133205943 ([0m-6.206e-02[0m) Quality = [0m0.994[0m
Constraint                         Current      Target       Diff.
Distance 8-26                      3.77966     3.84000    -0.06034
Hessian Eigenvalues: 2.75652e-02 2.84459e-02 2.88230e-02 ... 5.80193e-01 7.38399e-01 1.05785e+00
Step   22 : Displace = [0m7.417e-02[0m/[0m1.956e-01[0m (rms/max) Trust = 7.280e-02 ([92m+[0m) Grad_T = [0m4.157e-02[0m/[0m1.414e-01[0m (rms/max) E (change) = -836.8282433701 ([0m-1.492e-02[0m) Quality = [0m0.428[0m
Constraint                         Current      Target       Diff.
Distance 8-26                      3.78359     3.84000    -0.05641
Hessian Eigenvalues: 2.40231e-02 2.76740e-02 2.86667e-02 ... 5.97374e-01 7.41292e-01 1.64329e+00
Step   23 : Displace = [0m4.657e-02[0m/[0m1.709e-01[0m (rms/max) Trust = 7.280e-02 (=) Grad_T = [0m2.807e-02[0m/[0m8.635e-02[0m (rms/max) E (change) = -836.8365411794 ([0m-8.298e-03[0m) Quality = [0m0.357[0m
Constraint                         Current      Target       Diff.
Distance 8-26                      3.79574     3.84000    -0.04426
Hessian Eigenvalues: 2.46613e-02 2.76733e-02 2.86583e-02 ... 6.08730e-01 7.30456e-01 1.79304e+00
Step   24 : Displace = [0m3.749e-02[0m/[0m7.697e-02[0m (rms/max) Trust = 7.280e-02 (=) Grad_T = [0m1.252e-02[0m/[0m3.912e-02[0m (rms/max) E (change) = -836.8454173380 ([0m-8.876e-03[0m) Quality = [0m0.685[0m
Constraint                         Current      Target       Diff.
Distance 8-26                      3.83057     3.84000    -0.00943
Hessian Eigenvalues: 2.10997e-02 2.76216e-02 2.86526e-02 ... 6.07838e-01 7.68407e-01 1.56332e+00
Step   25 : Displace = [0m2.590e-02[0m/[0m5.880e-02[0m (rms/max) Trust = 7.280e-02 (=) Grad_T = [0m6.814e-03[0m/[0m1.696e-02[0m (rms/max) E (change) = -836.8509932363 ([0m-5.576e-03[0m) Quality = [0m1.257[0m
Constraint                         Current      Target       Diff.
Distance 8-26                      3.81150     3.84000    -0.02850
Hessian Eigenvalues: 1.75260e-02 2.76221e-02 2.84630e-02 ... 6.19334e-01 8.54009e-01 1.67310e+00
Step   26 : Displace = [0m3.115e-02[0m/[0m7.242e-02[0m (rms/max) Trust = 1.029e-01 ([92m+[0m) Grad_T = [0m6.793e-03[0m/[0m1.561e-02[0m (rms/max) E (change) = -836.8538653696 ([0m-2.872e-03[0m) Quality = [0m1.185[0m
Constraint                         Current      Target       Diff.
Distance 8-26                      3.81565     3.84000    -0.02435
Hessian Eigenvalues: 1.01479e-02 2.76235e-02 2.80706e-02 ... 6.05947e-01 8.50004e-01 1.70231e+00
Step   27 : Displace = [0m4.579e-02[0m/[0m1.111e-01[0m (rms/max) Trust = 1.456e-01 ([92m+[0m) Grad_T = [0m7.958e-03[0m/[0m2.284e-02[0m (rms/max) E (change) = -836.8560047042 ([0m-2.139e-03[0m) Quality = [0m0.833[0m
Constraint                         Current      Target       Diff.
Distance 8-26                      3.80752     3.84000    -0.03248
Hessian Eigenvalues: 7.50105e-03 2.76241e-02 2.86560e-02 ... 6.34106e-01 8.13656e-01 1.79994e+00
Step   28 : Displace = [0m2.013e-02[0m/[0m4.787e-02[0m (rms/max) Trust = 2.059e-01 ([92m+[0m) Grad_T = [0m3.428e-03[0m/[0m8.520e-03[0m (rms/max) E (change) = -836.8574905339 ([0m-1.486e-03[0m) Quality = [0m1.147[0m
Constraint                         Current      Target       Diff.
Distance 8-26                      3.81316     3.84000    -0.02684
Hessian Eigenvalues: 7.43756e-03 2.34864e-02 2.76267e-02 ... 6.31889e-01 8.22039e-01 1.76522e+00
Step   29 : Displace = [0m2.721e-02[0m/[0m9.232e-02[0m (rms/max) Trust = 2.912e-01 ([92m+[0m) Grad_T = [0m3.982e-03[0m/[0m8.330e-03[0m (rms/max) E (change) = -836.8583675181 ([0m-8.770e-04[0m) Quality = [0m0.908[0m
Constraint                         Current      Target       Diff.
Distance 8-26                      3.82329     3.84000    -0.01671
Hessian Eigenvalues: 7.24919e-03 1.36986e-02 2.76323e-02 ... 6.33094e-01 9.12315e-01 1.76491e+00
Step   30 : Displace = [0m2.132e-02[0m/[0m5.744e-02[0m (rms/max) Trust = 3.000e-01 ([92m+[0m) Grad_T = [0m2.814e-03[0m/[0m7.322e-03[0m (rms/max) E (change) = -836.8593491880 ([0m-9.817e-04[0m) Quality = [0m1.416[0m
Constraint                         Current      Target       Diff.
Distance 8-26                      3.82889     3.84000    -0.01111
Hessian Eigenvalues: 5.76217e-03 1.15986e-02 2.76316e-02 ... 6.32312e-01 8.87981e-01 1.76503e+00
Step   31 : Displace = [0m2.911e-02[0m/[0m8.482e-02[0m (rms/max) Trust = 3.000e-01 (=) Grad_T = [0m2.798e-03[0m/[0m7.150e-03[0m (rms/max) E (change) = -836.8601542557 ([0m-8.051e-04[0m) Quality = [0m1.224[0m
Constraint                         Current      Target       Diff.
Distance 8-26                      3.81883     3.84000    -0.02117
Hessian Eigenvalues: 4.67870e-03 1.00319e-02 2.76288e-02 ... 6.32147e-01 9.18398e-01 1.78586e+00
Step   32 : Displace = [0m2.998e-02[0m/[0m8.615e-02[0m (rms/max) Trust = 3.000e-01 (=) Grad_T = [0m2.776e-03[0m/[0m6.839e-03[0m (rms/max) E (change) = -836.8607683084 ([0m-6.141e-04[0m) Quality = [0m1.553[0m
Constraint                         Current      Target       Diff.
Distance 8-26                      3.82336     3.84000    -0.01664
Hessian Eigenvalues: 2.56048e-03 9.20207e-03 2.51367e-02 ... 6.34000e-01 9.11970e-01 1.97656e+00
Step   33 : Displace = [0m7.026e-02[0m/[0m1.906e-01[0m (rms/max) Trust = 3.000e-01 (=) Grad_T = [0m4.527e-03[0m/[0m1.221e-02[0m (rms/max) E (change) = -836.8621819534 ([0m-1.414e-03[0m) Quality = [0m1.397[0m
Constraint                         Current      Target       Diff.
Distance 8-26                      3.80531     3.84000    -0.03469
Hessian Eigenvalues: 1.39079e-03 8.75144e-03 2.03950e-02 ... 6.37182e-01 9.81920e-01 2.21353e+00
Step   34 : Displace = [0m1.628e-01[0m/[0m3.656e-01[0m (rms/max) Trust = 3.000e-01 (=) Grad_T = [0m8.732e-03[0m/[0m1.812e-02[0m (rms/max) E (change) = -836.8644517855 ([0m-2.270e-03[0m) Quality = [0m0.879[0m
Constraint                         Current      Target       Diff.
Distance 8-26                      3.78525     3.84000    -0.05475
Hessian Eigenvalues: 1.59250e-03 8.81821e-03 1.73436e-02 ... 6.65883e-01 1.02598e+00 2.17682e+00
Step   35 : Displace = [0m5.482e-02[0m/[0m1.265e-01[0m (rms/max) Trust = 3.000e-01 (=) Grad_T = [0m6.329e-03[0m/[0m1.658e-02[0m (rms/max) E (change) = -836.8678185718 ([0m-3.367e-03[0m) Quality = [0m1.778[0m
Constraint                         Current      Target       Diff.
Distance 8-26                      3.80551     3.84000    -0.03449
Hessian Eigenvalues: 1.21558e-03 9.11222e-03 1.39558e-02 ... 6.51805e-01 1.00846e+00 2.17492e+00
Step   36 : Displace = [0m1.927e-01[0m/[0m4.030e-01[0m (rms/max) Trust = 3.000e-01 (=) Grad_T = [0m1.685e-02[0m/[0m5.651e-02[0m (rms/max) E (change) = -836.8726927181 ([0m-4.874e-03[0m) Quality = [0m0.898[0m
Constraint                         Current      Target       Diff.
Distance 8-26                      3.81781     3.84000    -0.02219
Hessian Eigenvalues: 1.50842e-03 8.42992e-03 9.82736e-03 ... 6.54736e-01 1.15486e+00 3.38110e+00
Step   37 : Displace = [0m2.440e-01[0m/[0m5.328e-01[0m (rms/max) Trust = 3.000e-01 (=) Grad_T = [0m1.941e-01[0m/[0m6.980e-01[0m (rms/max) E (change) = -836.8290957465 ([91m+4.360e-02[0m) Quality = [91m-5.751[0m
Constraint                         Current      Target       Diff.
Distance 8-26                      3.75380     3.84000    -0.08620
[93mRejecting step - quality is lower than -1.0[0m
Hessian Eigenvalues: 1.50842e-03 8.42992e-03 9.82736e-03 ... 6.54736e-01 1.15486e+00 3.38110e+00
Step   38 : Displace = [0m1.143e-01[0m/[0m2.746e-01[0m (rms/max) Trust = 1.220e-01 ([1;91mx[0m) Grad_T = [0m1.222e-01[0m/[0m4.263e-01[0m (rms/max) E (change) = -836.8354487966 ([91m+3.724e-02[0m) Quality = [91m-2.906[0m
Constraint                         Current      Target       Diff.
Distance 8-26                      3.75004     3.84000    -0.08996
[93mRejecting step - quality is lower than -1.0[0m
Hessian Eigenvalues: 1.50842e-03 8.42992e-03 9.82736e-03 ... 6.54736e-01 1.15486e+00 3.38110e+00
Step   39 : Displace = [0m6.128e-02[0m/[0m1.781e-01[0m (rms/max) Trust = 5.714e-02 ([1;91mx[0m) Grad_T = [0m4.523e-02[0m/[0m1.424e-01[0m (rms/max) E (change) = -836.8608289972 ([91m+1.186e-02[0m) Quality = [91m-1.272[0m
Constraint                         Current      Target       Diff.
Distance 8-26                      3.77694     3.84000    -0.06306
[93mRejecting step - quality is lower than -1.0[0m
Hessian Eigenvalues: 1.50842e-03 8.42992e-03 9.82736e-03 ... 6.54736e-01 1.15486e+00 3.38110e+00
Step   40 : Displace = [0m2.804e-02[0m/[0m9.720e-02[0m (rms/max) Trust = 2.857e-02 ([1;91mx[0m) Grad_T = [0m1.888e-02[0m/[0m5.357e-02[0m (rms/max) E (change) = -836.8710334538 ([91m+1.659e-03[0m) Quality = [91m-0.405[0m
Constraint                         Current      Target       Diff.
Distance 8-26                      3.79974     3.84000    -0.04026
Hessian Eigenvalues: 1.51350e-03 8.65208e-03 9.97055e-03 ... 6.55876e-01 1.29794e+00 1.10437e+01
Step   41 : Displace = [0m1.433e-02[0m/[0m4.842e-02[0m (rms/max) Trust = 1.402e-02 ([91m-[0m) Grad_T = [0m9.188e-03[0m/[0m2.395e-02[0m (rms/max) E (change) = -836.8746407187 ([0m-3.607e-03[0m) Quality = [0m0.915[0m
Constraint                         Current      Target       Diff.
Distance 8-26                      3.83457     3.84000    -0.00543
Hessian Eigenvalues: 1.51431e-03 8.65899e-03 9.85268e-03 ... 6.56623e-01 1.26514e+00 1.48767e+01
Step   42 : Displace = [0m2.079e-02[0m/[0m4.319e-02[0m (rms/max) Trust = 1.983e-02 ([92m+[0m) Grad_T = [0m6.804e-03[0m/[0m1.850e-02[0m (rms/max) E (change) = -836.8790183471 ([0m-4.378e-03[0m) Quality = [0m1.014[0m
Hessian Eigenvalues: 1.44980e-03 8.62663e-03 9.80838e-03 ... 6.76951e-01 1.13921e+00 1.53674e+01
Step   43 : Displace = [0m2.624e-02[0m/[0m5.913e-02[0m (rms/max) Trust = 2.804e-02 ([92m+[0m) Grad_T = [0m6.690e-03[0m/[0m1.793e-02[0m (rms/max) E (change) = -836.8830303570 ([0m-4.012e-03[0m) Quality = [0m1.119[0m
Constraint                         Current      Target       Diff.
Distance 8-26                      3.84125     3.84000     0.00125
Hessian Eigenvalues: 1.09048e-03 7.24643e-03 1.00182e-02 ... 6.54914e-01 1.09146e+00 1.64818e+01
Step   44 : Displace = [0m3.574e-02[0m/[0m8.077e-02[0m (rms/max) Trust = 3.966e-02 ([92m+[0m) Grad_T = [0m4.661e-03[0m/[0m1.059e-02[0m (rms/max) E (change) = -836.8880950586 ([0m-5.065e-03[0m) Quality = [0m1.029[0m
Constraint                         Current      Target       Diff.
Distance 8-26                      3.84319     3.84000     0.00319
Hessian Eigenvalues: 7.15665e-04 7.74360e-03 1.01273e-02 ... 6.77736e-01 1.09139e+00 1.49283e+01
Step   45 : Displace = [0m5.461e-02[0m/[0m1.277e-01[0m (rms/max) Trust = 5.609e-02 ([92m+[0m) Grad_T = [0m4.613e-03[0m/[0m1.088e-02[0m (rms/max) E (change) = -836.8949649715 ([0m-6.870e-03[0m) Quality = [0m1.049[0m
Constraint                         Current      Target       Diff.
Distance 8-26                      3.84184     3.84000     0.00184
Hessian Eigenvalues: 1.57279e-04 8.49834e-03 1.00947e-02 ... 6.86846e-01 1.09821e+00 1.34562e+01
Step   46 : Displace = [0m7.892e-02[0m/[0m1.768e-01[0m (rms/max) Trust = 7.932e-02 ([92m+[0m) Grad_T = [0m5.920e-03[0m/[0m1.387e-02[0m (rms/max) E (change) = -836.9037980501 ([0m-8.833e-03[0m) Quality = [0m0.912[0m
Constraint                         Current      Target       Diff.
Distance 8-26                      3.84354     3.84000     0.00354
Hessian Eigenvalues: 2.04594e-03 7.54325e-03 9.98154e-03 ... 6.91931e-01 1.11311e+00 1.15605e+01
Step   47 : Displace = [0m1.087e-01[0m/[0m2.638e-01[0m (rms/max) Trust = 1.122e-01 ([92m+[0m) Grad_T = [0m1.078e-02[0m/[0m2.488e-02[0m (rms/max) E (change) = -836.9125706680 ([0m-8.773e-03[0m) Quality = [0m0.964[0m
Constraint                         Current      Target       Diff.
Distance 8-26                      3.85766     3.84000     0.01766
Hessian Eigenvalues: 1.54318e-03 4.78678e-03 9.99697e-03 ... 6.89447e-01 1.17517e+00 1.23436e+01
Step   48 : Displace = [0m1.629e-01[0m/[0m2.984e-01[0m (rms/max) Trust = 1.586e-01 ([92m+[0m) Grad_T = [0m1.828e+00[0m/[0m6.922e+00[0m (rms/max) E (change) = -836.9024173804 ([91m+1.015e-02[0m) Quality = [91m-0.704[0m
Constraint                         Current      Target       Diff.
Distance 8-26                      3.79387     3.84000    -0.04613
Hessian Eigenvalues: 1.13661e-03 7.95717e-03 1.04426e-02 ... 7.33542e-01 1.17846e+00 6.73673e+02
Step   49 : Displace = [0m2.120e-02[0m/[0m7.077e-02[0m (rms/max) Trust = 7.932e-02 ([91m-[0m) Grad_T = [0m7.885e-02[0m/[0m2.821e-01[0m (rms/max) E (change) = -836.9174275124 ([0m-1.501e-02[0m) Quality = [0m0.100[0m
Constraint                         Current      Target       Diff.
Distance 8-26                      3.84383     3.84000     0.00383
Hessian Eigenvalues: 1.13691e-03 7.95089e-03 1.04219e-02 ... 7.35001e-01 1.18619e+00 7.72039e+03
Step   50 : Displace = [0m1.048e-02[0m/[0m2.436e-02[0m (rms/max) Trust = 1.060e-02 ([91m-[0m) Grad_T = [0m4.805e-02[0m/[0m1.646e-01[0m (rms/max) E (change) = -836.9262023398 ([0m-8.775e-03[0m) Quality = [0m0.939[0m
Constraint                         Current      Target       Diff.
Distance 8-26                      3.84992     3.84000     0.00992
Hessian Eigenvalues: 1.12825e-03 7.94853e-03 1.05134e-02 ... 7.26373e-01 1.25224e+00 6.94826e+03
Step   51 : Displace = [0m1.425e-02[0m/[0m4.069e-02[0m (rms/max) Trust = 1.499e-02 ([92m+[0m) Grad_T = [0m1.798e-02[0m/[0m5.876e-02[0m (rms/max) E (change) = -836.9325791899 ([0m-6.377e-03[0m) Quality = [0m0.904[0m
Constraint                         Current      Target       Diff.
Distance 8-26                      3.86139     3.84000     0.02139
Hessian Eigenvalues: 1.15403e-03 7.98773e-03 1.06325e-02 ... 8.51493e-01 1.24991e+00 6.67007e+03
Step   52 : Displace = [0m2.131e-02[0m/[0m6.442e-02[0m (rms/max) Trust = 2.120e-02 ([92m+[0m) Grad_T = [0m1.010e-02[0m/[0m2.896e-02[0m (rms/max) E (change) = -836.9400737856 ([0m-7.495e-03[0m) Quality = [0m0.976[0m
Constraint                         Current      Target       Diff.
Distance 8-26                      3.88200     3.84000     0.04200
Hessian Eigenvalues: 1.12507e-03 7.98292e-03 1.07110e-02 ... 9.25083e-01 1.56096e+00 6.69321e+03
Step   53 : Displace = [0m3.026e-02[0m/[0m9.310e-02[0m (rms/max) Trust = 2.998e-02 ([92m+[0m) Grad_T = [0m8.050e-03[0m/[0m2.098e-02[0m (rms/max) E (change) = -836.9482886398 ([0m-8.215e-03[0m) Quality = [0m0.960[0m
Constraint                         Current      Target       Diff.
Distance 8-26                      3.89392     3.84000     0.05392
Hessian Eigenvalues: 1.66452e-03 7.96584e-03 1.00856e-02 ... 8.95575e-01 1.60106e+00 6.68649e+03
Step   54 : Displace = [0m4.219e-02[0m/[0m1.263e-01[0m (rms/max) Trust = 4.240e-02 ([92m+[0m) Grad_T = [0m1.746e-02[0m/[0m5.957e-02[0m (rms/max) E (change) = -836.9557235947 ([0m-7.435e-03[0m) Quality = [0m0.903[0m
Constraint                         Current      Target       Diff.
Distance 8-26                      3.91569     3.84000     0.07569
Hessian Eigenvalues: 1.89578e-03 6.69110e-03 1.14930e-02 ... 9.49846e-01 2.06373e+00 6.70670e+03
Step   55 : Displace = [0m6.591e-02[0m/[0m1.596e-01[0m (rms/max) Trust = 5.996e-02 ([92m+[0m) Grad_T = [0m5.437e-02[0m/[0m2.007e-01[0m (rms/max) E (change) = -836.9561902561 ([0m-4.667e-04[0m) Quality = [0m0.045[0m
Constraint                         Current      Target       Diff.
Distance 8-26                      3.91284     3.84000     0.07284
Hessian Eigenvalues: 1.58170e-03 8.26212e-03 1.18966e-02 ... 9.77613e-01 3.55024e+00 6.77103e+03
Step   56 : Displace = [0m3.163e-02[0m/[0m8.150e-02[0m (rms/max) Trust = 2.998e-02 ([91m-[0m) Grad_T = [0m2.063e-02[0m/[0m7.193e-02[0m (rms/max) E (change) = -836.9631619068 ([0m-6.972e-03[0m) Quality = [0m0.590[0m
Constraint                         Current      Target       Diff.
Distance 8-26                      3.89727     3.84000     0.05727
Hessian Eigenvalues: 1.58455e-03 8.36468e-03 1.23177e-02 ... 1.00769e+00 4.42548e+00 6.79109e+03
Step   57 : Displace = [0m2.884e-02[0m/[0m6.499e-02[0m (rms/max) Trust = 2.998e-02 (=) Grad_T = [0m1.710e-02[0m/[0m4.270e-02[0m (rms/max) E (change) = -836.9639076475 ([0m-7.457e-04[0m) Quality = [0m0.105[0m
Constraint                         Current      Target       Diff.
Distance 8-26                      3.83252     3.84000    -0.00748
Hessian Eigenvalues: 2.17305e-03 8.41844e-03 1.22739e-02 ... 1.04953e+00 3.97050e+00 6.75927e+03
Step   58 : Displace = [0m1.513e-02[0m/[0m3.466e-02[0m (rms/max) Trust = 1.442e-02 ([91m-[0m) Grad_T = [0m7.666e-03[0m/[0m2.346e-02[0m (rms/max) E (change) = -836.9675606160 ([0m-3.653e-03[0m) Quality = [0m1.015[0m
Constraint                         Current      Target       Diff.
Distance 8-26                      3.83238     3.84000    -0.00762
Hessian Eigenvalues: 2.21945e-03 8.38932e-03 1.26787e-02 ... 1.00557e+00 3.97038e+00 6.75161e+03
Step   59 : Displace = [0m2.000e-02[0m/[0m4.366e-02[0m (rms/max) Trust = 2.039e-02 ([92m+[0m) Grad_T = [0m9.026e-03[0m/[0m2.985e-02[0m (rms/max) E (change) = -836.9687508867 ([0m-1.190e-03[0m) Quality = [0m0.758[0m
Constraint                         Current      Target       Diff.
Distance 8-26                      3.85153     3.84000     0.01153
Hessian Eigenvalues: 3.22460e-03 7.36489e-03 1.36264e-02 ... 1.06563e+00 4.01540e+00 6.74572e+03
Step   60 : Displace = [0m2.941e-02[0m/[0m5.570e-02[0m (rms/max) Trust = 2.884e-02 ([92m+[0m) Grad_T = [0m7.282e-03[0m/[0m1.952e-02[0m (rms/max) E (change) = -836.9697327802 ([0m-9.819e-04[0m) Quality = [0m0.635[0m
Constraint                         Current      Target       Diff.
Distance 8-26                      3.85894     3.84000     0.01894
Hessian Eigenvalues: 3.22460e-03 7.36489e-03 1.36264e-02 ... 1.06563e+00 4.01540e+00 6.74572e+03
Maximum iterations reached (60); increase --maxiter for more
