geometric-optimize called with the following command line:
k2_surrogate_spike.py run

                                        [91m())))))))))))))))/[0m                     
                                    [91m())))))))))))))))))))))))),[0m                
                                [91m*)))))))))))))))))))))))))))))))))[0m             
                        [94m#,[0m    [91m()))))))))/[0m                [91m.)))))))))),[0m          
                      [94m#%%%%,[0m  [91m())))))[0m                        [91m.))))))))*[0m        
                      [94m*%%%%%%,[0m  [91m))[0m              [93m..[0m              [91m,))))))).[0m      
                        [94m*%%%%%%,[0m         [93m***************/.[0m        [91m.)))))))[0m     
                [94m#%%/[0m      [94m(%%%%%%,[0m    [93m/*********************.[0m       [91m)))))))[0m    
              [94m.%%%%%%#[0m      [94m*%%%%%%,[0m  [93m*******/,[0m     [93m**********,[0m      [91m.))))))[0m   
                [94m.%%%%%%/[0m      [94m*%%%%%%,[0m  [93m**[0m              [93m********[0m      [91m.))))))[0m  
          [94m##[0m      [94m.%%%%%%/[0m      [94m(%%%%%%,[0m                  [93m,******[0m      [91m/)))))[0m  
        [94m%%%%%%[0m      [94m.%%%%%%#[0m      [94m*%%%%%%,[0m    [92m,/////.[0m       [93m******[0m      [91m))))))[0m 
      [94m#%[0m      [94m%%[0m      [94m.%%%%%%/[0m      [94m*%%%%%%,[0m  [92m////////,[0m      [93m*****/[0m     [91m,)))))[0m 
    [94m#%%[0m  [94m%%%[0m  [94m%%%#[0m      [94m.%%%%%%/[0m      [94m(%%%%%%,[0m  [92m///////.[0m     [93m/*****[0m      [91m))))).[0m
  [94m#%%%%.[0m      [94m%%%%%#[0m      [94m/%%%%%%*[0m      [94m#%%%%%%[0m   [92m/////)[0m     [93m******[0m      [91m))))),[0m
    [94m#%%%%##%[0m  [94m%%%#[0m      [94m.%%%%%%/[0m      [94m(%%%%%%,[0m  [92m///////.[0m     [93m/*****[0m      [91m))))).[0m
      [94m##[0m     [94m%%%[0m      [94m.%%%%%%/[0m      [94m*%%%%%%,[0m  [92m////////.[0m      [93m*****/[0m     [91m,)))))[0m 
        [94m#%%%%#[0m      [94m/%%%%%%/[0m      [94m(%%%%%%[0m      [92m/)/)//[0m       [93m******[0m      [91m))))))[0m 
          [94m##[0m      [94m.%%%%%%/[0m      [94m(%%%%%%,[0m                  [93m*******[0m      [91m))))))[0m  
                [94m.%%%%%%/[0m      [94m*%%%%%%,[0m  [93m**.[0m             [93m/*******[0m      [91m.))))))[0m  
              [94m*%%%%%%/[0m      [94m(%%%%%%[0m   [93m********/*..,*/*********[0m       [91m*))))))[0m   
                [94m#%%/[0m      [94m(%%%%%%,[0m    [93m*********************/[0m        [91m)))))))[0m    
                        [94m*%%%%%%,[0m         [93m,**************/[0m         [91m,))))))/[0m     
                      [94m(%%%%%%[0m   [91m()[0m                              [91m))))))))[0m       
                      [94m#%%%%,[0m  [91m())))))[0m                        [91m,)))))))),[0m        
                        [94m#,[0m    [91m())))))))))[0m                [91m,)))))))))).[0m          
                                 [91m()))))))))))))))))))))))))))))))/[0m             
                                    [91m())))))))))))))))))))))))).[0m                
                                         [91m())))))))))))))),[0m                     

-=# [1;94m geomeTRIC started. Version: 1.1.1 [0m #=-
Current date and time: 2026-07-23 19:51:26
#========================================================#
#| [92m    Arguments passed to driver run_optimizer():     [0m |#
#========================================================#
bothre                    0.0 
constraints               constraints.txt 
convergence_cmax          0.01 
convergence_dmax          0.004 
convergence_drms          0.002 
convergence_energy        5e-06 
convergence_gmax          0.0003 
convergence_grms          0.0001 
coordsys                  hdlc 
customengine              <ash.interfaces.interface_geometric_new.ASHengineclass object at 0x1499a799b610> 
input                     dummyinputname 
irc                       False 
logIni                    /home/18660916/envs/ash/lib/python3.11/site-packages/ash/log.ini 
maxiter                   80 
prefix                    geometric_OPTtraj 
rigid                     False 
subfrctor                 1 
transition                False 
verbose                   0 
----------------------------------------------------------
Custom engine selected.
$freeze
xyz 25
xyz 26
xyz 27
xyz 28
xyz 29
xyz 30
xyz 31
xyz 32
xyz 33
xyz 34
xyz 35
xyz 36
xyz 37
xyz 38
Bonds will be generated from interatomic distances less than 1.20 times sum of covalent radii
114 internal coordinates being used (instead of 114 Cartesians)
Internal coordinate system (atoms numbered from 1):
Cartesian-X 25
Cartesian-Y 25
Cartesian-Z 25
Cartesian-X 26
Cartesian-Y 26
Cartesian-Z 26
Cartesian-X 27
Cartesian-Y 27
Cartesian-Z 27
Cartesian-X 28
Cartesian-Y 28
Cartesian-Z 28
Cartesian-X 29
Cartesian-Y 29
Cartesian-Z 29
Cartesian-X 30
Cartesian-Y 30
Cartesian-Z 30
Cartesian-X 31
Cartesian-Y 31
Cartesian-Z 31
Cartesian-X 32
Cartesian-Y 32
Cartesian-Z 32
Cartesian-X 33
Cartesian-Y 33
Cartesian-Z 33
Cartesian-X 34
Cartesian-Y 34
Cartesian-Z 34
Cartesian-X 35
Cartesian-Y 35
Cartesian-Z 35
Cartesian-X 36
Cartesian-Y 36
Cartesian-Z 36
Cartesian-X 37
Cartesian-Y 37
Cartesian-Z 37
Cartesian-X 38
Cartesian-Y 38
Cartesian-Z 38
Distance 1-2
Distance 1-3
Distance 1-4
Distance 4-5
Distance 4-8
Distance 5-6
Distance 5-7
Distance 8-9
Distance 9-10
Distance 9-11
Distance 9-18
Distance 11-12
Distance 11-13
Distance 13-14
Distance 13-22
Distance 14-15
Distance 14-16
Distance 16-17
Distance 16-18
Distance 18-19
Distance 18-20
Distance 20-21
Distance 22-23
Distance 22-24
Distance 25-26
Distance 25-27
Distance 25-28
Distance 25-29
Distance 25-30
Distance 25-31
Distance 25-32
Distance 25-33
Distance 25-34
Distance 26-27
Distance 26-28
Distance 27-31
Distance 28-33
Distance 29-30
Distance 29-31
Distance 30-34
Distance 32-33
Distance 32-34
Distance 35-36
Distance 35-37
Distance 35-38
Angle 2-1-4
Angle 3-1-4
Angle 1-4-8
Angle 5-4-8
Angle 4-5-7
Angle 6-5-7
Angle 4-8-9
Angle 8-9-10
Angle 8-9-11
Angle 8-9-18
Angle 10-9-11
Angle 10-9-18
Angle 11-9-18
Angle 9-11-13
Angle 12-11-13
Angle 11-13-22
Angle 14-13-22
Angle 13-14-16
Angle 15-14-16
Angle 14-16-18
Angle 17-16-18
Angle 9-18-16
Angle 9-18-19
Angle 9-18-20
Angle 16-18-19
Angle 16-18-20
Angle 19-18-20
Angle 18-20-21
Angle 13-22-24
Angle 23-22-24
Angle 27-25-34
Angle 28-25-30
Angle 30-25-33
Angle 31-25-33
Angle 33-25-34
Angle 25-26-28
Angle 27-26-28
Angle 25-27-31
Angle 26-27-31
Angle 25-28-33
Angle 26-28-33
Angle 25-29-31
Angle 30-29-31
Angle 25-30-34
Angle 29-30-34
Angle 25-31-29
Angle 27-31-29
Angle 25-32-34
Angle 33-32-34
Angle 25-33-32
Angle 28-33-32
Angle 25-34-32
Angle 30-34-32
Angle 36-35-38
Angle 37-35-38
Out-of-Plane 1-2-3-4
Out-of-Plane 4-1-5-8
Out-of-Plane 5-4-6-7
Out-of-Plane 11-9-12-13
Out-of-Plane 13-11-14-22
Out-of-Plane 14-13-15-16
Out-of-Plane 16-14-17-18
Out-of-Plane 22-13-23-24
Out-of-Plane 25-26-27-28
Out-of-Plane 25-26-27-29
Out-of-Plane 25-26-27-30
Out-of-Plane 25-26-27-31
Out-of-Plane 25-26-27-32
Out-of-Plane 25-26-27-33
Out-of-Plane 25-26-27-34
Out-of-Plane 25-26-28-29
Out-of-Plane 25-26-28-30
Out-of-Plane 25-26-28-31
Out-of-Plane 25-26-28-32
Out-of-Plane 25-26-28-33
Out-of-Plane 25-26-28-34
Out-of-Plane 25-26-29-30
Out-of-Plane 25-26-29-31
Out-of-Plane 25-26-29-32
Out-of-Plane 25-26-29-33
Out-of-Plane 25-26-29-34
Out-of-Plane 25-26-31-30
Out-of-Plane 25-26-32-30
Out-of-Plane 25-26-33-30
Out-of-Plane 25-30-34-26
Out-of-Plane 25-26-31-32
Out-of-Plane 25-26-31-33
Out-of-Plane 25-26-31-34
Out-of-Plane 25-26-32-33
Out-of-Plane 25-26-32-34
Out-of-Plane 25-26-33-34
Out-of-Plane 25-27-28-29
Out-of-Plane 25-27-28-30
Out-of-Plane 25-27-31-28
Out-of-Plane 25-27-28-32
Out-of-Plane 25-27-28-33
Out-of-Plane 25-27-28-34
Out-of-Plane 25-27-29-30
Out-of-Plane 25-27-31-29
Out-of-Plane 25-27-29-32
Out-of-Plane 25-27-29-33
Out-of-Plane 25-27-29-34
Out-of-Plane 25-27-31-30
Out-of-Plane 25-27-30-32
Out-of-Plane 25-27-30-33
Out-of-Plane 25-27-30-34
Out-of-Plane 25-27-31-32
Out-of-Plane 25-27-31-33
Out-of-Plane 25-27-31-34
Out-of-Plane 25-27-33-32
Out-of-Plane 25-32-34-27
Out-of-Plane 25-27-33-34
Out-of-Plane 25-29-30-28
Out-of-Plane 25-28-31-29
Out-of-Plane 25-28-32-29
Out-of-Plane 25-28-33-29
Out-of-Plane 25-28-34-29
Out-of-Plane 25-28-31-30
Out-of-Plane 25-28-32-30
Out-of-Plane 25-28-33-30
Out-of-Plane 25-28-34-30
Out-of-Plane 25-28-31-32
Out-of-Plane 25-28-33-31
Out-of-Plane 25-28-31-34
Out-of-Plane 25-28-33-32
Out-of-Plane 25-28-32-34
Out-of-Plane 25-28-33-34
Out-of-Plane 25-29-30-31
Out-of-Plane 25-29-30-32
Out-of-Plane 25-29-30-33
Out-of-Plane 25-29-30-34
Out-of-Plane 25-29-31-32
Out-of-Plane 25-29-31-33
Out-of-Plane 25-29-31-34
Out-of-Plane 25-29-32-33
Out-of-Plane 25-29-32-34
Out-of-Plane 25-29-34-33
Out-of-Plane 25-30-31-32
Out-of-Plane 25-30-31-33
Out-of-Plane 25-30-34-31
Out-of-Plane 25-30-32-33
Out-of-Plane 25-30-34-32
Out-of-Plane 25-30-34-33
Out-of-Plane 25-32-33-31
Out-of-Plane 25-31-34-32
Out-of-Plane 25-31-34-33
Out-of-Plane 25-32-33-34
Out-of-Plane 26-25-27-28
Out-of-Plane 27-25-26-31
Out-of-Plane 28-25-26-33
Out-of-Plane 29-25-30-31
Out-of-Plane 30-25-29-34
Out-of-Plane 31-25-27-29
Out-of-Plane 32-25-33-34
Out-of-Plane 33-25-28-32
Out-of-Plane 34-25-30-32
Out-of-Plane 35-36-37-38
Dihedral 2-1-4-5
Dihedral 2-1-4-8
Dihedral 3-1-4-5
Dihedral 3-1-4-8
Dihedral 1-4-5-6
Dihedral 1-4-5-7
Dihedral 8-4-5-6
Dihedral 8-4-5-7
Dihedral 1-4-8-9
Dihedral 5-4-8-9
Dihedral 4-8-9-10
Dihedral 4-8-9-11
Dihedral 4-8-9-18
Dihedral 8-9-11-12
Dihedral 8-9-11-13
Dihedral 10-9-11-12
Dihedral 10-9-11-13
Dihedral 18-9-11-12
Dihedral 18-9-11-13
Dihedral 8-9-18-16
Dihedral 8-9-18-19
Dihedral 8-9-18-20
Dihedral 10-9-18-16
Dihedral 10-9-18-19
Dihedral 10-9-18-20
Dihedral 11-9-18-16
Dihedral 11-9-18-19
Dihedral 11-9-18-20
Dihedral 9-11-13-14
Dihedral 9-11-13-22
Dihedral 12-11-13-14
Dihedral 12-11-13-22
Dihedral 11-13-14-15
Dihedral 11-13-14-16
Dihedral 22-13-14-15
Dihedral 22-13-14-16
Dihedral 11-13-22-23
Dihedral 11-13-22-24
Dihedral 14-13-22-23
Dihedral 14-13-22-24
Dihedral 13-14-16-17
Dihedral 13-14-16-18
Dihedral 15-14-16-17
Dihedral 15-14-16-18
Dihedral 14-16-18-9
Dihedral 14-16-18-19
Dihedral 14-16-18-20
Dihedral 17-16-18-9
Dihedral 17-16-18-19
Dihedral 17-16-18-20
Dihedral 9-18-20-21
Dihedral 16-18-20-21
Dihedral 19-18-20-21
Dihedral 29-30-34-32
Dihedral 27-25-34-32
Dihedral 28-25-34-32
Dihedral 29-25-34-32
Dihedral 31-25-34-32
Dihedral 33-25-34-32
Dihedral 27-26-34-32
Dihedral 28-26-34-32
Dihedral 27-25-30-29
Dihedral 28-25-30-29
Dihedral 31-25-30-29
Dihedral 32-25-30-29
Dihedral 33-25-30-29
Dihedral 27-26-30-29
Dihedral 28-26-30-29
Dihedral 27-25-26-28
Dihedral 28-25-26-27
Dihedral 29-25-26-27
Dihedral 29-25-26-28
Dihedral 31-25-26-27
Dihedral 31-25-26-28
Dihedral 32-25-26-27
Dihedral 32-25-26-28
Dihedral 33-25-26-27
Dihedral 33-25-26-28
Dihedral 26-25-32-33
Dihedral 26-25-32-34
Dihedral 28-25-32-33
Dihedral 28-25-32-34
Dihedral 29-25-32-33
Dihedral 29-25-32-34
Dihedral 30-25-32-33
Dihedral 30-25-32-34
Dihedral 33-25-32-34
Dihedral 34-25-32-33
Dihedral 26-27-32-33
Dihedral 26-27-32-34
Dihedral 31-27-32-33
Dihedral 31-27-32-34
Dihedral 26-25-27-31
Dihedral 28-25-27-26
Dihedral 28-25-27-31
Dihedral 29-25-27-26
Dihedral 29-25-27-31
Dihedral 30-25-27-26
Dihedral 30-25-27-31
Dihedral 31-25-27-26
Dihedral 33-25-27-26
Dihedral 33-25-27-31
Dihedral 34-25-27-26
Dihedral 34-25-27-31
Dihedral 26-25-29-30
Dihedral 26-25-29-31
Dihedral 27-25-29-30
Dihedral 27-25-29-31
Dihedral 30-25-29-31
Dihedral 31-25-29-30
Dihedral 32-25-29-30
Dihedral 32-25-29-31
Dihedral 34-25-29-30
Dihedral 34-25-29-31
Dihedral 26-28-29-30
Dihedral 26-28-29-31
Dihedral 33-28-29-30
Dihedral 33-28-29-31
Dihedral 26-25-28-33
Dihedral 27-25-28-26
Dihedral 27-25-28-33
Dihedral 30-25-28-26
Dihedral 30-25-28-33
Dihedral 31-25-28-26
Dihedral 31-25-28-33
Dihedral 32-25-28-26
Dihedral 32-25-28-33
Dihedral 33-25-28-26
Dihedral 34-25-28-26
Dihedral 34-25-28-33
Dihedral 26-28-33-32
Dihedral 26-25-33-32
Dihedral 27-25-33-32
Dihedral 30-25-33-32
Dihedral 31-25-33-32
Dihedral 34-25-33-32
Dihedral 30-29-33-32
Dihedral 31-29-33-32
Dihedral 27-26-30-34
Dihedral 28-26-30-34
Dihedral 27-25-30-34
Dihedral 28-25-30-34
Dihedral 29-25-30-34
Dihedral 31-25-30-34
Dihedral 32-25-30-34
Dihedral 33-25-30-34
Dihedral 34-25-30-29
Dihedral 27-31-32-33
Dihedral 27-31-32-34
Dihedral 29-31-32-33
Dihedral 29-31-32-34
Dihedral 26-25-31-27
Dihedral 26-25-31-29
Dihedral 27-25-31-29
Dihedral 28-25-31-27
Dihedral 28-25-31-29
Dihedral 29-25-31-27
Dihedral 30-25-31-27
Dihedral 30-25-31-29
Dihedral 33-25-31-27
Dihedral 33-25-31-29
Dihedral 34-25-31-27
Dihedral 34-25-31-29
Dihedral 26-27-31-29
Dihedral 30-29-33-28
Dihedral 31-29-33-28
Dihedral 26-25-33-28
Dihedral 27-25-33-28
Dihedral 28-25-33-32
Dihedral 30-25-33-28
Dihedral 31-25-33-28
Dihedral 32-25-33-28
Dihedral 34-25-33-28
Dihedral 27-26-34-30
Dihedral 28-26-34-30
Dihedral 27-25-34-30
Dihedral 28-25-34-30
Dihedral 29-25-34-30
Dihedral 30-25-34-32
Dihedral 31-25-34-30
Dihedral 32-25-34-30
Dihedral 33-25-34-30
Dihedral 25-26-27-31
Dihedral 28-26-27-25
Dihedral 28-26-27-31
Dihedral 25-26-28-33
Dihedral 27-26-28-25
Dihedral 27-26-28-33
Dihedral 25-27-31-29
Dihedral 26-27-31-25
Dihedral 25-28-33-32
Dihedral 26-28-33-25
Dihedral 25-29-30-34
Dihedral 31-29-30-25
Dihedral 31-29-30-34
Dihedral 25-29-31-27
Dihedral 30-29-31-25
Dihedral 30-29-31-27
Dihedral 25-30-34-32
Dihedral 29-30-34-25
Dihedral 25-32-33-28
Dihedral 34-32-33-25
Dihedral 34-32-33-28
Dihedral 25-32-34-30
Dihedral 33-32-34-25
Dihedral 33-32-34-30
Cartesian-X 1
Cartesian-X 2
Cartesian-X 3
Cartesian-X 4
Cartesian-X 5
Cartesian-X 6
Cartesian-X 7
Cartesian-X 8
Cartesian-X 9
Cartesian-X 10
Cartesian-X 11
Cartesian-X 12
Cartesian-X 13
Cartesian-X 14
Cartesian-X 15
Cartesian-X 16
Cartesian-X 17
Cartesian-X 18
Cartesian-X 19
Cartesian-X 20
Cartesian-X 21
Cartesian-X 22
Cartesian-X 23
Cartesian-X 24
Cartesian-Y 1
Cartesian-Y 2
Cartesian-Y 3
Cartesian-Y 4
Cartesian-Y 5
Cartesian-Y 6
Cartesian-Y 7
Cartesian-Y 8
Cartesian-Y 9
Cartesian-Y 10
Cartesian-Y 11
Cartesian-Y 12
Cartesian-Y 13
Cartesian-Y 14
Cartesian-Y 15
Cartesian-Y 16
Cartesian-Y 17
Cartesian-Y 18
Cartesian-Y 19
Cartesian-Y 20
Cartesian-Y 21
Cartesian-Y 22
Cartesian-Y 23
Cartesian-Y 24
Cartesian-Z 1
Cartesian-Z 2
Cartesian-Z 3
Cartesian-Z 4
Cartesian-Z 5
Cartesian-Z 6
Cartesian-Z 7
Cartesian-Z 8
Cartesian-Z 9
Cartesian-Z 10
Cartesian-Z 11
Cartesian-Z 12
Cartesian-Z 13
Cartesian-Z 14
Cartesian-Z 15
Cartesian-Z 16
Cartesian-Z 17
Cartesian-Z 18
Cartesian-Z 19
Cartesian-Z 20
Cartesian-Z 21
Cartesian-Z 22
Cartesian-Z 23
Cartesian-Z 24
<class 'geometric.internal.CartesianX'> : 38
<class 'geometric.internal.CartesianY'> : 38
<class 'geometric.internal.CartesianZ'> : 38
<class 'geometric.internal.Distance'> : 45
<class 'geometric.internal.Angle'> : 55
<class 'geometric.internal.OutOfPlane'> : 102
<class 'geometric.internal.Dihedral'> : 206
Constraint                         Current      Target       Diff.
Cartesian-X 25                    57.49940    57.49940     0.00000
Cartesian-Y 25                    32.31300    32.31300     0.00000
Cartesian-Z 25                    60.99950    60.99950     0.00000
Cartesian-X 26                    57.64998    57.64998     0.00000
Cartesian-Y 26                    32.69822    32.69822     0.00000
Cartesian-Z 26                    59.73545    59.73545     0.00000
Cartesian-X 27                    57.33946    57.33946     0.00000
Cartesian-Y 27                    33.36072    33.36072     0.00000
Cartesian-Z 27                    60.43170    60.43170     0.00000
Cartesian-X 28                    57.84615    57.84615     0.00000
Cartesian-Y 28                    31.74318    31.74318     0.00000
Cartesian-Z 28                    59.99911    59.99911     0.00000
Cartesian-X 29                    57.09050    57.09050     0.00000
Cartesian-Y 29                    33.18540    33.18540     0.00000
Cartesian-Z 29                    61.91635    61.91635     0.00000
Cartesian-X 30                    57.28667    57.28667     0.00000
Cartesian-Y 30                    32.23037    32.23037     0.00000
Cartesian-Z 30                    62.18002    62.18002     0.00000
Cartesian-X 31                    57.20485    57.20485     0.00000
Cartesian-Y 31                    33.47794    33.47794     0.00000
Cartesian-Z 31                    60.95643    60.95643     0.00000
Cartesian-X 32                    57.75772    57.75772     0.00000
Cartesian-Y 32                    31.05538    31.05538     0.00000
Cartesian-Z 32                    61.34670    61.34670     0.00000
Cartesian-X 33                    57.87207    57.87207     0.00000
Cartesian-Y 33                    31.34791    31.34791     0.00000
Cartesian-Z 33                    60.38678    60.38678     0.00000
Cartesian-X 34                    57.44720    57.44720     0.00000
Cartesian-Y 34                    31.71788    31.71788     0.00000
Cartesian-Z 34                    62.04296    62.04296     0.00000
Cartesian-X 35                    63.00440    63.00440     0.00000
Cartesian-Y 35                    29.11630    29.11630     0.00000
Cartesian-Z 35                    52.22560    52.22560     0.00000
Cartesian-X 36                    64.18823    64.18823     0.00000
Cartesian-Y 36                    29.17808    29.17808     0.00000
Cartesian-Z 36                    51.82906    51.82906     0.00000
Cartesian-X 37                    62.29312    62.29312     0.00000
Cartesian-Y 37                    28.08892    28.08892     0.00000
Cartesian-Z 37                    52.25816    52.25816     0.00000
Cartesian-X 38                    62.54642    62.54642     0.00000
Cartesian-Y 38                    30.05215    30.05215     0.00000
Cartesian-Z 38                    52.57836    52.57836     0.00000
> ===== Optimization Info: ====
> Job type: Energy minimization
> Maximum number of optimization cycles: 80
> Initial / maximum trust radius (Angstrom): 0.100 / 0.300
> Convergence Criteria:
> Will converge when all 5 criteria are reached:
>  |Delta-E| < 5.00e-06
>  RMS-Ortho-Grad < 1.00e-04
>  Max-Ortho-Grad < 3.00e-04
>  RMS-Disp  < 2.00e-03
>  Max-Disp  < 4.00e-03
> 
> Constraints are requested. The following criterion is added:
>  Max Constraint Violation (in Angstroms/degrees) < 1.00e-02 
> === End Optimization Info ===
Step    0 : Gradient = 4.601e-03/1.517e-02 (rms/max) Energy = -1229.5939188981
Hessian Eigenvalues: 2.63687e-02 2.65613e-02 2.69101e-02 ... 5.73421e-01 5.74709e-01 5.78010e-01
Step    1 : Displace = [0m9.899e-03[0m/[0m3.113e-02[0m (rms/max) Trust = 1.000e-01 (=) Grad_T = [0m1.811e-03[0m/[0m6.441e-03[0m (rms/max) E (change) = -1229.5952896237 ([0m-1.371e-03[0m) Quality = [0m1.409[0m
Hessian Eigenvalues: 2.12293e-02 2.63687e-02 2.65613e-02 ... 5.70463e-01 5.73646e-01 5.78170e-01
Step    2 : Displace = [0m1.357e-02[0m/[0m3.489e-02[0m (rms/max) Trust = 1.414e-01 ([92m+[0m) Grad_T = [0m1.262e-03[0m/[0m3.334e-03[0m (rms/max) E (change) = -1229.5959965318 ([0m-7.069e-04[0m) Quality = [0m1.246[0m
Hessian Eigenvalues: 1.18220e-02 2.63687e-02 2.65613e-02 ... 5.73094e-01 5.76965e-01 5.79835e-01
Step    3 : Displace = [0m1.314e-02[0m/[0m3.654e-02[0m (rms/max) Trust = 2.000e-01 ([92m+[0m) Grad_T = [0m1.526e-03[0m/[0m4.398e-03[0m (rms/max) E (change) = -1229.5964049089 ([0m-4.084e-04[0m) Quality = [0m1.452[0m
Hessian Eigenvalues: 5.32657e-03 2.63687e-02 2.65613e-02 ... 5.73159e-01 5.76316e-01 5.79401e-01
Step    4 : Displace = [0m2.322e-02[0m/[0m6.088e-02[0m (rms/max) Trust = 2.828e-01 ([92m+[0m) Grad_T = [0m1.540e-03[0m/[0m4.712e-03[0m (rms/max) E (change) = -1229.5969376875 ([0m-5.328e-04[0m) Quality = [0m1.367[0m
Hessian Eigenvalues: 3.68980e-03 2.63687e-02 2.65613e-02 ... 5.73067e-01 5.73534e-01 5.78553e-01
Step    5 : Displace = [0m1.910e-02[0m/[0m5.035e-02[0m (rms/max) Trust = 3.000e-01 ([92m+[0m) Grad_T = [0m1.066e-03[0m/[0m3.120e-03[0m (rms/max) E (change) = -1229.5972935266 ([0m-3.558e-04[0m) Quality = [0m1.403[0m
Hessian Eigenvalues: 2.95321e-03 2.52864e-02 2.63692e-02 ... 5.71637e-01 5.73198e-01 5.78392e-01
Step    6 : Displace = [0m1.577e-02[0m/[0m3.989e-02[0m (rms/max) Trust = 3.000e-01 (=) Grad_T = [0m7.874e-04[0m/[0m2.180e-03[0m (rms/max) E (change) = -1229.5975524937 ([0m-2.590e-04[0m) Quality = [0m1.417[0m
Hessian Eigenvalues: 2.41606e-03 1.80582e-02 2.63689e-02 ... 5.72740e-01 5.75289e-01 5.78499e-01
Step    7 : Displace = [0m1.494e-02[0m/[0m3.851e-02[0m (rms/max) Trust = 3.000e-01 (=) Grad_T = [0m8.623e-04[0m/[0m2.204e-03[0m (rms/max) E (change) = -1229.5977622070 ([0m-2.097e-04[0m) Quality = [0m1.434[0m
Hessian Eigenvalues: 1.94041e-03 1.24167e-02 2.63689e-02 ... 5.72932e-01 5.77593e-01 5.78908e-01
Step    8 : Displace = [0m1.667e-02[0m/[0m4.421e-02[0m (rms/max) Trust = 3.000e-01 (=) Grad_T = [0m9.290e-04[0m/[0m2.338e-03[0m (rms/max) E (change) = -1229.5979599234 ([0m-1.977e-04[0m) Quality = [0m1.420[0m
Hessian Eigenvalues: 1.63327e-03 9.10555e-03 2.63689e-02 ... 5.72950e-01 5.74083e-01 5.78292e-01
Step    9 : Displace = [0m1.719e-02[0m/[0m4.629e-02[0m (rms/max) Trust = 3.000e-01 (=) Grad_T = [0m8.699e-04[0m/[0m2.627e-03[0m (rms/max) E (change) = -1229.5981481000 ([0m-1.882e-04[0m) Quality = [0m1.426[0m
Hessian Eigenvalues: 1.40942e-03 7.03138e-03 2.63688e-02 ... 5.69924e-01 5.72961e-01 5.78284e-01
Step   10 : Displace = [0m1.818e-02[0m/[0m4.895e-02[0m (rms/max) Trust = 3.000e-01 (=) Grad_T = [0m8.007e-04[0m/[0m1.990e-03[0m (rms/max) E (change) = -1229.5983422186 ([0m-1.941e-04[0m) Quality = [0m1.441[0m
Hessian Eigenvalues: 1.19498e-03 5.57807e-03 2.34928e-02 ... 5.69924e-01 5.73249e-01 5.78328e-01
Step   11 : Displace = [0m2.079e-02[0m/[0m5.472e-02[0m (rms/max) Trust = 3.000e-01 (=) Grad_T = [0m8.622e-04[0m/[0m2.099e-03[0m (rms/max) E (change) = -1229.5985528691 ([0m-2.107e-04[0m) Quality = [0m1.447[0m
Hessian Eigenvalues: 9.78513e-04 4.58549e-03 1.94827e-02 ... 5.72000e-01 5.73415e-01 5.78332e-01
Step   12 : Displace = [0m2.444e-02[0m/[0m6.154e-02[0m (rms/max) Trust = 3.000e-01 (=) Grad_T = [0m1.032e-03[0m/[0m2.599e-03[0m (rms/max) E (change) = -1229.5987757521 ([0m-2.229e-04[0m) Quality = [0m1.425[0m
Hessian Eigenvalues: 8.11143e-04 4.02526e-03 1.64665e-02 ... 5.72128e-01 5.74138e-01 5.78296e-01
Step   13 : Displace = [0m2.561e-02[0m/[0m6.064e-02[0m (rms/max) Trust = 3.000e-01 (=) Grad_T = [0m9.867e-04[0m/[0m3.016e-03[0m (rms/max) E (change) = -1229.5989921182 ([0m-2.164e-04[0m) Quality = [0m1.405[0m
Hessian Eigenvalues: 6.98590e-04 3.79511e-03 1.37774e-02 ... 5.70557e-01 5.73459e-01 5.78304e-01
Step   14 : Displace = [0m2.364e-02[0m/[0m5.721e-02[0m (rms/max) Trust = 3.000e-01 (=) Grad_T = [0m7.732e-04[0m/[0m1.989e-03[0m (rms/max) E (change) = -1229.5991812234 ([0m-1.891e-04[0m) Quality = [0m1.368[0m
Hessian Eigenvalues: 6.43418e-04 3.67410e-03 1.11875e-02 ... 5.69131e-01 5.73518e-01 5.78295e-01
Step   15 : Displace = [0m1.758e-02[0m/[0m4.397e-02[0m (rms/max) Trust = 3.000e-01 (=) Grad_T = [0m5.892e-04[0m/[0m1.276e-03[0m (rms/max) E (change) = -1229.5993235117 ([0m-1.423e-04[0m) Quality = [0m1.371[0m
Hessian Eigenvalues: 5.75334e-04 3.70453e-03 8.95059e-03 ... 5.70099e-01 5.74910e-01 5.78314e-01
Step   16 : Displace = [0m1.591e-02[0m/[0m3.874e-02[0m (rms/max) Trust = 3.000e-01 (=) Grad_T = [0m6.071e-04[0m/[0m1.826e-03[0m (rms/max) E (change) = -1229.5994354380 ([0m-1.119e-04[0m) Quality = [0m1.408[0m
Hessian Eigenvalues: 5.36056e-04 3.40236e-03 7.30783e-03 ... 5.72084e-01 5.74580e-01 5.78342e-01
Step   17 : Displace = [0m1.633e-02[0m/[0m4.017e-02[0m (rms/max) Trust = 3.000e-01 (=) Grad_T = [0m7.621e-04[0m/[0m2.528e-03[0m (rms/max) E (change) = -1229.5995438869 ([0m-1.084e-04[0m) Quality = [0m1.358[0m
Hessian Eigenvalues: 3.90661e-04 4.17232e-03 5.91678e-03 ... 5.70937e-01 5.74597e-01 5.78338e-01
Step   18 : Displace = [0m3.029e-02[0m/[0m7.022e-02[0m (rms/max) Trust = 3.000e-01 (=) Grad_T = [0m1.194e-03[0m/[0m4.024e-03[0m (rms/max) E (change) = -1229.5996427513 ([0m-9.886e-05[0m) Quality = [0m0.985[0m
Hessian Eigenvalues: 4.46102e-04 4.01176e-03 5.58780e-03 ... 5.72523e-01 5.78108e-01 5.85041e-01
Step   19 : Displace = [0m1.474e-02[0m/[0m4.602e-02[0m (rms/max) Trust = 3.000e-01 (=) Grad_T = [0m8.383e-04[0m/[0m2.034e-03[0m (rms/max) E (change) = -1229.5997748143 ([0m-1.321e-04[0m) Quality = [0m1.311[0m
Hessian Eigenvalues: 3.90564e-04 4.09265e-03 5.55583e-03 ... 5.74912e-01 5.78313e-01 6.27788e-01
Step   20 : Displace = [0m2.097e-02[0m/[0m4.942e-02[0m (rms/max) Trust = 3.000e-01 (=) Grad_T = [0m7.547e-04[0m/[0m1.818e-03[0m (rms/max) E (change) = -1229.5999241249 ([0m-1.493e-04[0m) Quality = [0m1.516[0m
Hessian Eigenvalues: 2.98699e-04 3.50752e-03 5.51792e-03 ... 5.74454e-01 5.78346e-01 6.34815e-01
Step   21 : Displace = [0m3.692e-02[0m/[0m8.408e-02[0m (rms/max) Trust = 3.000e-01 (=) Grad_T = [0m7.818e-04[0m/[0m2.713e-03[0m (rms/max) E (change) = -1229.6000868941 ([0m-1.628e-04[0m) Quality = [0m1.308[0m
Hessian Eigenvalues: 2.57590e-04 2.99128e-03 5.53054e-03 ... 5.73796e-01 5.78576e-01 6.29128e-01
Step   22 : Displace = [0m2.561e-02[0m/[0m6.369e-02[0m (rms/max) Trust = 3.000e-01 (=) Grad_T = [0m8.192e-04[0m/[0m2.874e-03[0m (rms/max) E (change) = -1229.6001898840 ([0m-1.030e-04[0m) Quality = [0m1.455[0m
Hessian Eigenvalues: 2.10636e-04 2.53961e-03 5.55963e-03 ... 5.74209e-01 5.78806e-01 6.41105e-01
Step   23 : Displace = [0m3.364e-02[0m/[0m8.419e-02[0m (rms/max) Trust = 3.000e-01 (=) Grad_T = [0m8.415e-04[0m/[0m2.059e-03[0m (rms/max) E (change) = -1229.6003014496 ([0m-1.116e-04[0m) Quality = [0m1.257[0m
Hessian Eigenvalues: 2.96777e-04 2.08343e-03 5.54592e-03 ... 5.74944e-01 5.79012e-01 6.52484e-01
Step   24 : Displace = [0m9.663e-03[0m/[0m2.879e-02[0m (rms/max) Trust = 3.000e-01 (=) Grad_T = [0m7.453e-04[0m/[0m2.066e-03[0m (rms/max) E (change) = -1229.6003636691 ([0m-6.222e-05[0m) Quality = [0m0.946[0m
Hessian Eigenvalues: 2.93136e-04 2.83352e-03 5.50273e-03 ... 5.75078e-01 5.78775e-01 6.37007e-01
Step   25 : Displace = [0m2.260e-02[0m/[0m4.916e-02[0m (rms/max) Trust = 3.000e-01 (=) Grad_T = [0m7.080e-04[0m/[0m1.939e-03[0m (rms/max) E (change) = -1229.6004196411 ([0m-5.597e-05[0m) Quality = [0m0.913[0m
Hessian Eigenvalues: 3.92230e-04 2.95996e-03 5.60183e-03 ... 5.73382e-01 5.78918e-01 6.37422e-01
Step   26 : Displace = [0m6.560e-03[0m/[0m1.770e-02[0m (rms/max) Trust = 3.000e-01 (=) Grad_T = [0m4.811e-04[0m/[0m1.570e-03[0m (rms/max) E (change) = -1229.6004726017 ([0m-5.296e-05[0m) Quality = [0m1.642[0m
Hessian Eigenvalues: 4.48999e-04 2.70650e-03 4.72462e-03 ... 5.76065e-01 5.78898e-01 6.59477e-01
Step   27 : Displace = [0m1.228e-02[0m/[0m2.798e-02[0m (rms/max) Trust = 3.000e-01 (=) Grad_T = [0m6.877e-04[0m/[0m1.760e-03[0m (rms/max) E (change) = -1229.6005864878 ([0m-1.139e-04[0m) Quality = [0m1.416[0m
Hessian Eigenvalues: 4.39963e-04 1.95649e-03 3.53393e-03 ... 5.76647e-01 5.79079e-01 6.91818e-01
Step   28 : Displace = [0m1.773e-02[0m/[0m4.714e-02[0m (rms/max) Trust = 3.000e-01 (=) Grad_T = [0m1.037e-03[0m/[0m3.236e-03[0m (rms/max) E (change) = -1229.6007005982 ([0m-1.141e-04[0m) Quality = [0m1.549[0m
Hessian Eigenvalues: 3.26677e-04 1.32737e-03 3.30250e-03 ... 5.75371e-01 5.79454e-01 6.95383e-01
Step   29 : Displace = [0m3.772e-02[0m/[0m1.009e-01[0m (rms/max) Trust = 3.000e-01 (=) Grad_T = [0m1.165e-03[0m/[0m3.590e-03[0m (rms/max) E (change) = -1229.6008837681 ([0m-1.832e-04[0m) Quality = [0m1.429[0m
Hessian Eigenvalues: 2.29820e-04 1.19096e-03 3.30235e-03 ... 5.74948e-01 5.79731e-01 6.69365e-01
Step   30 : Displace = [0m4.332e-02[0m/[0m1.169e-01[0m (rms/max) Trust = 3.000e-01 (=) Grad_T = [0m1.050e-03[0m/[0m3.061e-03[0m (rms/max) E (change) = -1229.6010580221 ([0m-1.743e-04[0m) Quality = [0m1.416[0m
Hessian Eigenvalues: 1.90771e-04 1.08194e-03 3.33824e-03 ... 5.78554e-01 5.80491e-01 6.57352e-01
Step   31 : Displace = [0m3.873e-02[0m/[0m1.108e-01[0m (rms/max) Trust = 3.000e-01 (=) Grad_T = [0m8.581e-04[0m/[0m2.708e-03[0m (rms/max) E (change) = -1229.6012203164 ([0m-1.623e-04[0m) Quality = [0m1.332[0m
Hessian Eigenvalues: 1.87127e-04 1.06271e-03 3.37299e-03 ... 5.78426e-01 5.79960e-01 6.65974e-01
Step   32 : Displace = [0m1.825e-02[0m/[0m5.260e-02[0m (rms/max) Trust = 3.000e-01 (=) Grad_T = [0m6.284e-04[0m/[0m1.712e-03[0m (rms/max) E (change) = -1229.6013277702 ([0m-1.075e-04[0m) Quality = [0m1.337[0m
Hessian Eigenvalues: 1.71208e-04 1.02794e-03 3.32872e-03 ... 5.74531e-01 5.79875e-01 6.66725e-01
Step   33 : Displace = [0m1.329e-02[0m/[0m3.669e-02[0m (rms/max) Trust = 3.000e-01 (=) Grad_T = [0m5.561e-04[0m/[0m1.882e-03[0m (rms/max) E (change) = -1229.6013986781 ([0m-7.091e-05[0m) Quality = [0m1.397[0m
Hessian Eigenvalues: 1.67087e-04 9.60372e-04 3.37375e-03 ... 5.73811e-01 5.79812e-01 6.57634e-01
Step   34 : Displace = [0m1.214e-02[0m/[0m2.890e-02[0m (rms/max) Trust = 3.000e-01 (=) Grad_T = [0m6.347e-04[0m/[0m1.757e-03[0m (rms/max) E (change) = -1229.6014635719 ([0m-6.489e-05[0m) Quality = [0m1.421[0m
Hessian Eigenvalues: 1.42896e-04 9.41843e-04 3.29465e-03 ... 5.79675e-01 5.84099e-01 6.49775e-01
Step   35 : Displace = [0m2.416e-02[0m/[0m6.485e-02[0m (rms/max) Trust = 3.000e-01 (=) Grad_T = [0m6.737e-04[0m/[0m2.106e-03[0m (rms/max) E (change) = -1229.6015287515 ([0m-6.518e-05[0m) Quality = [0m1.258[0m
Hessian Eigenvalues: 1.78256e-04 7.94630e-04 3.61267e-03 ... 5.78518e-01 5.81155e-01 6.49288e-01
Step   36 : Displace = [0m1.905e-02[0m/[0m3.159e-02[0m (rms/max) Trust = 3.000e-01 (=) Grad_T = [0m9.109e-04[0m/[0m2.463e-03[0m (rms/max) E (change) = -1229.6015949536 ([0m-6.620e-05[0m) Quality = [0m1.076[0m
Hessian Eigenvalues: 1.47171e-04 9.19533e-04 3.58384e-03 ... 5.79171e-01 5.83263e-01 6.88217e-01
Step   37 : Displace = [0m2.157e-02[0m/[0m5.760e-02[0m (rms/max) Trust = 3.000e-01 (=) Grad_T = [0m5.320e-04[0m/[0m1.682e-03[0m (rms/max) E (change) = -1229.6016578343 ([0m-6.288e-05[0m) Quality = [0m1.503[0m
Hessian Eigenvalues: 1.48578e-04 9.19542e-04 3.41165e-03 ... 5.78072e-01 5.93497e-01 6.99531e-01
Step   38 : Displace = [0m2.051e-02[0m/[0m5.108e-02[0m (rms/max) Trust = 3.000e-01 (=) Grad_T = [0m5.002e-04[0m/[0m1.751e-03[0m (rms/max) E (change) = -1229.6017227172 ([0m-6.488e-05[0m) Quality = [0m1.248[0m
Hessian Eigenvalues: 1.37217e-04 9.20385e-04 3.37360e-03 ... 5.78686e-01 5.99889e-01 7.30476e-01
Step   39 : Displace = [0m1.016e-02[0m/[0m2.423e-02[0m (rms/max) Trust = 3.000e-01 (=) Grad_T = [0m5.867e-04[0m/[0m1.708e-03[0m (rms/max) E (change) = -1229.6017640898 ([0m-4.137e-05[0m) Quality = [0m1.581[0m
Hessian Eigenvalues: 1.03931e-04 9.23046e-04 3.03511e-03 ... 5.78493e-01 5.91433e-01 7.04263e-01
Step   40 : Displace = [0m3.323e-02[0m/[0m7.946e-02[0m (rms/max) Trust = 3.000e-01 (=) Grad_T = [0m8.752e-04[0m/[0m2.466e-03[0m (rms/max) E (change) = -1229.6018463613 ([0m-8.227e-05[0m) Quality = [0m1.397[0m
Hessian Eigenvalues: 9.79114e-05 9.24021e-04 2.30203e-03 ... 5.78192e-01 5.91906e-01 7.05561e-01
Step   41 : Displace = [0m3.236e-02[0m/[0m7.195e-02[0m (rms/max) Trust = 3.000e-01 (=) Grad_T = [0m1.116e-03[0m/[0m4.009e-03[0m (rms/max) E (change) = -1229.6016096677 ([91m+2.367e-04[0m) Quality = [91m-3.779[0m
[93mRejecting step - quality is lower than -1.0[0m
Hessian Eigenvalues: 9.79114e-05 9.24021e-04 2.30203e-03 ... 5.78192e-01 5.91906e-01 7.05561e-01
Step   42 : Displace = [0m1.646e-02[0m/[0m3.077e-02[0m (rms/max) Trust = 1.618e-02 ([1;91mx[0m) Grad_T = [0m6.689e-04[0m/[0m2.027e-03[0m (rms/max) E (change) = -1229.6019159299 ([0m-6.957e-05[0m) Quality = [0m1.196[0m
Hessian Eigenvalues: 6.63243e-05 9.13477e-04 2.89471e-03 ... 5.78104e-01 5.94864e-01 7.03636e-01
Step   43 : Displace = [0m2.303e-02[0m/[0m4.873e-02[0m (rms/max) Trust = 2.288e-02 ([92m+[0m) Grad_T = [0m6.357e-04[0m/[0m1.534e-03[0m (rms/max) E (change) = -1229.6020299661 ([0m-1.140e-04[0m) Quality = [0m1.781[0m
Hessian Eigenvalues: 5.75114e-05 8.80158e-04 2.56915e-03 ... 5.89607e-01 6.76999e-01 7.08930e-01
Step   44 : Displace = [0m3.264e-02[0m/[0m6.008e-02[0m (rms/max) Trust = 3.236e-02 ([92m+[0m) Grad_T = [0m6.789e-04[0m/[0m2.066e-03[0m (rms/max) E (change) = -1229.6021381834 ([0m-1.082e-04[0m) Quality = [0m1.028[0m
Hessian Eigenvalues: 7.12313e-05 9.06581e-04 2.52365e-03 ... 5.70227e-01 6.80278e-01 7.10139e-01
Step   45 : Displace = [0m5.013e-02[0m/[0m1.111e-01[0m (rms/max) Trust = 4.576e-02 ([92m+[0m) Grad_T = [0m8.157e-04[0m/[0m1.868e-03[0m (rms/max) E (change) = -1229.6022012754 ([0m-6.309e-05[0m) Quality = [0m1.165[0m
Hessian Eigenvalues: 1.06173e-04 8.83862e-04 2.30101e-03 ... 5.69824e-01 6.61883e-01 7.44844e-01
Step   46 : Displace = [0m3.531e-02[0m/[0m6.855e-02[0m (rms/max) Trust = 6.471e-02 ([92m+[0m) Grad_T = [0m1.017e-03[0m/[0m2.287e-03[0m (rms/max) E (change) = -1229.6023174492 ([0m-1.162e-04[0m) Quality = [0m1.352[0m
Hessian Eigenvalues: 6.98402e-05 9.85463e-04 2.71722e-03 ... 5.69987e-01 6.43645e-01 7.29807e-01
Step   47 : Displace = [0m7.552e-02[0m/[0m1.511e-01[0m (rms/max) Trust = 9.152e-02 ([92m+[0m) Grad_T = [0m1.556e-03[0m/[0m4.527e-03[0m (rms/max) E (change) = -1229.6025493698 ([0m-2.319e-04[0m) Quality = [0m1.486[0m
Hessian Eigenvalues: 7.22908e-05 9.42777e-04 2.32359e-03 ... 5.82914e-01 6.56089e-01 7.30690e-01
Step   48 : Displace = [0m1.034e-01[0m/[0m2.272e-01[0m (rms/max) Trust = 1.294e-01 ([92m+[0m) Grad_T = [0m2.543e-03[0m/[0m7.160e-03[0m (rms/max) E (change) = -1229.6029011734 ([0m-3.518e-04[0m) Quality = [0m0.998[0m
Hessian Eigenvalues: 1.62671e-04 6.91369e-04 2.35864e-03 ... 5.84807e-01 6.53254e-01 7.42408e-01
Step   49 : Displace = [0m6.722e-02[0m/[0m1.346e-01[0m (rms/max) Trust = 1.830e-01 ([92m+[0m) Grad_T = [0m4.793e-03[0m/[0m1.526e-02[0m (rms/max) E (change) = -1229.6018377309 ([91m+1.063e-03[0m) Quality = [91m-1.632[0m
[93mRejecting step - quality is lower than -1.0[0m
Hessian Eigenvalues: 1.62671e-04 6.91369e-04 2.35864e-03 ... 5.84807e-01 6.53254e-01 7.42408e-01
Step   50 : Displace = [0m3.380e-02[0m/[0m7.378e-02[0m (rms/max) Trust = 3.361e-02 ([1;91mx[0m) Grad_T = [0m2.853e-03[0m/[0m8.504e-03[0m (rms/max) E (change) = -1229.6029688996 ([0m-6.773e-05[0m) Quality = [0m0.121[0m
Hessian Eigenvalues: 1.62606e-04 1.57249e-03 2.54347e-03 ... 5.77331e-01 6.60857e-01 7.33907e-01
Step   51 : Displace = [0m1.677e-02[0m/[0m3.739e-02[0m (rms/max) Trust = 1.680e-02 ([91m-[0m) Grad_T = [0m1.815e-03[0m/[0m6.446e-03[0m (rms/max) E (change) = -1229.6034775525 ([0m-5.087e-04[0m) Quality = [0m1.057[0m
Hessian Eigenvalues: 1.56983e-04 1.54613e-03 2.74937e-03 ... 5.86823e-01 6.49244e-01 7.38004e-01
Step   52 : Displace = [0m2.489e-02[0m/[0m5.072e-02[0m (rms/max) Trust = 2.376e-02 ([92m+[0m) Grad_T = [0m1.248e-03[0m/[0m4.245e-03[0m (rms/max) E (change) = -1229.6037593024 ([0m-2.817e-04[0m) Quality = [0m0.890[0m
Hessian Eigenvalues: 1.47827e-04 1.72759e-03 2.73695e-03 ... 5.92572e-01 6.57104e-01 7.39496e-01
Step   53 : Displace = [0m3.407e-02[0m/[0m8.368e-02[0m (rms/max) Trust = 3.361e-02 ([92m+[0m) Grad_T = [0m1.164e-03[0m/[0m3.221e-03[0m (rms/max) E (change) = -1229.6040221912 ([0m-2.629e-04[0m) Quality = [0m1.186[0m
Hessian Eigenvalues: 1.91671e-04 1.76962e-03 2.30517e-03 ... 5.90061e-01 6.44272e-01 8.06208e-01
Step   54 : Displace = [0m4.886e-02[0m/[0m1.181e-01[0m (rms/max) Trust = 4.753e-02 ([92m+[0m) Grad_T = [0m1.757e-03[0m/[0m5.177e-03[0m (rms/max) E (change) = -1229.6042911493 ([0m-2.690e-04[0m) Quality = [0m0.787[0m
Hessian Eigenvalues: 1.42308e-04 1.87219e-03 2.81897e-03 ... 5.85577e-01 6.43609e-01 8.02472e-01
Step   55 : Displace = [0m6.704e-02[0m/[0m1.499e-01[0m (rms/max) Trust = 6.722e-02 ([92m+[0m) Grad_T = [0m2.517e-03[0m/[0m8.337e-03[0m (rms/max) E (change) = -1229.6044606510 ([0m-1.695e-04[0m) Quality = [0m0.546[0m
Hessian Eigenvalues: 2.92742e-04 1.83579e-03 2.86693e-03 ... 5.85673e-01 6.41865e-01 7.62737e-01
Step   56 : Displace = [0m1.607e-02[0m/[0m3.468e-02[0m (rms/max) Trust = 6.722e-02 (=) Grad_T = [0m1.198e-03[0m/[0m3.551e-03[0m (rms/max) E (change) = -1229.6047240572 ([0m-2.634e-04[0m) Quality = [0m1.093[0m
Hessian Eigenvalues: 3.86772e-04 1.92157e-03 2.80398e-03 ... 5.83353e-01 6.31573e-01 7.75785e-01
Step   57 : Displace = [0m5.252e-02[0m/[0m1.226e-01[0m (rms/max) Trust = 9.506e-02 ([92m+[0m) Grad_T = [0m1.809e-03[0m/[0m6.191e-03[0m (rms/max) E (change) = -1229.6051038996 ([0m-3.798e-04[0m) Quality = [0m1.162[0m
Hessian Eigenvalues: 2.15280e-04 2.17418e-03 2.83589e-03 ... 5.83356e-01 6.32232e-01 7.79890e-01
Step   58 : Displace = [0m8.295e-02[0m/[0m1.839e-01[0m (rms/max) Trust = 1.344e-01 ([92m+[0m) Grad_T = [0m1.892e-03[0m/[0m5.518e-03[0m (rms/max) E (change) = -1229.6057472371 ([0m-6.433e-04[0m) Quality = [0m1.747[0m
Hessian Eigenvalues: 4.66666e-05 2.19701e-03 2.90748e-03 ... 5.85263e-01 6.29333e-01 7.96275e-01
Step   59 : Displace = [0m1.874e-01[0m/[0m4.244e-01[0m (rms/max) Trust = 1.901e-01 ([92m+[0m) Grad_T = [0m6.071e-03[0m/[0m2.006e-02[0m (rms/max) E (change) = -1229.6066832813 ([0m-9.360e-04[0m) Quality = [0m0.645[0m
Hessian Eigenvalues: 1.79020e-04 1.81308e-03 3.14832e-03 ... 6.09225e-01 6.31177e-01 8.98341e-01
Step   60 : Displace = [0m8.551e-02[0m/[0m2.358e-01[0m (rms/max) Trust = 1.901e-01 (=) Grad_T = [0m9.109e-03[0m/[0m3.161e-02[0m (rms/max) E (change) = -1229.6077060866 ([0m-1.023e-03[0m) Quality = [0m0.532[0m
Hessian Eigenvalues: 1.74128e-04 1.71407e-03 2.91713e-03 ... 6.23453e-01 7.21899e-01 7.79508e-01
Step   61 : Displace = [0m4.645e-02[0m/[0m1.274e-01[0m (rms/max) Trust = 1.901e-01 (=) Grad_T = [0m5.887e-03[0m/[0m1.543e-02[0m (rms/max) E (change) = -1229.6105446471 ([0m-2.839e-03[0m) Quality = [0m1.215[0m
Hessian Eigenvalues: 1.34699e-04 2.22679e-03 2.84861e-03 ... 6.26607e-01 6.69114e-01 7.68656e-01
Step   62 : Displace = [0m2.694e-01[0m/[0m7.682e-01[0m (rms/max) Trust = 2.689e-01 ([92m+[0m) Grad_T = [0m1.781e-02[0m/[0m5.580e-02[0m (rms/max) E (change) = -1229.6053241788 ([91m+5.220e-03[0m) Quality = [91m-0.661[0m
Hessian Eigenvalues: 5.88786e-04 2.50294e-03 3.10234e-03 ... 6.19170e-01 6.69897e-01 8.36134e-01
Step   63 : Displace = [0m1.418e-01[0m/[0m3.916e-01[0m (rms/max) Trust = 1.344e-01 ([91m-[0m) Grad_T = [0m6.928e-03[0m/[0m1.938e-02[0m (rms/max) E (change) = -1229.6163867476 ([0m-1.106e-02[0m) Quality = [0m0.665[0m
Hessian Eigenvalues: 7.63484e-04 2.36704e-03 3.13234e-03 ... 6.18588e-01 6.70538e-01 7.85204e-01
Step   64 : Displace = [0m1.408e-01[0m/[0m3.004e-01[0m (rms/max) Trust = 1.344e-01 (=) Grad_T = [0m1.387e-02[0m/[0m4.738e-02[0m (rms/max) E (change) = -1229.6145344194 ([91m+1.852e-03[0m) Quality = [91m-0.346[0m
Hessian Eigenvalues: 7.13203e-04 2.38268e-03 3.49017e-03 ... 6.19149e-01 6.98417e-01 8.05717e-01
Step   65 : Displace = [0m6.771e-02[0m/[0m2.373e-01[0m (rms/max) Trust = 6.722e-02 ([91m-[0m) Grad_T = [0m7.982e-03[0m/[0m2.734e-02[0m (rms/max) E (change) = -1229.6200941527 ([0m-5.560e-03[0m) Quality = [0m0.737[0m
Hessian Eigenvalues: 7.09796e-04 2.44712e-03 3.96111e-03 ... 6.18526e-01 7.56181e-01 7.89618e-01
Step   66 : Displace = [0m6.942e-02[0m/[0m1.628e-01[0m (rms/max) Trust = 6.722e-02 (=) Grad_T = [0m8.781e-03[0m/[0m2.303e-02[0m (rms/max) E (change) = -1229.6216847270 ([0m-1.591e-03[0m) Quality = [0m0.257[0m
Hessian Eigenvalues: 6.98159e-04 2.78057e-03 3.82843e-03 ... 6.21163e-01 7.18384e-01 7.78622e-01
Step   67 : Displace = [0m5.193e-02[0m/[0m1.406e-01[0m (rms/max) Trust = 6.722e-02 (=) Grad_T = [0m7.443e-03[0m/[0m2.226e-02[0m (rms/max) E (change) = -1229.6254317659 ([0m-3.747e-03[0m) Quality = [0m1.051[0m
Hessian Eigenvalues: 6.15062e-04 2.75550e-03 4.25064e-03 ... 6.18147e-01 7.19829e-01 8.78857e-01
Step   68 : Displace = [0m7.258e-02[0m/[0m1.591e-01[0m (rms/max) Trust = 9.506e-02 ([92m+[0m) Grad_T = [0m6.286e-03[0m/[0m1.836e-02[0m (rms/max) E (change) = -1229.6245005349 ([91m+9.312e-04[0m) Quality = [91m-0.343[0m
Hessian Eigenvalues: 8.57543e-04 2.73173e-03 5.79399e-03 ... 6.17156e-01 7.16464e-01 8.16038e-01
Step   69 : Displace = [0m3.942e-02[0m/[0m1.281e-01[0m (rms/max) Trust = 3.629e-02 ([91m-[0m) Grad_T = [0m4.855e-03[0m/[0m1.235e-02[0m (rms/max) E (change) = -1229.6285692804 ([0m-4.069e-03[0m) Quality = [0m0.955[0m
Hessian Eigenvalues: 8.93403e-04 2.67715e-03 5.66757e-03 ... 6.17779e-01 7.15701e-01 8.13457e-01
Step   70 : Displace = [0m5.252e-02[0m/[0m1.293e-01[0m (rms/max) Trust = 5.132e-02 ([92m+[0m) Grad_T = [0m7.289e-03[0m/[0m2.442e-02[0m (rms/max) E (change) = -1229.6296385447 ([0m-1.069e-03[0m) Quality = [0m0.347[0m
Hessian Eigenvalues: 8.85527e-04 2.76463e-03 5.66546e-03 ... 6.21030e-01 7.18335e-01 8.25192e-01
Step   71 : Displace = [0m2.629e-02[0m/[0m6.950e-02[0m (rms/max) Trust = 5.132e-02 (=) Grad_T = [0m3.737e-03[0m/[0m1.161e-02[0m (rms/max) E (change) = -1229.6321568573 ([0m-2.518e-03[0m) Quality = [0m1.349[0m
Hessian Eigenvalues: 8.21043e-04 2.57788e-03 5.28012e-03 ... 6.17526e-01 7.51321e-01 8.20582e-01
Step   72 : Displace = [0m4.947e-02[0m/[0m8.241e-02[0m (rms/max) Trust = 7.258e-02 ([92m+[0m) Grad_T = [0m5.113e-03[0m/[0m1.583e-02[0m (rms/max) E (change) = -1229.6337119286 ([0m-1.555e-03[0m) Quality = [0m0.850[0m
Hessian Eigenvalues: 8.81178e-04 2.02581e-03 4.55322e-03 ... 6.16828e-01 7.56436e-01 8.42212e-01
Step   73 : Displace = [0m5.178e-02[0m/[0m1.596e-01[0m (rms/max) Trust = 1.026e-01 ([92m+[0m) Grad_T = [0m6.589e-03[0m/[0m2.696e-02[0m (rms/max) E (change) = -1229.6346984429 ([0m-9.865e-04[0m) Quality = [0m0.602[0m
Hessian Eigenvalues: 8.20389e-04 2.13332e-03 5.48464e-03 ... 6.16076e-01 7.26199e-01 8.55207e-01
Step   74 : Displace = [0m6.845e-02[0m/[0m1.229e-01[0m (rms/max) Trust = 1.026e-01 (=) Grad_T = [0m6.707e-03[0m/[0m1.580e-02[0m (rms/max) E (change) = -1229.6338016044 ([91m+8.968e-04[0m) Quality = [91m-0.443[0m
Hessian Eigenvalues: 1.62577e-03 2.14525e-03 5.64640e-03 ... 6.18379e-01 7.07619e-01 8.12852e-01
Step   75 : Displace = [0m3.710e-02[0m/[0m8.341e-02[0m (rms/max) Trust = 3.422e-02 ([91m-[0m) Grad_T = [0m4.746e-03[0m/[0m1.517e-02[0m (rms/max) E (change) = -1229.6367850617 ([0m-2.983e-03[0m) Quality = [0m0.865[0m
Hessian Eigenvalues: 1.78879e-03 2.14613e-03 5.60832e-03 ... 6.19349e-01 7.29147e-01 8.12940e-01
Step   76 : Displace = [0m2.929e-02[0m/[0m6.721e-02[0m (rms/max) Trust = 4.840e-02 ([92m+[0m) Grad_T = [0m5.055e-03[0m/[0m1.720e-02[0m (rms/max) E (change) = -1229.6371456859 ([0m-3.606e-04[0m) Quality = [0m0.257[0m
Hessian Eigenvalues: 1.79649e-03 2.13657e-03 5.76417e-03 ... 6.69193e-01 7.23100e-01 8.10447e-01
Step   77 : Displace = [0m2.240e-02[0m/[0m5.125e-02[0m (rms/max) Trust = 4.840e-02 (=) Grad_T = [0m2.135e-03[0m/[0m5.329e-03[0m (rms/max) E (change) = -1229.6381259585 ([0m-9.803e-04[0m) Quality = [0m1.037[0m
Hessian Eigenvalues: 1.44107e-03 2.19470e-03 5.47754e-03 ... 6.85605e-01 7.41842e-01 8.21699e-01
Step   78 : Displace = [0m3.330e-02[0m/[0m8.013e-02[0m (rms/max) Trust = 6.845e-02 ([92m+[0m) Grad_T = [0m3.384e-03[0m/[0m1.267e-02[0m (rms/max) E (change) = -1229.6386615890 ([0m-5.356e-04[0m) Quality = [0m0.732[0m
Hessian Eigenvalues: 1.06094e-03 2.17353e-03 5.13275e-03 ... 6.84092e-01 7.42882e-01 8.33907e-01
Step   79 : Displace = [0m2.291e-02[0m/[0m4.488e-02[0m (rms/max) Trust = 6.845e-02 (=) Grad_T = [0m2.151e-03[0m/[0m4.868e-03[0m (rms/max) E (change) = -1229.6395031326 ([0m-8.415e-04[0m) Quality = [0m1.654[0m
Hessian Eigenvalues: 5.19635e-04 2.17012e-03 4.64442e-03 ... 6.79614e-01 7.47955e-01 8.26650e-01
Step   80 : Displace = [0m8.914e-02[0m/[0m1.791e-01[0m (rms/max) Trust = 9.680e-02 ([92m+[0m) Grad_T = [0m3.478e-03[0m/[0m1.036e-02[0m (rms/max) E (change) = -1229.6412526739 ([0m-1.750e-03[0m) Quality = [0m1.229[0m
Hessian Eigenvalues: 5.19635e-04 2.17012e-03 4.64442e-03 ... 6.79614e-01 7.47955e-01 8.26650e-01
Maximum iterations reached (80); increase --maxiter for more
