
          -------------------------------------------------------
          Amber 22 PMEMD                              2022
          -------------------------------------------------------

| PMEMD implementation of SANDER, Release 22

|  Compiled date/time: Thu Apr 14 20:06:37 2022
| Run on 07/08/2026 at 15:33:57

|   Executable path: pmemd.cuda
| Working directory: /scratch-small-local/393351.hpc1.hpc
|          Hostname: comp050.hpc

  [-O]verwriting output

File Assignments:
|   MDIN: npt3.in                                                               
|  MDOUT: npt3.out                                                              
| INPCRD: npt2.rst7                                                             
|   PARM: complex_solvated.prmtop                                               
| RESTRT: npt3.rst7                                                             
|   REFC: complex_solvated.inpcrd                                               
|  MDVEL: mdvel                                                                 
|   MDEN: mden                                                                  
|  MDCRD: mdcrd                                                                 
| MDINFO: npt3.mdinfo                                                           
|  MDFRC: mdfrc                                                                 


 Here is the input file:

NPT equilibration stage 3: restraint 50 kcal/mol/A^2, 20 ps, 300 K, 1 atm      
 &cntrl                                                                        
  imin=0, irest=1, ntx=5, temp0=300.0,                                         
  ntb=2, ntp=1, barostat=2, pres0=1.0, cut=9.0,                                
  nstlim=10000, dt=0.002,                                                      
  ntc=2, ntf=2,                                                                
  ntt=3, gamma_ln=2.0, ig=531984,                                              
  ntr=1, restraint_wt=50.0, restraintmask='!(:WAT,Na+) & !@H=',                
  ntpr=1000, ntwx=0, ntwr=10000, ntxo=1, ioutfm=1, iwrap=1,                    
 /                                                                             


| irandom = 1, using AMBER's internal random number generator (default).
 
|--------------------- INFORMATION ----------------------
| GPU (CUDA) Version of PMEMD in use: NVIDIA GPU IN USE.
|                    Version 18.0.0
| 
|                      03/25/2018
| 
| Implementation by:
|                    Ross C. Walker     (SDSC)
|                    Scott Le Grand     (nVIDIA)
| 
| Version 18 performance extensions by:
|                    David Cerutti     (Rutgers)
| 
| Precision model in use:
|      [SPFP] - Single Precision Forces, 64-bit Fixed Point
|               Accumulation. (Default)
| 
|--------------------------------------------------------
 
|----------------- CITATION INFORMATION -----------------
|
|    When publishing work that utilized the CUDA version
|    of AMBER, please cite the following in addition to
|    the regular AMBER citations:
|
|  - Romelia Salomon-Ferrer; Andreas W. Goetz; Duncan
|    Poole; Scott Le Grand; Ross C. Walker "Routine
|    microsecond molecular dynamics simulations with
|    AMBER - Part II: Particle Mesh Ewald", J. Chem.
|    Theory Comput., 2013, 9 (9), pp3878-3888,
|    DOI: 10.1021/ct400314y.
|
|  - Andreas W. Goetz; Mark J. Williamson; Dong Xu;
|    Duncan Poole; Scott Le Grand; Ross C. Walker
|    "Routine microsecond molecular dynamics simulations
|    with AMBER - Part I: Generalized Born", J. Chem.
|    Theory Comput., 2012, 8 (5), pp1542-1555.
|
|  - Scott Le Grand; Andreas W. Goetz; Ross C. Walker
|    "SPFP: Speed without compromise - a mixed precision
|    model for GPU accelerated molecular dynamics
|    simulations.", Comp. Phys. Comm., 2013, 184
|    pp374-380, DOI: 10.1016/j.cpc.2012.09.022
|
|--------------------------------------------------------
 
|------------------- GPU DEVICE INFO --------------------
|
|            CUDA_VISIBLE_DEVICES: not set
|   CUDA Capable Devices Detected:      3
|           CUDA Device ID in use:      0
|                CUDA Device Name: Quadro RTX 4000
|     CUDA Device Global Mem Size:   7786 MB
| CUDA Device Num Multiprocessors:     36
|           CUDA Device Core Freq:   1.54 GHz
|
|--------------------------------------------------------
 
 
| Conditional Compilation Defines Used:
| PUBFFT
| BINTRAJ
| CUDA
| EMIL

| Largest sphere to fit in unit cell has radius =    37.367

| New format PARM file being parsed.
| Version =    1.000 Date = 07/08/26 Time = 13:31:08

| Note: 1-4 EEL scale factors are being read from the topology file.

| Note: 1-4 VDW scale factors are being read from the topology file.
| Duplicated    0 dihedrals

| Duplicated    0 dihedrals

--------------------------------------------------------------------------------
   1.  RESOURCE   USE: 
--------------------------------------------------------------------------------

 getting new box info from bottom of inpcrd
 NATOM  =   55680 NTYPES =      17 NBONH =   52593 MBONA  =    3117
 NTHETH =    7254 MTHETA =    4218 NPHIH =   14307 MPHIA  =   13569
 NHPARM =       0 NPARM  =       0 NNB   =  100505 NRES   =   16865
 NBONA  =    3117 NTHETA =    4218 NPHIA =   13569 NUMBND =      81
 NUMANG =     181 NPTRA  =     203 NATYP =      46 NPHB   =       0
 IFBOX  =       1 NMXRS  =      24 IFCAP =       0 NEXTRA =       0
 NCOPY  =       0

| Coordinate Index Table dimensions:    18   14   18
| Direct force subcell size =     5.0320    5.3381    5.1689

     BOX TYPE: RECTILINEAR

--------------------------------------------------------------------------------
   2.  CONTROL  DATA  FOR  THE  RUN
--------------------------------------------------------------------------------

default_name                                                                    

General flags:
     imin    =       0, nmropt  =       0

Nature and format of input:
     ntx     =       5, irest   =       1, ntrx    =       1

Nature and format of output:
     ntxo    =       1, ntpr    =    1000, ntrx    =       1, ntwr    =   10000
     iwrap   =       1, ntwx    =       0, ntwv    =       0, ntwe    =       0
     ioutfm  =       1, ntwprt  =       0, idecomp =       0, rbornstat=      0

Potential function:
     ntf     =       2, ntb     =       2, igb     =       0, nsnb    =      25
     ipol    =       0, gbsa    =       0, iesp    =       0
     dielc   =   1.00000, cut     =   9.00000, intdiel =   1.00000

Frozen or restrained atoms:
     ibelly  =       0, ntr     =       1
     restraint_wt =  50.00000

Molecular dynamics:
     nstlim  =     10000, nscm    =         0, nrespa  =         1
     t       =   0.00000, dt      =   0.00200, vlimit  =  -1.00000

Langevin dynamics temperature regulation:
     ig      =  531984
     temp0   = 300.00000, tempi   =   0.00000, gamma_ln=   2.00000

Pressure regulation:
     ntp     =       1
     pres0   =   1.00000, comp    =  44.60000, taup    =   1.00000
     Monte-Carlo Barostat:
     mcbarint  =     100

SHAKE:
     ntc     =       2, jfastw  =       0
     tol     =   0.00001

| Intermolecular bonds treatment:
|     no_intermolecular_bonds =       1

| Energy averages sample interval:
|     ene_avg_sampling =    1000

Ewald parameters:
     verbose =       0, ew_type =       0, nbflag  =       1, use_pme =       1
     vdwmeth =       1, eedmeth =       1, netfrc  =       1
     Box X =   90.576   Box Y =   74.734   Box Z =   93.039
     Alpha =   90.000   Beta  =   90.000   Gamma =   90.000
     NFFT1 =   96       NFFT2 =   80       NFFT3 =   96
     Cutoff=    9.000   Tol   =0.100E-04
     Ewald Coefficient =  0.30768
     Interpolation order =    4

    LOADING THE CONSTRAINED ATOMS AS GROUPS


   5.  REFERENCE ATOM COORDINATES

  default_name                                                                    
     Mask !(:WAT,Na+) & !@H=; matches  3078 atoms
| MONTE CARLO BAROSTAT IMPORTANT NOTE:
|   The Monte-Carlo barostat does not require the virial to adjust the system volume.
|   Since it is an expensive calculation, it is skipped for efficiency. A side-effect
|   is that the reported pressure is always 0 because it is not calculated.

--------------------------------------------------------------------------------
   3.  ATOMIC COORDINATES AND VELOCITIES
--------------------------------------------------------------------------------

default_name                                                                    
 begin time read from input coords =    40.000 ps

 
 Number of triangulated 3-point waters found:    16472

     Sum of charges from parm topology file =  -0.00000013
     Forcing neutrality...

| Dynamic Memory, Types Used:
| Reals             2501893
| Integers          2396773

| Nonbonded Pairs Initial Allocation:    12695040

| GPU memory information (estimate):
| KB of GPU memory in use:    355061
| KB of CPU memory in use:     92765

--------------------------------------------------------------------------------
   4.  RESULTS
--------------------------------------------------------------------------------


 NSTEP =     1000   TIME(PS) =      42.000  TEMP(K) =   379.58  PRESS =     0.0
 Etot   =   -101350.3360  EKtot   =     43163.7812  EPtot      =   -144514.1172
 BOND   =      1258.8244  ANGLE   =      3826.9041  DIHED      =      5279.6475
 1-4 NB =      1828.1658  1-4 EEL =     15693.8251  VDWAALS    =     15800.0999
 EELEC  =   -190561.6448  EHBOND  =         0.0000  RESTRAINT  =      2360.0608
 EAMBER (non-restraint)  =   -146874.1780
 EKCMT  =         0.0000  VIRIAL  =         0.0000  VOLUME     =    628254.9072
                                                    Density    =         0.9016
 ------------------------------------------------------------------------------


 NSTEP =     2000   TIME(PS) =      44.000  TEMP(K) =   306.49  PRESS =     0.0
 Etot   =   -126827.8611  EKtot   =     34851.8984  EPtot      =   -161679.7595
 BOND   =      1011.8809  ANGLE   =      3099.6062  DIHED      =      5050.7528
 1-4 NB =      1746.8872  1-4 EEL =     15739.9130  VDWAALS    =     18382.0073
 EELEC  =   -208309.6366  EHBOND  =         0.0000  RESTRAINT  =      1598.8295
 EAMBER (non-restraint)  =   -163278.5891
 EKCMT  =         0.0000  VIRIAL  =         0.0000  VOLUME     =    614095.5717
                                                    Density    =         0.9224
 ------------------------------------------------------------------------------


 NSTEP =     3000   TIME(PS) =      46.000  TEMP(K) =   301.98  PRESS =     0.0
 Etot   =   -129022.6307  EKtot   =     34338.8320  EPtot      =   -163361.4628
 BOND   =      1026.4872  ANGLE   =      3177.0046  DIHED      =      5048.1800
 1-4 NB =      1737.6249  1-4 EEL =     15750.4740  VDWAALS    =     19317.6602
 EELEC  =   -211047.6410  EHBOND  =         0.0000  RESTRAINT  =      1628.7473
 EAMBER (non-restraint)  =   -164990.2101
 EKCMT  =         0.0000  VIRIAL  =         0.0000  VOLUME     =    608118.2493
                                                    Density    =         0.9314
 ------------------------------------------------------------------------------


 NSTEP =     4000   TIME(PS) =      48.000  TEMP(K) =   300.14  PRESS =     0.0
 Etot   =   -129814.7876  EKtot   =     34130.4766  EPtot      =   -163945.2642
 BOND   =      1021.3117  ANGLE   =      3097.8183  DIHED      =      5025.1385
 1-4 NB =      1756.7185  1-4 EEL =     15773.4578  VDWAALS    =     18752.1503
 EELEC  =   -210898.9903  EHBOND  =         0.0000  RESTRAINT  =      1527.1309
 EAMBER (non-restraint)  =   -165472.3951
 EKCMT  =         0.0000  VIRIAL  =         0.0000  VOLUME     =    605450.3490
                                                    Density    =         0.9355
 ------------------------------------------------------------------------------


 NSTEP =     5000   TIME(PS) =      50.000  TEMP(K) =   299.14  PRESS =     0.0
 Etot   =   -129904.8656  EKtot   =     34016.9141  EPtot      =   -163921.7797
 BOND   =      1015.8719  ANGLE   =      3166.8313  DIHED      =      5065.8178
 1-4 NB =      1766.6210  1-4 EEL =     15723.0835  VDWAALS    =     19429.8088
 EELEC  =   -211697.9065  EHBOND  =         0.0000  RESTRAINT  =      1608.0925
 EAMBER (non-restraint)  =   -165529.8722
 EKCMT  =         0.0000  VIRIAL  =         0.0000  VOLUME     =    603583.7606
                                                    Density    =         0.9384
 ------------------------------------------------------------------------------


 NSTEP =     6000   TIME(PS) =      52.000  TEMP(K) =   298.64  PRESS =     0.0
 Etot   =   -130044.9791  EKtot   =     33959.9766  EPtot      =   -164004.9557
 BOND   =      1016.3965  ANGLE   =      3184.6195  DIHED      =      5076.1980
 1-4 NB =      1759.6664  1-4 EEL =     15746.5390  VDWAALS    =     19303.7173
 EELEC  =   -211709.4922  EHBOND  =         0.0000  RESTRAINT  =      1617.3997
 EAMBER (non-restraint)  =   -165622.3554
 EKCMT  =         0.0000  VIRIAL  =         0.0000  VOLUME     =    602468.5239
                                                    Density    =         0.9402
 ------------------------------------------------------------------------------


 NSTEP =     7000   TIME(PS) =      54.000  TEMP(K) =   299.25  PRESS =     0.0
 Etot   =   -130228.8320  EKtot   =     34029.3633  EPtot      =   -164258.1952
 BOND   =       993.5126  ANGLE   =      3115.1887  DIHED      =      5085.6764
 1-4 NB =      1737.1450  1-4 EEL =     15688.3772  VDWAALS    =     19222.1812
 EELEC  =   -211765.8834  EHBOND  =         0.0000  RESTRAINT  =      1665.6071
 EAMBER (non-restraint)  =   -165923.8023
 EKCMT  =         0.0000  VIRIAL  =         0.0000  VOLUME     =    602468.5239
                                                    Density    =         0.9402
 ------------------------------------------------------------------------------


 NSTEP =     8000   TIME(PS) =      56.000  TEMP(K) =   298.50  PRESS =     0.0
 Etot   =   -130070.2495  EKtot   =     33943.1719  EPtot      =   -164013.4214
 BOND   =      1009.0243  ANGLE   =      3132.9255  DIHED      =      5050.1043
 1-4 NB =      1763.1326  1-4 EEL =     15777.9324  VDWAALS    =     19268.5450
 EELEC  =   -211561.8815  EHBOND  =         0.0000  RESTRAINT  =      1546.7960
 EAMBER (non-restraint)  =   -165560.2174
 EKCMT  =         0.0000  VIRIAL  =         0.0000  VOLUME     =    600725.2798
                                                    Density    =         0.9429
 ------------------------------------------------------------------------------


 NSTEP =     9000   TIME(PS) =      58.000  TEMP(K) =   299.55  PRESS =     0.0
 Etot   =   -129943.8102  EKtot   =     34063.2070  EPtot      =   -164007.0172
 BOND   =       925.5784  ANGLE   =      3176.3611  DIHED      =      5035.4936
 1-4 NB =      1755.7455  1-4 EEL =     15747.6739  VDWAALS    =     18808.0069
 EELEC  =   -211076.0287  EHBOND  =         0.0000  RESTRAINT  =      1620.1521
 EAMBER (non-restraint)  =   -165627.1693
 EKCMT  =         0.0000  VIRIAL  =         0.0000  VOLUME     =    600681.8994
                                                    Density    =         0.9430
 ------------------------------------------------------------------------------


 NSTEP =    10000   TIME(PS) =      60.000  TEMP(K) =   300.03  PRESS =     0.0
 Etot   =   -130310.2830  EKtot   =     34117.3555  EPtot      =   -164427.6384
 BOND   =      1000.5818  ANGLE   =      3105.1036  DIHED      =      5090.0612
 1-4 NB =      1773.4842  1-4 EEL =     15722.7650  VDWAALS    =     19011.8144
 EELEC  =   -211741.1592  EHBOND  =         0.0000  RESTRAINT  =      1609.7106
 EAMBER (non-restraint)  =   -166037.3491
 EKCMT  =         0.0000  VIRIAL  =         0.0000  VOLUME     =    600100.8994
                                                    Density    =         0.9439
 ------------------------------------------------------------------------------


      A V E R A G E S   O V E R      10 S T E P S


 NSTEP =    10000   TIME(PS) =      60.000  TEMP(K) =   308.33  PRESS =     0.0
 Etot   =   -126751.8635  EKtot   =     35061.4977  EPtot      =   -161813.3611
 BOND   =      1027.9470  ANGLE   =      3208.2363  DIHED      =      5080.7070
 1-4 NB =      1762.5191  1-4 EEL =     15736.4041  VDWAALS    =     18729.5991
 EELEC  =   -209037.0264  EHBOND  =         0.0000  RESTRAINT  =      1678.2527
 EAMBER (non-restraint)  =   -163491.6138
 EKCMT  =         0.0000  VIRIAL  =         0.0000  VOLUME     =    606594.7964
                                                    Density    =         0.9339
 ------------------------------------------------------------------------------


      R M S  F L U C T U A T I O N S


 NSTEP =    10000   TIME(PS) =      60.000  TEMP(K) =    23.86  PRESS =     0.0
 Etot   =      8523.6094  EKtot   =      2712.7186  EPtot      =      5813.2253
 BOND   =        81.6455  ANGLE   =       208.7994  DIHED      =        69.2499
 1-4 NB =        24.5815  1-4 EEL =        28.3207  VDWAALS    =      1024.1049
 EELEC  =      6236.1212  EHBOND  =         0.0000  RESTRAINT  =       230.3473
 EAMBER (non-restraint)  =      5582.8780
 EKCMT  =         0.0000  VIRIAL  =         0.0000  VOLUME     =      8268.9513
                                                    Density    =         0.0124
 ------------------------------------------------------------------------------

| MC Barostat:        100 volume changes attempted.
| MC Barostat:         26 changes successful ( 26.00%)
 ------------------------------------------------------------------------------

--------------------------------------------------------------------------------
   5.  TIMINGS
--------------------------------------------------------------------------------

|  NonSetup CPU Time in Major Routines:
|
|     Routine           Sec        %
|     ------------------------------
|     Nonbond           1.17    9.71
|     Bond              0.00    0.00
|     Angle             0.00    0.00
|     Dihedral          0.00    0.00
|     Shake             0.04    0.34
|     RunMD            10.67   88.63
|     Other             0.16    1.32
|     ------------------------------
|     Total            12.04

|  PME Nonbond Pairlist CPU Time:
|
|     Routine              Sec        %
|     ---------------------------------
|     Set Up Cit           0.00    0.00
|     Build List           0.00    0.00
|     ---------------------------------
|     Total                0.00    0.00

|  PME Direct Force CPU Time:
|
|     Routine              Sec        %
|     ---------------------------------
|     NonBonded Calc       0.00    0.00
|     Exclude Masked       0.00    0.00
|     Other                0.01    0.05
|     ---------------------------------
|     Total                0.01    0.05

|  PME Reciprocal Force CPU Time:
|
|     Routine              Sec        %
|     ---------------------------------
|     1D bspline           0.00    0.00
|     Grid Charges         0.00    0.00
|     Scalar Sum           0.00    0.00
|     Gradient Sum         0.00    0.00
|     FFT                  0.00    0.00
|     ---------------------------------
|     Total                0.00    0.00

|  Final Performance Info:
|     -----------------------------------------------------
|     Average timings for last    9000 steps:
|     Elapsed(s) =      10.75 Per Step(ms) =       1.19
|         ns/day =     144.62   seconds/ns =     597.43
|
|     Average timings for all steps:
|     Elapsed(s) =      12.05 Per Step(ms) =       1.21
|         ns/day =     143.37   seconds/ns =     602.63
|     -----------------------------------------------------

|  Setup CPU time:            0.99 seconds
|  NonSetup CPU time:        12.04 seconds
|  Total CPU time:           13.03 seconds     0.00 hours

|  Setup wall time:           2    seconds
|  NonSetup wall time:       12    seconds
|  Total wall time:          14    seconds     0.00 hours
