
          -------------------------------------------------------
          Amber 22 PMEMD                              2022
          -------------------------------------------------------

| PMEMD implementation of SANDER, Release 22

|  Compiled date/time: Thu Apr 14 20:06:37 2022
| Run on 07/08/2026 at 15:34:11

|   Executable path: pmemd.cuda
| Working directory: /scratch-small-local/393351.hpc1.hpc
|          Hostname: comp050.hpc

  [-O]verwriting output

File Assignments:
|   MDIN: npt4.in                                                               
|  MDOUT: npt4.out                                                              
| INPCRD: npt3.rst7                                                             
|   PARM: complex_solvated.prmtop                                               
| RESTRT: npt4.rst7                                                             
|   REFC: complex_solvated.inpcrd                                               
|  MDVEL: mdvel                                                                 
|   MDEN: mden                                                                  
|  MDCRD: mdcrd                                                                 
| MDINFO: npt4.mdinfo                                                           
|  MDFRC: mdfrc                                                                 


 Here is the input file:

NPT equilibration stage 4: restraint 10 kcal/mol/A^2, 20 ps, 300 K, 1 atm      
 &cntrl                                                                        
  imin=0, irest=1, ntx=5, temp0=300.0,                                         
  ntb=2, ntp=1, barostat=2, pres0=1.0, cut=9.0,                                
  nstlim=10000, dt=0.002,                                                      
  ntc=2, ntf=2,                                                                
  ntt=3, gamma_ln=2.0, ig=531984,                                              
  ntr=1, restraint_wt=10.0, restraintmask='!(:WAT,Na+) & !@H=',                
  ntpr=1000, ntwx=0, ntwr=10000, ntxo=1, ioutfm=1, iwrap=1,                    
 /                                                                             


| irandom = 1, using AMBER's internal random number generator (default).
 
|--------------------- INFORMATION ----------------------
| GPU (CUDA) Version of PMEMD in use: NVIDIA GPU IN USE.
|                    Version 18.0.0
| 
|                      03/25/2018
| 
| Implementation by:
|                    Ross C. Walker     (SDSC)
|                    Scott Le Grand     (nVIDIA)
| 
| Version 18 performance extensions by:
|                    David Cerutti     (Rutgers)
| 
| Precision model in use:
|      [SPFP] - Single Precision Forces, 64-bit Fixed Point
|               Accumulation. (Default)
| 
|--------------------------------------------------------
 
|----------------- CITATION INFORMATION -----------------
|
|    When publishing work that utilized the CUDA version
|    of AMBER, please cite the following in addition to
|    the regular AMBER citations:
|
|  - Romelia Salomon-Ferrer; Andreas W. Goetz; Duncan
|    Poole; Scott Le Grand; Ross C. Walker "Routine
|    microsecond molecular dynamics simulations with
|    AMBER - Part II: Particle Mesh Ewald", J. Chem.
|    Theory Comput., 2013, 9 (9), pp3878-3888,
|    DOI: 10.1021/ct400314y.
|
|  - Andreas W. Goetz; Mark J. Williamson; Dong Xu;
|    Duncan Poole; Scott Le Grand; Ross C. Walker
|    "Routine microsecond molecular dynamics simulations
|    with AMBER - Part I: Generalized Born", J. Chem.
|    Theory Comput., 2012, 8 (5), pp1542-1555.
|
|  - Scott Le Grand; Andreas W. Goetz; Ross C. Walker
|    "SPFP: Speed without compromise - a mixed precision
|    model for GPU accelerated molecular dynamics
|    simulations.", Comp. Phys. Comm., 2013, 184
|    pp374-380, DOI: 10.1016/j.cpc.2012.09.022
|
|--------------------------------------------------------
 
|------------------- GPU DEVICE INFO --------------------
|
|            CUDA_VISIBLE_DEVICES: not set
|   CUDA Capable Devices Detected:      3
|           CUDA Device ID in use:      0
|                CUDA Device Name: Quadro RTX 4000
|     CUDA Device Global Mem Size:   7786 MB
| CUDA Device Num Multiprocessors:     36
|           CUDA Device Core Freq:   1.54 GHz
|
|--------------------------------------------------------
 
 
| Conditional Compilation Defines Used:
| PUBFFT
| BINTRAJ
| CUDA
| EMIL

| Largest sphere to fit in unit cell has radius =    36.770

| New format PARM file being parsed.
| Version =    1.000 Date = 07/08/26 Time = 13:31:08

| Note: 1-4 EEL scale factors are being read from the topology file.

| Note: 1-4 VDW scale factors are being read from the topology file.
| Duplicated    0 dihedrals

| Duplicated    0 dihedrals

--------------------------------------------------------------------------------
   1.  RESOURCE   USE: 
--------------------------------------------------------------------------------

 getting new box info from bottom of inpcrd
 NATOM  =   55680 NTYPES =      17 NBONH =   52593 MBONA  =    3117
 NTHETH =    7254 MTHETA =    4218 NPHIH =   14307 MPHIA  =   13569
 NHPARM =       0 NPARM  =       0 NNB   =  100505 NRES   =   16865
 NBONA  =    3117 NTHETA =    4218 NPHIA =   13569 NUMBND =      81
 NUMANG =     181 NPTRA  =     203 NATYP =      46 NPHB   =       0
 IFBOX  =       1 NMXRS  =      24 IFCAP =       0 NEXTRA =       0
 NCOPY  =       0

| Coordinate Index Table dimensions:    17   14   18
| Direct force subcell size =     5.2429    5.2529    5.0863

     BOX TYPE: RECTILINEAR

--------------------------------------------------------------------------------
   2.  CONTROL  DATA  FOR  THE  RUN
--------------------------------------------------------------------------------

default_name                                                                    

General flags:
     imin    =       0, nmropt  =       0

Nature and format of input:
     ntx     =       5, irest   =       1, ntrx    =       1

Nature and format of output:
     ntxo    =       1, ntpr    =    1000, ntrx    =       1, ntwr    =   10000
     iwrap   =       1, ntwx    =       0, ntwv    =       0, ntwe    =       0
     ioutfm  =       1, ntwprt  =       0, idecomp =       0, rbornstat=      0

Potential function:
     ntf     =       2, ntb     =       2, igb     =       0, nsnb    =      25
     ipol    =       0, gbsa    =       0, iesp    =       0
     dielc   =   1.00000, cut     =   9.00000, intdiel =   1.00000

Frozen or restrained atoms:
     ibelly  =       0, ntr     =       1
     restraint_wt =  10.00000

Molecular dynamics:
     nstlim  =     10000, nscm    =         0, nrespa  =         1
     t       =   0.00000, dt      =   0.00200, vlimit  =  -1.00000

Langevin dynamics temperature regulation:
     ig      =  531984
     temp0   = 300.00000, tempi   =   0.00000, gamma_ln=   2.00000

Pressure regulation:
     ntp     =       1
     pres0   =   1.00000, comp    =  44.60000, taup    =   1.00000
     Monte-Carlo Barostat:
     mcbarint  =     100

SHAKE:
     ntc     =       2, jfastw  =       0
     tol     =   0.00001

| Intermolecular bonds treatment:
|     no_intermolecular_bonds =       1

| Energy averages sample interval:
|     ene_avg_sampling =    1000

Ewald parameters:
     verbose =       0, ew_type =       0, nbflag  =       1, use_pme =       1
     vdwmeth =       1, eedmeth =       1, netfrc  =       1
     Box X =   89.129   Box Y =   73.541   Box Z =   91.554
     Alpha =   90.000   Beta  =   90.000   Gamma =   90.000
     NFFT1 =   96       NFFT2 =   80       NFFT3 =   96
     Cutoff=    9.000   Tol   =0.100E-04
     Ewald Coefficient =  0.30768
     Interpolation order =    4

    LOADING THE CONSTRAINED ATOMS AS GROUPS


   5.  REFERENCE ATOM COORDINATES

  default_name                                                                    
     Mask !(:WAT,Na+) & !@H=; matches  3078 atoms
| MONTE CARLO BAROSTAT IMPORTANT NOTE:
|   The Monte-Carlo barostat does not require the virial to adjust the system volume.
|   Since it is an expensive calculation, it is skipped for efficiency. A side-effect
|   is that the reported pressure is always 0 because it is not calculated.

--------------------------------------------------------------------------------
   3.  ATOMIC COORDINATES AND VELOCITIES
--------------------------------------------------------------------------------

default_name                                                                    
 begin time read from input coords =    60.000 ps

 
 Number of triangulated 3-point waters found:    16472

     Sum of charges from parm topology file =  -0.00000013
     Forcing neutrality...

| Dynamic Memory, Types Used:
| Reals             2501893
| Integers          2396773

| Nonbonded Pairs Initial Allocation:    12695040

| GPU memory information (estimate):
| KB of GPU memory in use:    342901
| KB of CPU memory in use:     91189

--------------------------------------------------------------------------------
   4.  RESULTS
--------------------------------------------------------------------------------


 NSTEP =     1000   TIME(PS) =      62.000  TEMP(K) =   308.44  PRESS =     0.0
 Etot   =   -128818.8256  EKtot   =     35074.2773  EPtot      =   -163893.1030
 BOND   =      1106.6077  ANGLE   =      3268.7546  DIHED      =      5122.9286
 1-4 NB =      1581.7938  1-4 EEL =     15500.0246  VDWAALS    =     18253.3306
 EELEC  =   -209947.3349  EHBOND  =         0.0000  RESTRAINT  =      1220.7921
 EAMBER (non-restraint)  =   -165113.8951
 EKCMT  =         0.0000  VIRIAL  =         0.0000  VOLUME     =    595025.1036
                                                    Density    =         0.9519
 ------------------------------------------------------------------------------


 NSTEP =     2000   TIME(PS) =      64.000  TEMP(K) =   298.99  PRESS =     0.0
 Etot   =   -131370.6963  EKtot   =     33999.6406  EPtot      =   -165370.3370
 BOND   =       991.6691  ANGLE   =      3216.1874  DIHED      =      5111.2964
 1-4 NB =      1537.2649  1-4 EEL =     15416.0489  VDWAALS    =     19199.4314
 EELEC  =   -211954.8388  EHBOND  =         0.0000  RESTRAINT  =      1112.6036
 EAMBER (non-restraint)  =   -166482.9405
 EKCMT  =         0.0000  VIRIAL  =         0.0000  VOLUME     =    591104.2055
                                                    Density    =         0.9582
 ------------------------------------------------------------------------------


 NSTEP =     3000   TIME(PS) =      66.000  TEMP(K) =   298.33  PRESS =     0.0
 Etot   =   -132179.0403  EKtot   =     33924.6602  EPtot      =   -166103.7005
 BOND   =      1058.8149  ANGLE   =      3133.4159  DIHED      =      5074.4855
 1-4 NB =      1584.8263  1-4 EEL =     15452.8802  VDWAALS    =     19547.5317
 EELEC  =   -212978.0872  EHBOND  =         0.0000  RESTRAINT  =      1022.4322
 EAMBER (non-restraint)  =   -167126.1327
 EKCMT  =         0.0000  VIRIAL  =         0.0000  VOLUME     =    588881.7130
                                                    Density    =         0.9619
 ------------------------------------------------------------------------------


 NSTEP =     4000   TIME(PS) =      68.000  TEMP(K) =   299.89  PRESS =     0.0
 Etot   =   -132065.4009  EKtot   =     34101.6875  EPtot      =   -166167.0884
 BOND   =      1096.7134  ANGLE   =      3147.8302  DIHED      =      5083.6774
 1-4 NB =      1593.5188  1-4 EEL =     15472.0458  VDWAALS    =     19023.0889
 EELEC  =   -212688.2761  EHBOND  =         0.0000  RESTRAINT  =      1104.3131
 EAMBER (non-restraint)  =   -167271.4015
 EKCMT  =         0.0000  VIRIAL  =         0.0000  VOLUME     =    585059.9897
                                                    Density    =         0.9681
 ------------------------------------------------------------------------------


 NSTEP =     5000   TIME(PS) =      70.000  TEMP(K) =   301.33  PRESS =     0.0
 Etot   =   -132082.7328  EKtot   =     34265.9297  EPtot      =   -166348.6625
 BOND   =      1068.7483  ANGLE   =      3202.8740  DIHED      =      5074.2950
 1-4 NB =      1585.5140  1-4 EEL =     15433.2067  VDWAALS    =     19716.6323
 EELEC  =   -213543.6794  EHBOND  =         0.0000  RESTRAINT  =      1113.7465
 EAMBER (non-restraint)  =   -167462.4089
 EKCMT  =         0.0000  VIRIAL  =         0.0000  VOLUME     =    580651.2773
                                                    Density    =         0.9755
 ------------------------------------------------------------------------------


 NSTEP =     6000   TIME(PS) =      72.000  TEMP(K) =   300.47  PRESS =     0.0
 Etot   =   -132218.8822  EKtot   =     34167.3711  EPtot      =   -166386.2533
 BOND   =      1172.3661  ANGLE   =      3171.2920  DIHED      =      5065.3661
 1-4 NB =      1592.2904  1-4 EEL =     15482.6569  VDWAALS    =     19373.0045
 EELEC  =   -213349.3992  EHBOND  =         0.0000  RESTRAINT  =      1106.1698
 EAMBER (non-restraint)  =   -167492.4231
 EKCMT  =         0.0000  VIRIAL  =         0.0000  VOLUME     =    579578.4127
                                                    Density    =         0.9773
 ------------------------------------------------------------------------------


 NSTEP =     7000   TIME(PS) =      74.000  TEMP(K) =   300.41  PRESS =     0.0
 Etot   =   -132401.3017  EKtot   =     34161.4102  EPtot      =   -166562.7119
 BOND   =      1085.1507  ANGLE   =      3200.6918  DIHED      =      5073.6822
 1-4 NB =      1587.2612  1-4 EEL =     15448.7399  VDWAALS    =     19282.3066
 EELEC  =   -213300.2148  EHBOND  =         0.0000  RESTRAINT  =      1059.6704
 EAMBER (non-restraint)  =   -167622.3823
 EKCMT  =         0.0000  VIRIAL  =         0.0000  VOLUME     =    579578.4127
                                                    Density    =         0.9773
 ------------------------------------------------------------------------------


 NSTEP =     8000   TIME(PS) =      76.000  TEMP(K) =   299.08  PRESS =     0.0
 Etot   =   -132478.5068  EKtot   =     34009.9648  EPtot      =   -166488.4717
 BOND   =      1086.7595  ANGLE   =      3259.0013  DIHED      =      5095.1985
 1-4 NB =      1590.2820  1-4 EEL =     15447.9255  VDWAALS    =     19383.1477
 EELEC  =   -213438.9380  EHBOND  =         0.0000  RESTRAINT  =      1088.1518
 EAMBER (non-restraint)  =   -167576.6235
 EKCMT  =         0.0000  VIRIAL  =         0.0000  VOLUME     =    577901.4013
                                                    Density    =         0.9801
 ------------------------------------------------------------------------------


 NSTEP =     9000   TIME(PS) =      78.000  TEMP(K) =   299.30  PRESS =     0.0
 Etot   =   -132828.4879  EKtot   =     34034.4258  EPtot      =   -166862.9137
 BOND   =      1039.9654  ANGLE   =      3181.3025  DIHED      =      5065.1683
 1-4 NB =      1624.8197  1-4 EEL =     15464.7558  VDWAALS    =     19261.2286
 EELEC  =   -213586.9921  EHBOND  =         0.0000  RESTRAINT  =      1086.8381
 EAMBER (non-restraint)  =   -167949.7517
 EKCMT  =         0.0000  VIRIAL  =         0.0000  VOLUME     =    577859.6690
                                                    Density    =         0.9802
 ------------------------------------------------------------------------------

| MC Barostat: Decreasing size of volume moves

 NSTEP =    10000   TIME(PS) =      80.000  TEMP(K) =   299.83  PRESS =     0.0
 Etot   =   -132558.4636  EKtot   =     34094.9414  EPtot      =   -166653.4050
 BOND   =      1074.5262  ANGLE   =      3137.3714  DIHED      =      5071.8808
 1-4 NB =      1583.4614  1-4 EEL =     15510.2325  VDWAALS    =     19606.8156
 EELEC  =   -213750.6083  EHBOND  =         0.0000  RESTRAINT  =      1112.9155
 EAMBER (non-restraint)  =   -167766.3205
 EKCMT  =         0.0000  VIRIAL  =         0.0000  VOLUME     =    577300.7435
                                                    Density    =         0.9812
 ------------------------------------------------------------------------------


      A V E R A G E S   O V E R      10 S T E P S


 NSTEP =    10000   TIME(PS) =      80.000  TEMP(K) =   300.61  PRESS =     0.0
 Etot   =   -131900.2338  EKtot   =     34183.4309  EPtot      =   -166083.6647
 BOND   =      1078.1321  ANGLE   =      3191.8721  DIHED      =      5083.7979
 1-4 NB =      1586.1033  1-4 EEL =     15462.8517  VDWAALS    =     19264.6518
 EELEC  =   -212853.8369  EHBOND  =         0.0000  RESTRAINT  =      1102.7633
 EAMBER (non-restraint)  =   -167186.4280
 EKCMT  =         0.0000  VIRIAL  =         0.0000  VOLUME     =    583294.0928
                                                    Density    =         0.9712
 ------------------------------------------------------------------------------


      R M S  F L U C T U A T I O N S


 NSTEP =    10000   TIME(PS) =      80.000  TEMP(K) =     2.74  PRESS =     0.0
 Etot   =      1090.6756  EKtot   =       311.2399  EPtot      =       824.7260
 BOND   =        44.2342  ANGLE   =        44.7992  DIHED      =        18.7764
 1-4 NB =        20.0593  1-4 EEL =        27.7450  VDWAALS    =       388.9557
 EELEC  =      1091.0351  EHBOND  =         0.0000  RESTRAINT  =        48.0026
 EAMBER (non-restraint)  =       776.7234
 EKCMT  =         0.0000  VIRIAL  =         0.0000  VOLUME     =      6017.3559
                                                    Density    =         0.0099
 ------------------------------------------------------------------------------

| MC Barostat:        100 volume changes attempted.
| MC Barostat:         25 changes successful ( 25.00%)
 ------------------------------------------------------------------------------

--------------------------------------------------------------------------------
   5.  TIMINGS
--------------------------------------------------------------------------------

|  NonSetup CPU Time in Major Routines:
|
|     Routine           Sec        %
|     ------------------------------
|     Nonbond           1.08    8.85
|     Bond              0.00    0.00
|     Angle             0.00    0.00
|     Dihedral          0.00    0.00
|     Shake             0.04    0.34
|     RunMD            10.94   89.42
|     Other             0.17    1.38
|     ------------------------------
|     Total            12.23

|  PME Nonbond Pairlist CPU Time:
|
|     Routine              Sec        %
|     ---------------------------------
|     Set Up Cit           0.00    0.00
|     Build List           0.00    0.00
|     ---------------------------------
|     Total                0.00    0.00

|  PME Direct Force CPU Time:
|
|     Routine              Sec        %
|     ---------------------------------
|     NonBonded Calc       0.00    0.00
|     Exclude Masked       0.00    0.00
|     Other                0.01    0.06
|     ---------------------------------
|     Total                0.01    0.06

|  PME Reciprocal Force CPU Time:
|
|     Routine              Sec        %
|     ---------------------------------
|     1D bspline           0.00    0.00
|     Grid Charges         0.00    0.00
|     Scalar Sum           0.00    0.00
|     Gradient Sum         0.00    0.00
|     FFT                  0.00    0.00
|     ---------------------------------
|     Total                0.00    0.00

|  Final Performance Info:
|     -----------------------------------------------------
|     Average timings for last    9000 steps:
|     Elapsed(s) =      11.03 Per Step(ms) =       1.23
|         ns/day =     141.05   seconds/ns =     612.55
|
|     Average timings for all steps:
|     Elapsed(s) =      12.25 Per Step(ms) =       1.22
|         ns/day =     141.10   seconds/ns =     612.35
|     -----------------------------------------------------

|  Setup CPU time:            1.02 seconds
|  NonSetup CPU time:        12.23 seconds
|  Total CPU time:           13.25 seconds     0.00 hours

|  Setup wall time:           1    seconds
|  NonSetup wall time:       12    seconds
|  Total wall time:          13    seconds     0.00 hours
