
          -------------------------------------------------------
          Amber 22 PMEMD                              2022
          -------------------------------------------------------

| PMEMD implementation of SANDER, Release 22

|  Compiled date/time: Thu Apr 14 20:06:37 2022
| Run on 07/08/2026 at 15:34:26

|   Executable path: pmemd.cuda
| Working directory: /scratch-small-local/393351.hpc1.hpc
|          Hostname: comp050.hpc

  [-O]verwriting output

File Assignments:
|   MDIN: npt5.in                                                               
|  MDOUT: npt5.out                                                              
| INPCRD: npt4.rst7                                                             
|   PARM: complex_solvated.prmtop                                               
| RESTRT: npt5.rst7                                                             
|   REFC: refc                                                                  
|  MDVEL: mdvel                                                                 
|   MDEN: mden                                                                  
|  MDCRD: mdcrd                                                                 
| MDINFO: npt5.mdinfo                                                           
|  MDFRC: mdfrc                                                                 


 Here is the input file:

NPT equilibration stage 5: restraint 0 kcal/mol/A^2, 20 ps, 300 K, 1 atm       
 &cntrl                                                                        
  imin=0, irest=1, ntx=5, temp0=300.0,                                         
  ntb=2, ntp=1, barostat=2, pres0=1.0, cut=9.0,                                
  nstlim=10000, dt=0.002,                                                      
  ntc=2, ntf=2,                                                                
  ntt=3, gamma_ln=2.0, ig=531984,                                              
  ntr=0,                                                                       
  ntpr=1000, ntwx=0, ntwr=10000, ntxo=1, ioutfm=1, iwrap=1,                    
 /                                                                             


| irandom = 1, using AMBER's internal random number generator (default).
 
|--------------------- INFORMATION ----------------------
| GPU (CUDA) Version of PMEMD in use: NVIDIA GPU IN USE.
|                    Version 18.0.0
| 
|                      03/25/2018
| 
| Implementation by:
|                    Ross C. Walker     (SDSC)
|                    Scott Le Grand     (nVIDIA)
| 
| Version 18 performance extensions by:
|                    David Cerutti     (Rutgers)
| 
| Precision model in use:
|      [SPFP] - Single Precision Forces, 64-bit Fixed Point
|               Accumulation. (Default)
| 
|--------------------------------------------------------
 
|----------------- CITATION INFORMATION -----------------
|
|    When publishing work that utilized the CUDA version
|    of AMBER, please cite the following in addition to
|    the regular AMBER citations:
|
|  - Romelia Salomon-Ferrer; Andreas W. Goetz; Duncan
|    Poole; Scott Le Grand; Ross C. Walker "Routine
|    microsecond molecular dynamics simulations with
|    AMBER - Part II: Particle Mesh Ewald", J. Chem.
|    Theory Comput., 2013, 9 (9), pp3878-3888,
|    DOI: 10.1021/ct400314y.
|
|  - Andreas W. Goetz; Mark J. Williamson; Dong Xu;
|    Duncan Poole; Scott Le Grand; Ross C. Walker
|    "Routine microsecond molecular dynamics simulations
|    with AMBER - Part I: Generalized Born", J. Chem.
|    Theory Comput., 2012, 8 (5), pp1542-1555.
|
|  - Scott Le Grand; Andreas W. Goetz; Ross C. Walker
|    "SPFP: Speed without compromise - a mixed precision
|    model for GPU accelerated molecular dynamics
|    simulations.", Comp. Phys. Comm., 2013, 184
|    pp374-380, DOI: 10.1016/j.cpc.2012.09.022
|
|--------------------------------------------------------
 
|------------------- GPU DEVICE INFO --------------------
|
|            CUDA_VISIBLE_DEVICES: not set
|   CUDA Capable Devices Detected:      3
|           CUDA Device ID in use:      0
|                CUDA Device Name: Quadro RTX 4000
|     CUDA Device Global Mem Size:   7786 MB
| CUDA Device Num Multiprocessors:     36
|           CUDA Device Core Freq:   1.54 GHz
|
|--------------------------------------------------------
 
 
| Conditional Compilation Defines Used:
| PUBFFT
| BINTRAJ
| CUDA
| EMIL

| Largest sphere to fit in unit cell has radius =    36.299

| New format PARM file being parsed.
| Version =    1.000 Date = 07/08/26 Time = 13:31:08

| Note: 1-4 EEL scale factors are being read from the topology file.

| Note: 1-4 VDW scale factors are being read from the topology file.
| Duplicated    0 dihedrals

| Duplicated    0 dihedrals

--------------------------------------------------------------------------------
   1.  RESOURCE   USE: 
--------------------------------------------------------------------------------

 getting new box info from bottom of inpcrd
 NATOM  =   55680 NTYPES =      17 NBONH =   52593 MBONA  =    3117
 NTHETH =    7254 MTHETA =    4218 NPHIH =   14307 MPHIA  =   13569
 NHPARM =       0 NPARM  =       0 NNB   =  100505 NRES   =   16865
 NBONA  =    3117 NTHETA =    4218 NPHIA =   13569 NUMBND =      81
 NUMANG =     181 NPTRA  =     203 NATYP =      46 NPHB   =       0
 IFBOX  =       1 NMXRS  =      24 IFCAP =       0 NEXTRA =       0
 NCOPY  =       0

| Coordinate Index Table dimensions:    17   14   18
| Direct force subcell size =     5.1756    5.1855    5.0211

     BOX TYPE: RECTILINEAR

--------------------------------------------------------------------------------
   2.  CONTROL  DATA  FOR  THE  RUN
--------------------------------------------------------------------------------

default_name                                                                    

General flags:
     imin    =       0, nmropt  =       0

Nature and format of input:
     ntx     =       5, irest   =       1, ntrx    =       1

Nature and format of output:
     ntxo    =       1, ntpr    =    1000, ntrx    =       1, ntwr    =   10000
     iwrap   =       1, ntwx    =       0, ntwv    =       0, ntwe    =       0
     ioutfm  =       1, ntwprt  =       0, idecomp =       0, rbornstat=      0

Potential function:
     ntf     =       2, ntb     =       2, igb     =       0, nsnb    =      25
     ipol    =       0, gbsa    =       0, iesp    =       0
     dielc   =   1.00000, cut     =   9.00000, intdiel =   1.00000

Frozen or restrained atoms:
     ibelly  =       0, ntr     =       0

Molecular dynamics:
     nstlim  =     10000, nscm    =      1000, nrespa  =         1
     t       =   0.00000, dt      =   0.00200, vlimit  =  -1.00000

Langevin dynamics temperature regulation:
     ig      =  531984
     temp0   = 300.00000, tempi   =   0.00000, gamma_ln=   2.00000

Pressure regulation:
     ntp     =       1
     pres0   =   1.00000, comp    =  44.60000, taup    =   1.00000
     Monte-Carlo Barostat:
     mcbarint  =     100

SHAKE:
     ntc     =       2, jfastw  =       0
     tol     =   0.00001

| Intermolecular bonds treatment:
|     no_intermolecular_bonds =       1

| Energy averages sample interval:
|     ene_avg_sampling =    1000

Ewald parameters:
     verbose =       0, ew_type =       0, nbflag  =       1, use_pme =       1
     vdwmeth =       1, eedmeth =       1, netfrc  =       1
     Box X =   87.986   Box Y =   72.597   Box Z =   90.379
     Alpha =   90.000   Beta  =   90.000   Gamma =   90.000
     NFFT1 =   96       NFFT2 =   80       NFFT3 =   96
     Cutoff=    9.000   Tol   =0.100E-04
     Ewald Coefficient =  0.30768
     Interpolation order =    4
| MONTE CARLO BAROSTAT IMPORTANT NOTE:
|   The Monte-Carlo barostat does not require the virial to adjust the system volume.
|   Since it is an expensive calculation, it is skipped for efficiency. A side-effect
|   is that the reported pressure is always 0 because it is not calculated.

--------------------------------------------------------------------------------
   3.  ATOMIC COORDINATES AND VELOCITIES
--------------------------------------------------------------------------------

default_name                                                                    
 begin time read from input coords =    80.000 ps

 
 Number of triangulated 3-point waters found:    16472

     Sum of charges from parm topology file =  -0.00000013
     Forcing neutrality...

| Dynamic Memory, Types Used:
| Reals             2279173
| Integers          2341093

| Nonbonded Pairs Initial Allocation:    12695040

| GPU memory information (estimate):
| KB of GPU memory in use:    342493
| KB of CPU memory in use:     90781

--------------------------------------------------------------------------------
   4.  RESULTS
--------------------------------------------------------------------------------


 NSTEP =     1000   TIME(PS) =      82.000  TEMP(K) =   298.04  PRESS =     0.0
 Etot   =   -134911.0515  EKtot   =     33891.1445  EPtot      =   -168802.1961
 BOND   =      1149.7955  ANGLE   =      3301.3569  DIHED      =      5037.5776
 1-4 NB =      1408.3734  1-4 EEL =     15042.8569  VDWAALS    =     19551.0068
 EELEC  =   -214293.1633  EHBOND  =         0.0000  RESTRAINT  =         0.0000
 EKCMT  =         0.0000  VIRIAL  =         0.0000  VOLUME     =    572704.4529
                                                    Density    =         0.9890
 ------------------------------------------------------------------------------


 NSTEP =     2000   TIME(PS) =      84.000  TEMP(K) =   300.05  PRESS =     0.0
 Etot   =   -134631.0368  EKtot   =     34120.3047  EPtot      =   -168751.3415
 BOND   =      1179.0319  ANGLE   =      3437.0455  DIHED      =      5034.7431
 1-4 NB =      1383.5814  1-4 EEL =     15043.8912  VDWAALS    =     19500.0772
 EELEC  =   -214329.7118  EHBOND  =         0.0000  RESTRAINT  =         0.0000
 EKCMT  =         0.0000  VIRIAL  =         0.0000  VOLUME     =    568930.6360
                                                    Density    =         0.9956
 ------------------------------------------------------------------------------


 NSTEP =     3000   TIME(PS) =      86.000  TEMP(K) =   299.75  PRESS =     0.0
 Etot   =   -135197.1261  EKtot   =     34086.0117  EPtot      =   -169283.1378
 BOND   =      1164.3694  ANGLE   =      3320.6497  DIHED      =      4994.8303
 1-4 NB =      1391.2805  1-4 EEL =     15137.9272  VDWAALS    =     19839.9643
 EELEC  =   -215132.1594  EHBOND  =         0.0000  RESTRAINT  =         0.0000
 EKCMT  =         0.0000  VIRIAL  =         0.0000  VOLUME     =    563392.9282
                                                    Density    =         1.0054
 ------------------------------------------------------------------------------


 NSTEP =     4000   TIME(PS) =      88.000  TEMP(K) =   300.67  PRESS =     0.0
 Etot   =   -135344.0379  EKtot   =     34190.0195  EPtot      =   -169534.0575
 BOND   =      1175.8422  ANGLE   =      3351.1061  DIHED      =      5049.4844
 1-4 NB =      1397.2301  1-4 EEL =     15046.0526  VDWAALS    =     19681.1096
 EELEC  =   -215234.8825  EHBOND  =         0.0000  RESTRAINT  =         0.0000
 EKCMT  =         0.0000  VIRIAL  =         0.0000  VOLUME     =    561054.0963
                                                    Density    =         1.0096
 ------------------------------------------------------------------------------


 NSTEP =     5000   TIME(PS) =      90.000  TEMP(K) =   301.44  PRESS =     0.0
 Etot   =   -135361.4136  EKtot   =     34277.4141  EPtot      =   -169638.8277
 BOND   =      1197.9328  ANGLE   =      3349.1874  DIHED      =      5006.0904
 1-4 NB =      1382.3383  1-4 EEL =     15031.7721  VDWAALS    =     19667.5285
 EELEC  =   -215273.6772  EHBOND  =         0.0000  RESTRAINT  =         0.0000
 EKCMT  =         0.0000  VIRIAL  =         0.0000  VOLUME     =    559324.3804
                                                    Density    =         1.0127
 ------------------------------------------------------------------------------


 NSTEP =     6000   TIME(PS) =      92.000  TEMP(K) =   298.49  PRESS =     0.0
 Etot   =   -135750.2195  EKtot   =     33942.0352  EPtot      =   -169692.2547
 BOND   =      1254.2436  ANGLE   =      3368.1948  DIHED      =      5008.6602
 1-4 NB =      1375.6846  1-4 EEL =     14974.8170  VDWAALS    =     19754.8593
 EELEC  =   -215428.7142  EHBOND  =         0.0000  RESTRAINT  =         0.0000
 EKCMT  =         0.0000  VIRIAL  =         0.0000  VOLUME     =    559513.0700
                                                    Density    =         1.0124
 ------------------------------------------------------------------------------

| MC Barostat: Decreasing size of volume moves

 NSTEP =     7000   TIME(PS) =      94.000  TEMP(K) =   299.51  PRESS =     0.0
 Etot   =   -135702.3210  EKtot   =     34058.5625  EPtot      =   -169760.8835
 BOND   =      1154.9809  ANGLE   =      3347.6250  DIHED      =      5000.8926
 1-4 NB =      1394.6309  1-4 EEL =     14977.2658  VDWAALS    =     19719.0603
 EELEC  =   -215355.3390  EHBOND  =         0.0000  RESTRAINT  =         0.0000
 EKCMT  =         0.0000  VIRIAL  =         0.0000  VOLUME     =    559513.0700
                                                    Density    =         1.0124
 ------------------------------------------------------------------------------

| MC Barostat: Decreasing size of volume moves

 NSTEP =     8000   TIME(PS) =      96.000  TEMP(K) =   299.70  PRESS =     0.0
 Etot   =   -135404.2457  EKtot   =     34079.9258  EPtot      =   -169484.1715
 BOND   =      1237.2806  ANGLE   =      3296.1917  DIHED      =      4957.9627
 1-4 NB =      1363.6989  1-4 EEL =     15080.0929  VDWAALS    =     19528.4351
 EELEC  =   -214947.8334  EHBOND  =         0.0000  RESTRAINT  =         0.0000
 EKCMT  =         0.0000  VIRIAL  =         0.0000  VOLUME     =    558205.0078
                                                    Density    =         1.0147
 ------------------------------------------------------------------------------

| MC Barostat: Decreasing size of volume moves

 NSTEP =     9000   TIME(PS) =      98.000  TEMP(K) =   301.79  PRESS =     0.0
 Etot   =   -135794.7844  EKtot   =     34318.3125  EPtot      =   -170113.0969
 BOND   =      1134.7628  ANGLE   =      3259.7390  DIHED      =      4989.7383
 1-4 NB =      1408.5197  1-4 EEL =     15111.5391  VDWAALS    =     19869.3633
 EELEC  =   -215886.7591  EHBOND  =         0.0000  RESTRAINT  =         0.0000
 EKCMT  =         0.0000  VIRIAL  =         0.0000  VOLUME     =    558171.6938
                                                    Density    =         1.0148
 ------------------------------------------------------------------------------


 NSTEP =    10000   TIME(PS) =     100.000  TEMP(K) =   298.97  PRESS =     0.0
 Etot   =   -135485.7135  EKtot   =     33996.7734  EPtot      =   -169482.4870
 BOND   =      1160.3523  ANGLE   =      3390.8067  DIHED      =      5006.3721
 1-4 NB =      1379.9736  1-4 EEL =     15040.7665  VDWAALS    =     20123.8986
 EELEC  =   -215584.6568  EHBOND  =         0.0000  RESTRAINT  =         0.0000
 EKCMT  =         0.0000  VIRIAL  =         0.0000  VOLUME     =    556358.7695
                                                    Density    =         1.0181
 ------------------------------------------------------------------------------


      A V E R A G E S   O V E R      10 S T E P S


 NSTEP =    10000   TIME(PS) =     100.000  TEMP(K) =   299.84  PRESS =     0.0
 Etot   =   -135358.1950  EKtot   =     34096.0504  EPtot      =   -169454.2454
 BOND   =      1180.8592  ANGLE   =      3342.1903  DIHED      =      5008.6352
 1-4 NB =      1388.5312  1-4 EEL =     15048.6981  VDWAALS    =     19723.5303
 EELEC  =   -215146.6897  EHBOND  =         0.0000  RESTRAINT  =         0.0000
 EKCMT  =         0.0000  VIRIAL  =         0.0000  VOLUME     =    561716.8105
                                                    Density    =         1.0085
 ------------------------------------------------------------------------------


      R M S  F L U C T U A T I O N S


 NSTEP =    10000   TIME(PS) =     100.000  TEMP(K) =     1.14  PRESS =     0.0
 Etot   =       351.5605  EKtot   =       130.0157  EPtot      =       396.9149
 BOND   =        36.5248  ANGLE   =        48.2087  DIHED      =        25.2485
 1-4 NB =        13.5331  1-4 EEL =        48.8580  VDWAALS    =       178.5536
 EELEC  =       481.8931  EHBOND  =         0.0000  RESTRAINT  =         0.0000
 EKCMT  =         0.0000  VIRIAL  =         0.0000  VOLUME     =      4950.3738
                                                    Density    =         0.0088
 ------------------------------------------------------------------------------

| MC Barostat:        100 volume changes attempted.
| MC Barostat:         22 changes successful ( 22.00%)
 ------------------------------------------------------------------------------

--------------------------------------------------------------------------------
   5.  TIMINGS
--------------------------------------------------------------------------------

|  NonSetup CPU Time in Major Routines:
|
|     Routine           Sec        %
|     ------------------------------
|     Nonbond           1.16    9.24
|     Bond              0.00    0.00
|     Angle             0.00    0.00
|     Dihedral          0.00    0.00
|     Shake             0.04    0.33
|     RunMD            11.19   89.06
|     Other             0.17    1.37
|     ------------------------------
|     Total            12.56

|  PME Nonbond Pairlist CPU Time:
|
|     Routine              Sec        %
|     ---------------------------------
|     Set Up Cit           0.00    0.00
|     Build List           0.00    0.00
|     ---------------------------------
|     Total                0.00    0.00

|  PME Direct Force CPU Time:
|
|     Routine              Sec        %
|     ---------------------------------
|     NonBonded Calc       0.00    0.00
|     Exclude Masked       0.00    0.00
|     Other                0.01    0.06
|     ---------------------------------
|     Total                0.01    0.06

|  PME Reciprocal Force CPU Time:
|
|     Routine              Sec        %
|     ---------------------------------
|     1D bspline           0.00    0.00
|     Grid Charges         0.00    0.00
|     Scalar Sum           0.00    0.00
|     Gradient Sum         0.00    0.00
|     FFT                  0.00    0.00
|     ---------------------------------
|     Total                0.00    0.00

|  Final Performance Info:
|     -----------------------------------------------------
|     Average timings for last    9000 steps:
|     Elapsed(s) =      11.35 Per Step(ms) =       1.26
|         ns/day =     137.02   seconds/ns =     630.54
|
|     Average timings for all steps:
|     Elapsed(s) =      12.59 Per Step(ms) =       1.26
|         ns/day =     137.25   seconds/ns =     629.50
|     -----------------------------------------------------

|  Setup CPU time:            0.92 seconds
|  NonSetup CPU time:        12.56 seconds
|  Total CPU time:           13.48 seconds     0.00 hours

|  Setup wall time:           1    seconds
|  NonSetup wall time:       13    seconds
|  Total wall time:          14    seconds     0.00 hours
